{"/Users/yuxi/SynexIM-Project/NextProxy/Panel/apps/api/src/app.module.ts": {"path":"/Users/yuxi/SynexIM-Project/NextProxy/Panel/apps/api/src/app.module.ts","statementMap":{"0":{"start":{"line":1,"column":0},"end":{"line":1,"column":40}},"1":{"start":{"line":2,"column":0},"end":{"line":2,"column":61}},"2":{"start":{"line":3,"column":0},"end":{"line":3,"column":58}},"3":{"start":{"line":4,"column":0},"end":{"line":4,"column":68}},"4":{"start":{"line":5,"column":0},"end":{"line":5,"column":43}},"5":{"start":{"line":6,"column":0},"end":{"line":6,"column":54}},"6":{"start":{"line":7,"column":0},"end":{"line":7,"column":51}},"7":{"start":{"line":8,"column":0},"end":{"line":8,"column":54}},"8":{"start":{"line":9,"column":0},"end":{"line":9,"column":48}},"9":{"start":{"line":10,"column":0},"end":{"line":10,"column":56}},"10":{"start":{"line":11,"column":0},"end":{"line":11,"column":62}},"11":{"start":{"line":12,"column":0},"end":{"line":12,"column":56}},"12":{"start":{"line":13,"column":0},"end":{"line":13,"column":73}},"13":{"start":{"line":14,"column":0},"end":{"line":14,"column":65}},"14":{"start":{"line":15,"column":0},"end":{"line":15,"column":68}},"15":{"start":{"line":16,"column":0},"end":{"line":16,"column":65}},"16":{"start":{"line":17,"column":0},"end":{"line":17,"column":68}},"17":{"start":{"line":18,"column":0},"end":{"line":18,"column":73}},"18":{"start":{"line":19,"column":0},"end":{"line":19,"column":82}},"19":{"start":{"line":20,"column":0},"end":{"line":20,"column":62}},"20":{"start":{"line":21,"column":0},"end":{"line":21,"column":59}},"21":{"start":{"line":22,"column":0},"end":{"line":22,"column":59}},"22":{"start":{"line":23,"column":0},"end":{"line":23,"column":80}},"23":{"start":{"line":24,"column":0},"end":{"line":24,"column":70}},"24":{"start":{"line":25,"column":0},"end":{"line":25,"column":62}},"25":{"start":{"line":26,"column":0},"end":{"line":26,"column":70}},"26":{"start":{"line":27,"column":0},"end":{"line":27,"column":79}},"27":{"start":{"line":28,"column":0},"end":{"line":28,"column":53}},"28":{"start":{"line":29,"column":0},"end":{"line":29,"column":55}},"29":{"start":{"line":30,"column":0},"end":{"line":30,"column":85}},"30":{"start":{"line":31,"column":0},"end":{"line":31,"column":65}},"31":{"start":{"line":32,"column":0},"end":{"line":32,"column":60}},"32":{"start":{"line":33,"column":0},"end":{"line":33,"column":67}},"33":{"start":{"line":112,"column":7},"end":{"line":112,"column":null}},"34":{"start":{"line":112,"column":13},"end":{"line":112,"column":22}},"35":{"start":{"line":112,"column":13},"end":{"line":112,"column":null}},"36":{"start":{"line":46,"column":53},"end":{"line":54,"column":8}}},"fnMap":{"0":{"name":"(anonymous_1)","decl":{"start":{"line":46,"column":18},"end":{"line":46,"column":19}},"loc":{"start":{"line":46,"column":53},"end":{"line":54,"column":8}}}},"branchMap":{"0":{"loc":{"start":{"line":49,"column":21},"end":{"line":51,"column":23}},"type":"cond-expr","locations":[{"start":{"line":50,"column":14},"end":{"line":50,"column":86}},{"start":{"line":51,"column":14},"end":{"line":51,"column":23}}]}},"s":{"0":0,"1":0,"2":0,"3":0,"4":0,"5":0,"6":0,"7":0,"8":0,"9":0,"10":0,"11":0,"12":0,"13":0,"14":0,"15":0,"16":0,"17":0,"18":0,"19":0,"20":0,"21":0,"22":0,"23":0,"24":0,"25":0,"26":0,"27":0,"28":0,"29":0,"30":0,"31":0,"32":0,"33":0,"34":0,"35":0,"36":0},"f":{"0":0},"b":{"0":[0,0]}}
,"/Users/yuxi/SynexIM-Project/NextProxy/Panel/apps/api/src/main.ts": {"path":"/Users/yuxi/SynexIM-Project/NextProxy/Panel/apps/api/src/main.ts","statementMap":{"0":{"start":{"line":1,"column":0},"end":{"line":1,"column":26}},"1":{"start":{"line":2,"column":0},"end":{"line":2,"column":43}},"2":{"start":{"line":3,"column":0},"end":{"line":3,"column":48}},"3":{"start":{"line":4,"column":0},"end":{"line":4,"column":65}},"4":{"start":{"line":5,"column":0},"end":{"line":5,"column":37}},"5":{"start":{"line":6,"column":0},"end":{"line":6,"column":41}},"6":{"start":{"line":9,"column":1},"end":{"line":11,"column":2}},"7":{"start":{"line":10,"column":2},"end":{"line":10,"column":25}},"8":{"start":{"line":14,"column":14},"end":{"line":14,"column":71}},"9":{"start":{"line":17,"column":17},"end":{"line":17,"column":32}},"10":{"start":{"line":18,"column":2},"end":{"line":18,"column":24}},"11":{"start":{"line":21,"column":2},"end":{"line":21,"column":58}},"12":{"start":{"line":24,"column":2},"end":{"line":27,"column":5}},"13":{"start":{"line":30,"column":2},"end":{"line":36,"column":4}},"14":{"start":{"line":39,"column":2},"end":{"line":49,"column":3}},"15":{"start":{"line":40,"column":19},"end":{"line":46,"column":14}},"16":{"start":{"line":47,"column":21},"end":{"line":47,"column":62}},"17":{"start":{"line":48,"column":4},"end":{"line":48,"column":47}},"18":{"start":{"line":51,"column":15},"end":{"line":51,"column":43}},"19":{"start":{"line":52,"column":2},"end":{"line":52,"column":25}},"20":{"start":{"line":53,"column":2},"end":{"line":53,"column":62}},"21":{"start":{"line":56,"column":0},"end":{"line":56,"column":12}}},"fnMap":{"0":{"name":"(anonymous_0)","decl":{"start":{"line":9,"column":35},"end":{"line":9,"column":null}},"loc":{"start":{"line":9,"column":35},"end":{"line":11,"column":1}}},"1":{"name":"bootstrap","decl":{"start":{"line":13,"column":15},"end":{"line":13,"column":24}},"loc":{"start":{"line":13,"column":24},"end":{"line":54,"column":1}}}},"branchMap":{"0":{"loc":{"start":{"line":21,"column":22},"end":{"line":21,"column":56}},"type":"binary-expr","locations":[{"start":{"line":21,"column":22},"end":{"line":21,"column":44}},{"start":{"line":21,"column":48},"end":{"line":21,"column":56}}]},"1":{"loc":{"start":{"line":25,"column":12},"end":{"line":25,"column":42}},"type":"binary-expr","locations":[{"start":{"line":25,"column":12},"end":{"line":25,"column":35}},{"start":{"line":25,"column":39},"end":{"line":25,"column":42}}]},"2":{"loc":{"start":{"line":39,"column":2},"end":{"line":49,"column":3}},"type":"if","locations":[{"start":{"line":39,"column":2},"end":{"line":49,"column":3}}]},"3":{"loc":{"start":{"line":51,"column":15},"end":{"line":51,"column":43}},"type":"binary-expr","locations":[{"start":{"line":51,"column":15},"end":{"line":51,"column":35}},{"start":{"line":51,"column":39},"end":{"line":51,"column":43}}]}},"s":{"0":0,"1":0,"2":0,"3":0,"4":0,"5":0,"6":0,"7":0,"8":0,"9":0,"10":0,"11":0,"12":0,"13":0,"14":0,"15":0,"16":0,"17":0,"18":0,"19":0,"20":0,"21":0},"f":{"0":0,"1":0},"b":{"0":[0,0],"1":[0,0],"2":[0],"3":[0,0]}}
,"/Users/yuxi/SynexIM-Project/NextProxy/Panel/apps/api/src/common/alert/alert.module.ts": {"path":"/Users/yuxi/SynexIM-Project/NextProxy/Panel/apps/api/src/common/alert/alert.module.ts","statementMap":{"0":{"start":{"line":1,"column":0},"end":{"line":1,"column":48}},"1":{"start":{"line":2,"column":0},"end":{"line":2,"column":47}},"2":{"start":{"line":9,"column":7},"end":{"line":9,"column":null}},"3":{"start":{"line":9,"column":13},"end":{"line":9,"column":24}},"4":{"start":{"line":9,"column":13},"end":{"line":9,"column":null}}},"fnMap":{},"branchMap":{},"s":{"0":0,"1":0,"2":0,"3":0,"4":0},"f":{},"b":{}}
,"/Users/yuxi/SynexIM-Project/NextProxy/Panel/apps/api/src/common/alert/alert.service.ts": {"path":"/Users/yuxi/SynexIM-Project/NextProxy/Panel/apps/api/src/common/alert/alert.service.ts","statementMap":{"0":{"start":{"line":1,"column":0},"end":{"line":1,"column":44}},"1":{"start":{"line":2,"column":0},"end":{"line":2,"column":59}},"2":{"start":{"line":3,"column":0},"end":{"line":3,"column":47}},"3":{"start":{"line":4,"column":0},"end":{"line":4,"column":60}},"4":{"start":{"line":29,"column":7},"end":{"line":119,"column":null}},"5":{"start":{"line":34,"column":21},"end":{"line":34,"column":29}},"6":{"start":{"line":35,"column":21},"end":{"line":35,"column":36}},"7":{"start":{"line":36,"column":21},"end":{"line":36,"column":29}},"8":{"start":{"line":38,"column":4},"end":{"line":38,"column":74}},"9":{"start":{"line":45,"column":17},"end":{"line":48,"column":6}},"10":{"start":{"line":50,"column":32},"end":{"line":63,"column":6}},"11":{"start":{"line":65,"column":4},"end":{"line":65,"column":36}},"12":{"start":{"line":72,"column":32},"end":{"line":83,"column":6}},"13":{"start":{"line":85,"column":4},"end":{"line":85,"column":36}},"14":{"start":{"line":92,"column":4},"end":{"line":92,"column":57}},"15":{"start":{"line":95,"column":4},"end":{"line":106,"column":5}},"16":{"start":{"line":96,"column":6},"end":{"line":105,"column":7}},"17":{"start":{"line":97,"column":8},"end":{"line":101,"column":11}},"18":{"start":{"line":102,"column":8},"end":{"line":102,"column":66}},"19":{"start":{"line":104,"column":8},"end":{"line":104,"column":70}},"20":{"start":{"line":109,"column":4},"end":{"line":117,"column":5}},"21":{"start":{"line":110,"column":6},"end":{"line":114,"column":8}},"22":{"start":{"line":116,"column":6},"end":{"line":116,"column":69}},"23":{"start":{"line":29,"column":13},"end":{"line":29,"column":25}},"24":{"start":{"line":29,"column":13},"end":{"line":119,"column":null}}},"fnMap":{"0":{"name":"(anonymous_4)","decl":{"start":{"line":32,"column":2},"end":{"line":32,"column":null}},"loc":{"start":{"line":36,"column":42},"end":{"line":39,"column":3}}},"1":{"name":"(anonymous_5)","decl":{"start":{"line":44,"column":2},"end":{"line":44,"column":7}},"loc":{"start":{"line":44,"column":53},"end":{"line":66,"column":3}}},"2":{"name":"(anonymous_6)","decl":{"start":{"line":71,"column":2},"end":{"line":71,"column":7}},"loc":{"start":{"line":71,"column":51},"end":{"line":86,"column":3}}},"3":{"name":"(anonymous_7)","decl":{"start":{"line":91,"column":10},"end":{"line":91,"column":15}},"loc":{"start":{"line":91,"column":49},"end":{"line":118,"column":3}}}},"branchMap":{"0":{"loc":{"start":{"line":53,"column":42},"end":{"line":53,"column":67}},"type":"binary-expr","locations":[{"start":{"line":53,"column":42},"end":{"line":53,"column":52}},{"start":{"line":53,"column":56},"end":{"line":53,"column":67}}]},"1":{"loc":{"start":{"line":54,"column":15},"end":{"line":54,"column":76}},"type":"binary-expr","locations":[{"start":{"line":54,"column":15},"end":{"line":54,"column":32}},{"start":{"line":54,"column":36},"end":{"line":54,"column":76}}]},"2":{"loc":{"start":{"line":95,"column":4},"end":{"line":106,"column":5}},"type":"if","locations":[{"start":{"line":95,"column":4},"end":{"line":106,"column":5}}]}},"s":{"0":0,"1":0,"2":0,"3":0,"4":0,"5":0,"6":0,"7":0,"8":0,"9":0,"10":0,"11":0,"12":0,"13":0,"14":0,"15":0,"16":0,"17":0,"18":0,"19":0,"20":0,"21":0,"22":0,"23":0,"24":0},"f":{"0":0,"1":0,"2":0,"3":0},"b":{"0":[0,0],"1":[0,0],"2":[0]}}
,"/Users/yuxi/SynexIM-Project/NextProxy/Panel/apps/api/src/common/config/config.validation.ts": {"path":"/Users/yuxi/SynexIM-Project/NextProxy/Panel/apps/api/src/common/config/config.validation.ts","statementMap":{"0":{"start":{"line":59,"column":0},"end":{"line":59,"column":16}},"1":{"start":{"line":1,"column":0},"end":{"line":1,"column":52}},"2":{"start":{"line":2,"column":0},"end":{"line":2,"column":112}},"3":{"start":{"line":27,"column":2},"end":{"line":27,"column":33}},"4":{"start":{"line":34,"column":2},"end":{"line":34,"column":27}},"5":{"start":{"line":38,"column":2},"end":{"line":38,"column":33}},"6":{"start":{"line":48,"column":2},"end":{"line":48,"column":30}},"7":{"start":{"line":52,"column":2},"end":{"line":52,"column":36}},"8":{"start":{"line":8,"column":0},"end":{"line":8,"column":13}},"9":{"start":{"line":12,"column":2},"end":{"line":12,"column":null}},"10":{"start":{"line":17,"column":2},"end":{"line":17,"column":null}},"11":{"start":{"line":23,"column":2},"end":{"line":23,"column":null}},"12":{"start":{"line":27,"column":2},"end":{"line":27,"column":null}},"13":{"start":{"line":34,"column":2},"end":{"line":34,"column":null}},"14":{"start":{"line":38,"column":2},"end":{"line":38,"column":null}},"15":{"start":{"line":43,"column":2},"end":{"line":43,"column":null}},"16":{"start":{"line":48,"column":2},"end":{"line":48,"column":null}},"17":{"start":{"line":52,"column":2},"end":{"line":52,"column":null}},"18":{"start":{"line":60,"column":26},"end":{"line":62,"column":4}},"19":{"start":{"line":64,"column":17},"end":{"line":66,"column":4}},"20":{"start":{"line":68,"column":2},"end":{"line":73,"column":3}},"21":{"start":{"line":69,"column":26},"end":{"line":71,"column":17}},"22":{"start":{"line":70,"column":20},"end":{"line":70,"column":67}},"23":{"start":{"line":72,"column":4},"end":{"line":72,"column":74}},"24":{"start":{"line":76,"column":2},"end":{"line":78,"column":3}},"25":{"start":{"line":77,"column":4},"end":{"line":77,"column":86}},"26":{"start":{"line":80,"column":2},"end":{"line":82,"column":3}},"27":{"start":{"line":81,"column":4},"end":{"line":81,"column":82}},"28":{"start":{"line":84,"column":2},"end":{"line":84,"column":25}}},"fnMap":{"0":{"name":"(anonymous_2)","decl":{"start":{"line":8,"column":0},"end":{"line":8,"column":13}},"loc":{"start":{"line":8,"column":0},"end":{"line":53,"column":1}}},"1":{"name":"validateConfig","decl":{"start":{"line":59,"column":16},"end":{"line":59,"column":30}},"loc":{"start":{"line":59,"column":62},"end":{"line":85,"column":1}}},"2":{"name":"(anonymous_4)","decl":{"start":{"line":70,"column":11},"end":{"line":70,"column":12}},"loc":{"start":{"line":70,"column":20},"end":{"line":70,"column":67}}}},"branchMap":{"0":{"loc":{"start":{"line":68,"column":2},"end":{"line":73,"column":3}},"type":"if","locations":[{"start":{"line":68,"column":2},"end":{"line":73,"column":3}}]},"1":{"loc":{"start":{"line":70,"column":34},"end":{"line":70,"column":55}},"type":"binary-expr","locations":[{"start":{"line":70,"column":34},"end":{"line":70,"column":49}},{"start":{"line":70,"column":53},"end":{"line":70,"column":55}}]},"2":{"loc":{"start":{"line":76,"column":2},"end":{"line":78,"column":3}},"type":"if","locations":[{"start":{"line":76,"column":2},"end":{"line":78,"column":3}}]},"3":{"loc":{"start":{"line":80,"column":2},"end":{"line":82,"column":3}},"type":"if","locations":[{"start":{"line":80,"column":2},"end":{"line":82,"column":3}}]}},"s":{"0":0,"1":0,"2":0,"3":0,"4":0,"5":0,"6":0,"7":0,"8":0,"9":0,"10":0,"11":0,"12":0,"13":0,"14":0,"15":0,"16":0,"17":0,"18":0,"19":0,"20":0,"21":0,"22":0,"23":0,"24":0,"25":0,"26":0,"27":0,"28":0},"f":{"0":0,"1":0,"2":0},"b":{"0":[0],"1":[0,0],"2":[0],"3":[0]}}
,"/Users/yuxi/SynexIM-Project/NextProxy/Panel/apps/api/src/common/interceptors/audit-log.interceptor.ts": {"path":"/Users/yuxi/SynexIM-Project/NextProxy/Panel/apps/api/src/common/interceptors/audit-log.interceptor.ts","statementMap":{"0":{"start":{"line":1,"column":0},"end":{"line":1,"column":92}},"1":{"start":{"line":3,"column":0},"end":{"line":3,"column":37}},"2":{"start":{"line":4,"column":0},"end":{"line":4,"column":59}},"3":{"start":{"line":5,"column":0},"end":{"line":5,"column":60}},"4":{"start":{"line":14,"column":7},"end":{"line":98,"column":null}},"5":{"start":{"line":17,"column":21},"end":{"line":17,"column":29}},"6":{"start":{"line":18,"column":12},"end":{"line":18,"column":20}},"7":{"start":{"line":22,"column":20},"end":{"line":22,"column":55}},"8":{"start":{"line":23,"column":19},"end":{"line":23,"column":33}},"9":{"start":{"line":26,"column":4},"end":{"line":28,"column":5}},"10":{"start":{"line":27,"column":6},"end":{"line":27,"column":27}},"11":{"start":{"line":31,"column":17},"end":{"line":31,"column":51}},"12":{"start":{"line":32,"column":4},"end":{"line":34,"column":5}},"13":{"start":{"line":33,"column":6},"end":{"line":33,"column":27}},"14":{"start":{"line":36,"column":17},"end":{"line":36,"column":54}},"15":{"start":{"line":37,"column":4},"end":{"line":39,"column":5}},"16":{"start":{"line":38,"column":6},"end":{"line":38,"column":27}},"17":{"start":{"line":41,"column":19},"end":{"line":41,"column":41}},"18":{"start":{"line":42,"column":41},"end":{"line":42,"column":81}},"19":{"start":{"line":43,"column":15},"end":{"line":43,"column":81}},"20":{"start":{"line":44,"column":22},"end":{"line":44,"column":57}},"21":{"start":{"line":45,"column":23},"end":{"line":45,"column":35}},"22":{"start":{"line":47,"column":4},"end":{"line":70,"column":6}},"23":{"start":{"line":49,"column":8},"end":{"line":68,"column":9}},"24":{"start":{"line":50,"column":10},"end":{"line":65,"column":13}},"25":{"start":{"line":67,"column":10},"end":{"line":67,"column":74}},"26":{"start":{"line":74,"column":4},"end":{"line":80,"column":5}},"27":{"start":{"line":75,"column":19},"end":{"line":75,"column":35}},"28":{"start":{"line":77,"column":20},"end":{"line":77,"column":36}},"29":{"start":{"line":78,"column":21},"end":{"line":78,"column":37}},"30":{"start":{"line":79,"column":15},"end":{"line":79,"column":43}},"31":{"start":{"line":85,"column":21},"end":{"line":85,"column":52}},"32":{"start":{"line":86,"column":23},"end":{"line":86,"column":32}},"33":{"start":{"line":88,"column":4},"end":{"line":93,"column":5}},"34":{"start":{"line":89,"column":6},"end":{"line":92,"column":7}},"35":{"start":{"line":90,"column":8},"end":{"line":90,"column":50}},"36":{"start":{"line":91,"column":8},"end":{"line":91,"column":14}},"37":{"start":{"line":95,"column":23},"end":{"line":95,"column":79}},"38":{"start":{"line":96,"column":4},"end":{"line":96,"column":40}},"39":{"start":{"line":14,"column":13},"end":{"line":14,"column":32}},"40":{"start":{"line":14,"column":13},"end":{"line":98,"column":null}}},"fnMap":{"0":{"name":"(anonymous_4)","decl":{"start":{"line":15,"column":2},"end":{"line":15,"column":null}},"loc":{"start":{"line":18,"column":33},"end":{"line":19,"column":6}}},"1":{"name":"(anonymous_5)","decl":{"start":{"line":21,"column":2},"end":{"line":21,"column":11}},"loc":{"start":{"line":21,"column":56},"end":{"line":71,"column":3}}},"2":{"name":"(anonymous_6)","decl":{"start":{"line":48,"column":10},"end":{"line":48,"column":15}},"loc":{"start":{"line":48,"column":29},"end":{"line":69,"column":7}}},"3":{"name":"(anonymous_7)","decl":{"start":{"line":73,"column":10},"end":{"line":73,"column":19}},"loc":{"start":{"line":73,"column":34},"end":{"line":81,"column":3}}},"4":{"name":"(anonymous_8)","decl":{"start":{"line":83,"column":10},"end":{"line":83,"column":23}},"loc":{"start":{"line":83,"column":68},"end":{"line":97,"column":3}}}},"branchMap":{"0":{"loc":{"start":{"line":26,"column":4},"end":{"line":28,"column":5}},"type":"if","locations":[{"start":{"line":26,"column":4},"end":{"line":28,"column":5}}]},"1":{"loc":{"start":{"line":31,"column":17},"end":{"line":31,"column":51}},"type":"binary-expr","locations":[{"start":{"line":31,"column":17},"end":{"line":31,"column":36}},{"start":{"line":31,"column":40},"end":{"line":31,"column":51}}]},"2":{"loc":{"start":{"line":32,"column":4},"end":{"line":34,"column":5}},"type":"if","locations":[{"start":{"line":32,"column":4},"end":{"line":34,"column":5}}]},"3":{"loc":{"start":{"line":37,"column":4},"end":{"line":39,"column":5}},"type":"if","locations":[{"start":{"line":37,"column":4},"end":{"line":39,"column":5}}]},"4":{"loc":{"start":{"line":43,"column":15},"end":{"line":43,"column":81}},"type":"binary-expr","locations":[{"start":{"line":43,"column":15},"end":{"line":43,"column":25}},{"start":{"line":43,"column":29},"end":{"line":43,"column":75}},{"start":{"line":43,"column":79},"end":{"line":43,"column":81}}]},"5":{"loc":{"start":{"line":44,"column":22},"end":{"line":44,"column":57}},"type":"binary-expr","locations":[{"start":{"line":44,"column":22},"end":{"line":44,"column":51}},{"start":{"line":44,"column":55},"end":{"line":44,"column":57}}]},"6":{"loc":{"start":{"line":53,"column":22},"end":{"line":53,"column":41}},"type":"binary-expr","locations":[{"start":{"line":53,"column":22},"end":{"line":53,"column":33}},{"start":{"line":53,"column":37},"end":{"line":53,"column":41}}]},"7":{"loc":{"start":{"line":54,"column":24},"end":{"line":54,"column":45}},"type":"binary-expr","locations":[{"start":{"line":54,"column":24},"end":{"line":54,"column":37}},{"start":{"line":54,"column":41},"end":{"line":54,"column":45}}]},"8":{"loc":{"start":{"line":57,"column":26},"end":{"line":57,"column":81}},"type":"binary-expr","locations":[{"start":{"line":57,"column":26},"end":{"line":57,"column":36}},{"start":{"line":57,"column":41},"end":{"line":57,"column":73}},{"start":{"line":57,"column":77},"end":{"line":57,"column":81}}]},"9":{"loc":{"start":{"line":59,"column":24},"end":{"line":59,"column":61}},"type":"cond-expr","locations":[{"start":{"line":59,"column":44},"end":{"line":59,"column":48}},{"start":{"line":59,"column":51},"end":{"line":59,"column":61}}]},"10":{"loc":{"start":{"line":60,"column":23},"end":{"line":60,"column":49}},"type":"binary-expr","locations":[{"start":{"line":60,"column":23},"end":{"line":60,"column":41}},{"start":{"line":60,"column":45},"end":{"line":60,"column":49}}]},"11":{"loc":{"start":{"line":74,"column":4},"end":{"line":80,"column":5}},"type":"switch","locations":[{"start":{"line":75,"column":6},"end":{"line":75,"column":35}},{"start":{"line":76,"column":6},"end":{"line":76,"column":17}},{"start":{"line":77,"column":6},"end":{"line":77,"column":36}},{"start":{"line":78,"column":6},"end":{"line":78,"column":37}},{"start":{"line":79,"column":6},"end":{"line":79,"column":43}}]},"12":{"loc":{"start":{"line":89,"column":6},"end":{"line":92,"column":7}},"type":"if","locations":[{"start":{"line":89,"column":6},"end":{"line":92,"column":7}}]},"13":{"loc":{"start":{"line":89,"column":10},"end":{"line":89,"column":79}},"type":"binary-expr","locations":[{"start":{"line":89,"column":10},"end":{"line":89,"column":34}},{"start":{"line":89,"column":38},"end":{"line":89,"column":79}}]},"14":{"loc":{"start":{"line":95,"column":23},"end":{"line":95,"column":79}},"type":"binary-expr","locations":[{"start":{"line":95,"column":23},"end":{"line":95,"column":33}},{"start":{"line":95,"column":37},"end":{"line":95,"column":51}},{"start":{"line":95,"column":55},"end":{"line":95,"column":71}},{"start":{"line":95,"column":75},"end":{"line":95,"column":79}}]}},"s":{"0":0,"1":0,"2":0,"3":0,"4":0,"5":0,"6":0,"7":0,"8":0,"9":0,"10":0,"11":0,"12":0,"13":0,"14":0,"15":0,"16":0,"17":0,"18":0,"19":0,"20":0,"21":0,"22":0,"23":0,"24":0,"25":0,"26":0,"27":0,"28":0,"29":0,"30":0,"31":0,"32":0,"33":0,"34":0,"35":0,"36":0,"37":0,"38":0,"39":0,"40":0},"f":{"0":0,"1":0,"2":0,"3":0,"4":0},"b":{"0":[0],"1":[0,0],"2":[0],"3":[0],"4":[0,0,0],"5":[0,0],"6":[0,0],"7":[0,0],"8":[0,0,0],"9":[0,0],"10":[0,0],"11":[0,0,0,0,0],"12":[0],"13":[0,0],"14":[0,0,0,0]}}
,"/Users/yuxi/SynexIM-Project/NextProxy/Panel/apps/api/src/common/interceptors/index.ts": {"path":"/Users/yuxi/SynexIM-Project/NextProxy/Panel/apps/api/src/common/interceptors/index.ts","statementMap":{"0":{"start":{"line":1,"column":0},"end":{"line":1,"column":40}}},"fnMap":{},"branchMap":{},"s":{"0":0},"f":{},"b":{}}
,"/Users/yuxi/SynexIM-Project/NextProxy/Panel/apps/api/src/common/validators/inbound.validator.ts": {"path":"/Users/yuxi/SynexIM-Project/NextProxy/Panel/apps/api/src/common/validators/inbound.validator.ts","statementMap":{"0":{"start":{"line":6,"column":0},"end":{"line":6,"column":44}},"1":{"start":{"line":7,"column":0},"end":{"line":7,"column":60}},"2":{"start":{"line":8,"column":0},"end":{"line":8,"column":null}},"3":{"start":{"line":39,"column":7},"end":{"line":226,"column":null}},"4":{"start":{"line":40,"column":22},"end":{"line":40,"column":30}},"5":{"start":{"line":46,"column":38},"end":{"line":46,"column":40}},"6":{"start":{"line":47,"column":42},"end":{"line":47,"column":44}},"7":{"start":{"line":50,"column":4},"end":{"line":52,"column":5}},"8":{"start":{"line":51,"column":6},"end":{"line":51,"column":86}},"9":{"start":{"line":54,"column":4},"end":{"line":56,"column":5}},"10":{"start":{"line":55,"column":6},"end":{"line":55,"column":115}},"11":{"start":{"line":58,"column":4},"end":{"line":60,"column":5}},"12":{"start":{"line":59,"column":6},"end":{"line":59,"column":104}},"13":{"start":{"line":63,"column":25},"end":{"line":63,"column":104}},"14":{"start":{"line":64,"column":4},"end":{"line":66,"column":5}},"15":{"start":{"line":65,"column":6},"end":{"line":65,"column":122}},"16":{"start":{"line":69,"column":24},"end":{"line":69,"column":87}},"17":{"start":{"line":70,"column":4},"end":{"line":72,"column":5}},"18":{"start":{"line":71,"column":6},"end":{"line":71,"column":117}},"19":{"start":{"line":75,"column":27},"end":{"line":75,"column":63}},"20":{"start":{"line":76,"column":4},"end":{"line":76,"column":42}},"21":{"start":{"line":77,"column":4},"end":{"line":77,"column":46}},"22":{"start":{"line":80,"column":27},"end":{"line":80,"column":63}},"23":{"start":{"line":81,"column":4},"end":{"line":81,"column":42}},"24":{"start":{"line":82,"column":4},"end":{"line":82,"column":46}},"25":{"start":{"line":85,"column":28},"end":{"line":85,"column":65}},"26":{"start":{"line":86,"column":4},"end":{"line":86,"column":43}},"27":{"start":{"line":87,"column":4},"end":{"line":87,"column":47}},"28":{"start":{"line":89,"column":4},"end":{"line":89,"column":60}},"29":{"start":{"line":96,"column":29},"end":{"line":96,"column":48}},"30":{"start":{"line":97,"column":28},"end":{"line":97,"column":56}},"31":{"start":{"line":99,"column":23},"end":{"line":103,"column":6}},"32":{"start":{"line":107,"column":4},"end":{"line":114,"column":5}},"33":{"start":{"line":110,"column":6},"end":{"line":113,"column":8}},"34":{"start":{"line":116,"column":21},"end":{"line":116,"column":67}},"35":{"start":{"line":117,"column":4},"end":{"line":117,"column":22}},"36":{"start":{"line":124,"column":21},"end":{"line":130,"column":6}},"37":{"start":{"line":131,"column":4},"end":{"line":131,"column":22}},"38":{"start":{"line":138,"column":38},"end":{"line":138,"column":40}},"39":{"start":{"line":139,"column":42},"end":{"line":139,"column":44}},"40":{"start":{"line":140,"column":21},"end":{"line":140,"column":41}},"41":{"start":{"line":142,"column":4},"end":{"line":168,"column":5}},"42":{"start":{"line":144,"column":8},"end":{"line":146,"column":9}},"43":{"start":{"line":145,"column":10},"end":{"line":145,"column":130}},"44":{"start":{"line":147,"column":8},"end":{"line":147,"column":14}},"45":{"start":{"line":151,"column":8},"end":{"line":151,"column":14}},"46":{"start":{"line":155,"column":8},"end":{"line":157,"column":9}},"47":{"start":{"line":156,"column":10},"end":{"line":156,"column":127}},"48":{"start":{"line":158,"column":8},"end":{"line":158,"column":14}},"49":{"start":{"line":161,"column":8},"end":{"line":163,"column":9}},"50":{"start":{"line":162,"column":10},"end":{"line":162,"column":125}},"51":{"start":{"line":164,"column":8},"end":{"line":166,"column":9}},"52":{"start":{"line":165,"column":10},"end":{"line":165,"column":120}},"53":{"start":{"line":167,"column":8},"end":{"line":167,"column":14}},"54":{"start":{"line":170,"column":4},"end":{"line":170,"column":60}},"55":{"start":{"line":177,"column":38},"end":{"line":177,"column":40}},"56":{"start":{"line":178,"column":42},"end":{"line":178,"column":44}},"57":{"start":{"line":180,"column":25},"end":{"line":180,"column":53}},"58":{"start":{"line":182,"column":4},"end":{"line":192,"column":5}},"59":{"start":{"line":183,"column":6},"end":{"line":185,"column":7}},"60":{"start":{"line":184,"column":8},"end":{"line":184,"column":124}},"61":{"start":{"line":186,"column":6},"end":{"line":188,"column":7}},"62":{"start":{"line":187,"column":8},"end":{"line":187,"column":139}},"63":{"start":{"line":189,"column":6},"end":{"line":191,"column":7}},"64":{"start":{"line":190,"column":8},"end":{"line":190,"column":130}},"65":{"start":{"line":194,"column":4},"end":{"line":198,"column":5}},"66":{"start":{"line":195,"column":6},"end":{"line":197,"column":7}},"67":{"start":{"line":196,"column":8},"end":{"line":196,"column":120}},"68":{"start":{"line":200,"column":4},"end":{"line":200,"column":60}},"69":{"start":{"line":207,"column":38},"end":{"line":207,"column":40}},"70":{"start":{"line":208,"column":42},"end":{"line":208,"column":44}},"71":{"start":{"line":210,"column":26},"end":{"line":210,"column":54}},"72":{"start":{"line":212,"column":4},"end":{"line":216,"column":5}},"73":{"start":{"line":213,"column":6},"end":{"line":215,"column":7}},"74":{"start":{"line":214,"column":8},"end":{"line":214,"column":118}},"75":{"start":{"line":218,"column":4},"end":{"line":222,"column":5}},"76":{"start":{"line":219,"column":6},"end":{"line":221,"column":7}},"77":{"start":{"line":220,"column":8},"end":{"line":220,"column":105}},"78":{"start":{"line":224,"column":4},"end":{"line":224,"column":60}},"79":{"start":{"line":39,"column":13},"end":{"line":39,"column":29}},"80":{"start":{"line":39,"column":13},"end":{"line":226,"column":null}}},"fnMap":{"0":{"name":"(anonymous_2)","decl":{"start":{"line":40,"column":2},"end":{"line":40,"column":22}},"loc":{"start":{"line":40,"column":43},"end":{"line":40,"column":47}}},"1":{"name":"(anonymous_3)","decl":{"start":{"line":45,"column":2},"end":{"line":45,"column":7}},"loc":{"start":{"line":45,"column":66},"end":{"line":90,"column":3}}},"2":{"name":"(anonymous_4)","decl":{"start":{"line":95,"column":10},"end":{"line":95,"column":15}},"loc":{"start":{"line":95,"column":99},"end":{"line":118,"column":3}}},"3":{"name":"(anonymous_5)","decl":{"start":{"line":123,"column":10},"end":{"line":123,"column":15}},"loc":{"start":{"line":123,"column":80},"end":{"line":132,"column":3}}},"4":{"name":"(anonymous_6)","decl":{"start":{"line":137,"column":10},"end":{"line":137,"column":34}},"loc":{"start":{"line":137,"column":64},"end":{"line":171,"column":3}}},"5":{"name":"(anonymous_7)","decl":{"start":{"line":176,"column":10},"end":{"line":176,"column":34}},"loc":{"start":{"line":176,"column":64},"end":{"line":201,"column":3}}},"6":{"name":"(anonymous_8)","decl":{"start":{"line":206,"column":10},"end":{"line":206,"column":35}},"loc":{"start":{"line":206,"column":65},"end":{"line":225,"column":3}}}},"branchMap":{"0":{"loc":{"start":{"line":50,"column":4},"end":{"line":52,"column":5}},"type":"if","locations":[{"start":{"line":50,"column":4},"end":{"line":52,"column":5}}]},"1":{"loc":{"start":{"line":50,"column":8},"end":{"line":50,"column":45}},"type":"binary-expr","locations":[{"start":{"line":50,"column":8},"end":{"line":50,"column":18}},{"start":{"line":50,"column":22},"end":{"line":50,"column":45}}]},"2":{"loc":{"start":{"line":54,"column":4},"end":{"line":56,"column":5}},"type":"if","locations":[{"start":{"line":54,"column":4},"end":{"line":56,"column":5}}]},"3":{"loc":{"start":{"line":54,"column":8},"end":{"line":54,"column":77}},"type":"binary-expr","locations":[{"start":{"line":54,"column":8},"end":{"line":54,"column":23}},{"start":{"line":54,"column":27},"end":{"line":54,"column":77}}]},"4":{"loc":{"start":{"line":58,"column":4},"end":{"line":60,"column":5}},"type":"if","locations":[{"start":{"line":58,"column":4},"end":{"line":60,"column":5}}]},"5":{"loc":{"start":{"line":58,"column":8},"end":{"line":58,"column":59}},"type":"binary-expr","locations":[{"start":{"line":58,"column":8},"end":{"line":58,"column":19}},{"start":{"line":58,"column":23},"end":{"line":58,"column":37}},{"start":{"line":58,"column":41},"end":{"line":58,"column":59}}]},"6":{"loc":{"start":{"line":64,"column":4},"end":{"line":66,"column":5}},"type":"if","locations":[{"start":{"line":64,"column":4},"end":{"line":66,"column":5}}]},"7":{"loc":{"start":{"line":70,"column":4},"end":{"line":72,"column":5}},"type":"if","locations":[{"start":{"line":70,"column":4},"end":{"line":72,"column":5}}]},"8":{"loc":{"start":{"line":96,"column":29},"end":{"line":96,"column":48}},"type":"binary-expr","locations":[{"start":{"line":96,"column":29},"end":{"line":96,"column":35}},{"start":{"line":96,"column":39},"end":{"line":96,"column":48}}]},"9":{"loc":{"start":{"line":102,"column":10},"end":{"line":102,"column":49}},"type":"binary-expr","locations":[{"start":{"line":102,"column":10},"end":{"line":102,"column":19}},{"start":{"line":102,"column":23},"end":{"line":102,"column":49}}]},"10":{"loc":{"start":{"line":107,"column":4},"end":{"line":114,"column":5}},"type":"if","locations":[{"start":{"line":107,"column":4},"end":{"line":114,"column":5}},{"start":{"line":109,"column":11},"end":{"line":114,"column":5}}]},"11":{"loc":{"start":{"line":128,"column":12},"end":{"line":128,"column":51}},"type":"binary-expr","locations":[{"start":{"line":128,"column":12},"end":{"line":128,"column":21}},{"start":{"line":128,"column":25},"end":{"line":128,"column":51}}]},"12":{"loc":{"start":{"line":140,"column":21},"end":{"line":140,"column":41}},"type":"binary-expr","locations":[{"start":{"line":140,"column":21},"end":{"line":140,"column":35}},{"start":{"line":140,"column":39},"end":{"line":140,"column":41}}]},"13":{"loc":{"start":{"line":142,"column":4},"end":{"line":168,"column":5}},"type":"switch","locations":[{"start":{"line":143,"column":6},"end":{"line":147,"column":14}},{"start":{"line":149,"column":6},"end":{"line":151,"column":14}},{"start":{"line":153,"column":6},"end":{"line":158,"column":14}},{"start":{"line":160,"column":6},"end":{"line":167,"column":14}}]},"14":{"loc":{"start":{"line":144,"column":8},"end":{"line":146,"column":9}},"type":"if","locations":[{"start":{"line":144,"column":8},"end":{"line":146,"column":9}}]},"15":{"loc":{"start":{"line":144,"column":12},"end":{"line":144,"column":65}},"type":"binary-expr","locations":[{"start":{"line":144,"column":12},"end":{"line":144,"column":31}},{"start":{"line":144,"column":35},"end":{"line":144,"column":65}}]},"16":{"loc":{"start":{"line":155,"column":8},"end":{"line":157,"column":9}},"type":"if","locations":[{"start":{"line":155,"column":8},"end":{"line":157,"column":9}}]},"17":{"loc":{"start":{"line":155,"column":12},"end":{"line":155,"column":76}},"type":"binary-expr","locations":[{"start":{"line":155,"column":12},"end":{"line":155,"column":40}},{"start":{"line":155,"column":44},"end":{"line":155,"column":76}}]},"18":{"loc":{"start":{"line":161,"column":8},"end":{"line":163,"column":9}},"type":"if","locations":[{"start":{"line":161,"column":8},"end":{"line":163,"column":9}}]},"19":{"loc":{"start":{"line":164,"column":8},"end":{"line":166,"column":9}},"type":"if","locations":[{"start":{"line":164,"column":8},"end":{"line":166,"column":9}}]},"20":{"loc":{"start":{"line":180,"column":25},"end":{"line":180,"column":53}},"type":"binary-expr","locations":[{"start":{"line":180,"column":25},"end":{"line":180,"column":43}},{"start":{"line":180,"column":47},"end":{"line":180,"column":53}}]},"21":{"loc":{"start":{"line":182,"column":4},"end":{"line":192,"column":5}},"type":"if","locations":[{"start":{"line":182,"column":4},"end":{"line":192,"column":5}}]},"22":{"loc":{"start":{"line":183,"column":6},"end":{"line":185,"column":7}},"type":"if","locations":[{"start":{"line":183,"column":6},"end":{"line":185,"column":7}}]},"23":{"loc":{"start":{"line":186,"column":6},"end":{"line":188,"column":7}},"type":"if","locations":[{"start":{"line":186,"column":6},"end":{"line":188,"column":7}}]},"24":{"loc":{"start":{"line":186,"column":10},"end":{"line":186,"column":76}},"type":"binary-expr","locations":[{"start":{"line":186,"column":10},"end":{"line":186,"column":35}},{"start":{"line":186,"column":39},"end":{"line":186,"column":76}}]},"25":{"loc":{"start":{"line":189,"column":6},"end":{"line":191,"column":7}},"type":"if","locations":[{"start":{"line":189,"column":6},"end":{"line":191,"column":7}}]},"26":{"loc":{"start":{"line":189,"column":10},"end":{"line":189,"column":70}},"type":"binary-expr","locations":[{"start":{"line":189,"column":10},"end":{"line":189,"column":32}},{"start":{"line":189,"column":36},"end":{"line":189,"column":70}}]},"27":{"loc":{"start":{"line":194,"column":4},"end":{"line":198,"column":5}},"type":"if","locations":[{"start":{"line":194,"column":4},"end":{"line":198,"column":5}}]},"28":{"loc":{"start":{"line":195,"column":6},"end":{"line":197,"column":7}},"type":"if","locations":[{"start":{"line":195,"column":6},"end":{"line":197,"column":7}}]},"29":{"loc":{"start":{"line":210,"column":26},"end":{"line":210,"column":54}},"type":"binary-expr","locations":[{"start":{"line":210,"column":26},"end":{"line":210,"column":45}},{"start":{"line":210,"column":49},"end":{"line":210,"column":54}}]},"30":{"loc":{"start":{"line":212,"column":4},"end":{"line":216,"column":5}},"type":"if","locations":[{"start":{"line":212,"column":4},"end":{"line":216,"column":5}}]},"31":{"loc":{"start":{"line":213,"column":6},"end":{"line":215,"column":7}},"type":"if","locations":[{"start":{"line":213,"column":6},"end":{"line":215,"column":7}}]},"32":{"loc":{"start":{"line":218,"column":4},"end":{"line":222,"column":5}},"type":"if","locations":[{"start":{"line":218,"column":4},"end":{"line":222,"column":5}}]},"33":{"loc":{"start":{"line":219,"column":6},"end":{"line":221,"column":7}},"type":"if","locations":[{"start":{"line":219,"column":6},"end":{"line":221,"column":7}}]}},"s":{"0":0,"1":0,"2":0,"3":0,"4":0,"5":0,"6":0,"7":0,"8":0,"9":0,"10":0,"11":0,"12":0,"13":0,"14":0,"15":0,"16":0,"17":0,"18":0,"19":0,"20":0,"21":0,"22":0,"23":0,"24":0,"25":0,"26":0,"27":0,"28":0,"29":0,"30":0,"31":0,"32":0,"33":0,"34":0,"35":0,"36":0,"37":0,"38":0,"39":0,"40":0,"41":0,"42":0,"43":0,"44":0,"45":0,"46":0,"47":0,"48":0,"49":0,"50":0,"51":0,"52":0,"53":0,"54":0,"55":0,"56":0,"57":0,"58":0,"59":0,"60":0,"61":0,"62":0,"63":0,"64":0,"65":0,"66":0,"67":0,"68":0,"69":0,"70":0,"71":0,"72":0,"73":0,"74":0,"75":0,"76":0,"77":0,"78":0,"79":0,"80":0},"f":{"0":0,"1":0,"2":0,"3":0,"4":0,"5":0,"6":0},"b":{"0":[0],"1":[0,0],"2":[0],"3":[0,0],"4":[0],"5":[0,0,0],"6":[0],"7":[0],"8":[0,0],"9":[0,0],"10":[0,0],"11":[0,0],"12":[0,0],"13":[0,0,0,0],"14":[0],"15":[0,0],"16":[0],"17":[0,0],"18":[0],"19":[0],"20":[0,0],"21":[0],"22":[0],"23":[0],"24":[0,0],"25":[0],"26":[0,0],"27":[0],"28":[0],"29":[0,0],"30":[0],"31":[0],"32":[0],"33":[0]}}
,"/Users/yuxi/SynexIM-Project/NextProxy/Panel/apps/api/src/common/validators/index.ts": {"path":"/Users/yuxi/SynexIM-Project/NextProxy/Panel/apps/api/src/common/validators/index.ts","statementMap":{"0":{"start":{"line":1,"column":0},"end":{"line":1,"column":36}},"1":{"start":{"line":2,"column":0},"end":{"line":2,"column":37}},"2":{"start":{"line":3,"column":0},"end":{"line":3,"column":36}},"3":{"start":{"line":4,"column":0},"end":{"line":4,"column":40}}},"fnMap":{},"branchMap":{},"s":{"0":0,"1":0,"2":0,"3":0},"f":{},"b":{}}
,"/Users/yuxi/SynexIM-Project/NextProxy/Panel/apps/api/src/common/validators/outbound.validator.ts": {"path":"/Users/yuxi/SynexIM-Project/NextProxy/Panel/apps/api/src/common/validators/outbound.validator.ts","statementMap":{"0":{"start":{"line":6,"column":0},"end":{"line":6,"column":44}},"1":{"start":{"line":7,"column":0},"end":{"line":7,"column":60}},"2":{"start":{"line":8,"column":0},"end":{"line":8,"column":null}},"3":{"start":{"line":28,"column":7},"end":{"line":141,"column":null}},"4":{"start":{"line":29,"column":22},"end":{"line":29,"column":30}},"5":{"start":{"line":35,"column":38},"end":{"line":35,"column":40}},"6":{"start":{"line":36,"column":42},"end":{"line":36,"column":44}},"7":{"start":{"line":39,"column":4},"end":{"line":41,"column":5}},"8":{"start":{"line":40,"column":6},"end":{"line":40,"column":86}},"9":{"start":{"line":43,"column":4},"end":{"line":45,"column":5}},"10":{"start":{"line":44,"column":6},"end":{"line":44,"column":115}},"11":{"start":{"line":48,"column":24},"end":{"line":48,"column":87}},"12":{"start":{"line":49,"column":4},"end":{"line":51,"column":5}},"13":{"start":{"line":50,"column":6},"end":{"line":50,"column":117}},"14":{"start":{"line":54,"column":27},"end":{"line":54,"column":63}},"15":{"start":{"line":55,"column":4},"end":{"line":55,"column":42}},"16":{"start":{"line":56,"column":4},"end":{"line":56,"column":46}},"17":{"start":{"line":59,"column":4},"end":{"line":61,"column":5}},"18":{"start":{"line":60,"column":6},"end":{"line":60,"column":102}},"19":{"start":{"line":63,"column":4},"end":{"line":63,"column":60}},"20":{"start":{"line":70,"column":21},"end":{"line":76,"column":6}},"21":{"start":{"line":77,"column":4},"end":{"line":77,"column":22}},"22":{"start":{"line":84,"column":38},"end":{"line":84,"column":40}},"23":{"start":{"line":85,"column":42},"end":{"line":85,"column":44}},"24":{"start":{"line":86,"column":21},"end":{"line":86,"column":41}},"25":{"start":{"line":88,"column":4},"end":{"line":131,"column":5}},"26":{"start":{"line":91,"column":8},"end":{"line":91,"column":14}},"27":{"start":{"line":95,"column":8},"end":{"line":95,"column":14}},"28":{"start":{"line":102,"column":8},"end":{"line":104,"column":9}},"29":{"start":{"line":103,"column":10},"end":{"line":103,"column":114}},"30":{"start":{"line":105,"column":8},"end":{"line":107,"column":9}},"31":{"start":{"line":106,"column":10},"end":{"line":106,"column":118}},"32":{"start":{"line":108,"column":8},"end":{"line":108,"column":14}},"33":{"start":{"line":113,"column":8},"end":{"line":120,"column":9}},"34":{"start":{"line":114,"column":10},"end":{"line":119,"column":11}},"35":{"start":{"line":114,"column":23},"end":{"line":114,"column":24}},"36":{"start":{"line":115,"column":27},"end":{"line":115,"column":46}},"37":{"start":{"line":116,"column":12},"end":{"line":118,"column":13}},"38":{"start":{"line":117,"column":14},"end":{"line":117,"column":132}},"39":{"start":{"line":121,"column":8},"end":{"line":121,"column":14}},"40":{"start":{"line":124,"column":8},"end":{"line":126,"column":9}},"41":{"start":{"line":125,"column":10},"end":{"line":125,"column":122}},"42":{"start":{"line":127,"column":8},"end":{"line":129,"column":9}},"43":{"start":{"line":128,"column":10},"end":{"line":128,"column":121}},"44":{"start":{"line":130,"column":8},"end":{"line":130,"column":14}},"45":{"start":{"line":133,"column":4},"end":{"line":133,"column":60}},"46":{"start":{"line":137,"column":22},"end":{"line":137,"column":47}},"47":{"start":{"line":138,"column":22},"end":{"line":138,"column":130}},"48":{"start":{"line":139,"column":4},"end":{"line":139,"column":87}},"49":{"start":{"line":28,"column":13},"end":{"line":28,"column":30}},"50":{"start":{"line":28,"column":13},"end":{"line":141,"column":null}}},"fnMap":{"0":{"name":"(anonymous_2)","decl":{"start":{"line":29,"column":2},"end":{"line":29,"column":22}},"loc":{"start":{"line":29,"column":43},"end":{"line":29,"column":47}}},"1":{"name":"(anonymous_3)","decl":{"start":{"line":34,"column":2},"end":{"line":34,"column":7}},"loc":{"start":{"line":34,"column":67},"end":{"line":64,"column":3}}},"2":{"name":"(anonymous_4)","decl":{"start":{"line":69,"column":10},"end":{"line":69,"column":15}},"loc":{"start":{"line":69,"column":80},"end":{"line":78,"column":3}}},"3":{"name":"(anonymous_5)","decl":{"start":{"line":83,"column":10},"end":{"line":83,"column":34}},"loc":{"start":{"line":83,"column":65},"end":{"line":134,"column":3}}},"4":{"name":"(anonymous_6)","decl":{"start":{"line":136,"column":10},"end":{"line":136,"column":19}},"loc":{"start":{"line":136,"column":30},"end":{"line":140,"column":3}}}},"branchMap":{"0":{"loc":{"start":{"line":39,"column":4},"end":{"line":41,"column":5}},"type":"if","locations":[{"start":{"line":39,"column":4},"end":{"line":41,"column":5}}]},"1":{"loc":{"start":{"line":39,"column":8},"end":{"line":39,"column":45}},"type":"binary-expr","locations":[{"start":{"line":39,"column":8},"end":{"line":39,"column":18}},{"start":{"line":39,"column":22},"end":{"line":39,"column":45}}]},"2":{"loc":{"start":{"line":43,"column":4},"end":{"line":45,"column":5}},"type":"if","locations":[{"start":{"line":43,"column":4},"end":{"line":45,"column":5}}]},"3":{"loc":{"start":{"line":43,"column":8},"end":{"line":43,"column":78}},"type":"binary-expr","locations":[{"start":{"line":43,"column":8},"end":{"line":43,"column":23}},{"start":{"line":43,"column":27},"end":{"line":43,"column":78}}]},"4":{"loc":{"start":{"line":49,"column":4},"end":{"line":51,"column":5}},"type":"if","locations":[{"start":{"line":49,"column":4},"end":{"line":51,"column":5}}]},"5":{"loc":{"start":{"line":59,"column":4},"end":{"line":61,"column":5}},"type":"if","locations":[{"start":{"line":59,"column":4},"end":{"line":61,"column":5}}]},"6":{"loc":{"start":{"line":59,"column":8},"end":{"line":59,"column":63}},"type":"binary-expr","locations":[{"start":{"line":59,"column":8},"end":{"line":59,"column":25}},{"start":{"line":59,"column":29},"end":{"line":59,"column":63}}]},"7":{"loc":{"start":{"line":74,"column":12},"end":{"line":74,"column":51}},"type":"binary-expr","locations":[{"start":{"line":74,"column":12},"end":{"line":74,"column":21}},{"start":{"line":74,"column":25},"end":{"line":74,"column":51}}]},"8":{"loc":{"start":{"line":86,"column":21},"end":{"line":86,"column":41}},"type":"binary-expr","locations":[{"start":{"line":86,"column":21},"end":{"line":86,"column":35}},{"start":{"line":86,"column":39},"end":{"line":86,"column":41}}]},"9":{"loc":{"start":{"line":88,"column":4},"end":{"line":131,"column":5}},"type":"switch","locations":[{"start":{"line":89,"column":6},"end":{"line":91,"column":14}},{"start":{"line":93,"column":6},"end":{"line":95,"column":14}},{"start":{"line":97,"column":6},"end":{"line":97,"column":19}},{"start":{"line":98,"column":6},"end":{"line":98,"column":19}},{"start":{"line":99,"column":6},"end":{"line":99,"column":20}},{"start":{"line":100,"column":6},"end":{"line":108,"column":14}},{"start":{"line":110,"column":6},"end":{"line":110,"column":19}},{"start":{"line":111,"column":6},"end":{"line":121,"column":14}},{"start":{"line":123,"column":6},"end":{"line":130,"column":14}}]},"10":{"loc":{"start":{"line":102,"column":8},"end":{"line":104,"column":9}},"type":"if","locations":[{"start":{"line":102,"column":8},"end":{"line":104,"column":9}}]},"11":{"loc":{"start":{"line":105,"column":8},"end":{"line":107,"column":9}},"type":"if","locations":[{"start":{"line":105,"column":8},"end":{"line":107,"column":9}}]},"12":{"loc":{"start":{"line":105,"column":12},"end":{"line":105,"column":81}},"type":"binary-expr","locations":[{"start":{"line":105,"column":12},"end":{"line":105,"column":29}},{"start":{"line":105,"column":33},"end":{"line":105,"column":53}},{"start":{"line":105,"column":57},"end":{"line":105,"column":81}}]},"13":{"loc":{"start":{"line":113,"column":8},"end":{"line":120,"column":9}},"type":"if","locations":[{"start":{"line":113,"column":8},"end":{"line":120,"column":9}}]},"14":{"loc":{"start":{"line":113,"column":12},"end":{"line":113,"column":59}},"type":"binary-expr","locations":[{"start":{"line":113,"column":12},"end":{"line":113,"column":28}},{"start":{"line":113,"column":32},"end":{"line":113,"column":59}}]},"15":{"loc":{"start":{"line":116,"column":12},"end":{"line":118,"column":13}},"type":"if","locations":[{"start":{"line":116,"column":12},"end":{"line":118,"column":13}}]},"16":{"loc":{"start":{"line":124,"column":8},"end":{"line":126,"column":9}},"type":"if","locations":[{"start":{"line":124,"column":8},"end":{"line":126,"column":9}}]},"17":{"loc":{"start":{"line":127,"column":8},"end":{"line":129,"column":9}},"type":"if","locations":[{"start":{"line":127,"column":8},"end":{"line":129,"column":9}}]},"18":{"loc":{"start":{"line":127,"column":12},"end":{"line":127,"column":58}},"type":"binary-expr","locations":[{"start":{"line":127,"column":12},"end":{"line":127,"column":27}},{"start":{"line":127,"column":31},"end":{"line":127,"column":58}}]},"19":{"loc":{"start":{"line":139,"column":11},"end":{"line":139,"column":86}},"type":"binary-expr","locations":[{"start":{"line":139,"column":11},"end":{"line":139,"column":29}},{"start":{"line":139,"column":33},"end":{"line":139,"column":51}},{"start":{"line":139,"column":55},"end":{"line":139,"column":71}},{"start":{"line":139,"column":75},"end":{"line":139,"column":86}}]}},"s":{"0":1,"1":1,"2":1,"3":1,"4":0,"5":0,"6":0,"7":0,"8":0,"9":0,"10":0,"11":0,"12":0,"13":0,"14":0,"15":0,"16":0,"17":0,"18":0,"19":0,"20":0,"21":0,"22":0,"23":0,"24":0,"25":0,"26":0,"27":0,"28":0,"29":0,"30":0,"31":0,"32":0,"33":0,"34":0,"35":0,"36":0,"37":0,"38":0,"39":0,"40":0,"41":0,"42":0,"43":0,"44":0,"45":0,"46":0,"47":0,"48":0,"49":1,"50":1},"f":{"0":0,"1":0,"2":0,"3":0,"4":0},"b":{"0":[0],"1":[0,0],"2":[0],"3":[0,0],"4":[0],"5":[0],"6":[0,0],"7":[0,0],"8":[0,0],"9":[0,0,0,0,0,0,0,0,0],"10":[0],"11":[0],"12":[0,0,0],"13":[0],"14":[0,0],"15":[0],"16":[0],"17":[0],"18":[0,0],"19":[0,0,0,0]}}
,"/Users/yuxi/SynexIM-Project/NextProxy/Panel/apps/api/src/common/validators/routing.validator.ts": {"path":"/Users/yuxi/SynexIM-Project/NextProxy/Panel/apps/api/src/common/validators/routing.validator.ts","statementMap":{"0":{"start":{"line":6,"column":0},"end":{"line":6,"column":44}},"1":{"start":{"line":7,"column":0},"end":{"line":7,"column":60}},"2":{"start":{"line":42,"column":26},"end":{"line":42,"column":73}},"3":{"start":{"line":43,"column":24},"end":{"line":43,"column":50}},"4":{"start":{"line":44,"column":22},"end":{"line":44,"column":56}},"5":{"start":{"line":47,"column":7},"end":{"line":228,"column":null}},"6":{"start":{"line":48,"column":22},"end":{"line":48,"column":30}},"7":{"start":{"line":54,"column":38},"end":{"line":54,"column":40}},"8":{"start":{"line":55,"column":42},"end":{"line":55,"column":44}},"9":{"start":{"line":58,"column":4},"end":{"line":64,"column":5}},"10":{"start":{"line":59,"column":6},"end":{"line":63,"column":9}},"11":{"start":{"line":67,"column":4},"end":{"line":73,"column":5}},"12":{"start":{"line":68,"column":6},"end":{"line":72,"column":9}},"13":{"start":{"line":76,"column":40},"end":{"line":79,"column":6}},"14":{"start":{"line":81,"column":25},"end":{"line":81,"column":64}},"15":{"start":{"line":81,"column":58},"end":{"line":81,"column":63}},"16":{"start":{"line":84,"column":4},"end":{"line":90,"column":5}},"17":{"start":{"line":85,"column":6},"end":{"line":89,"column":7}},"18":{"start":{"line":85,"column":19},"end":{"line":85,"column":20}},"19":{"start":{"line":86,"column":27},"end":{"line":86,"column":104}},"20":{"start":{"line":87,"column":8},"end":{"line":87,"column":42}},"21":{"start":{"line":88,"column":8},"end":{"line":88,"column":46}},"22":{"start":{"line":93,"column":4},"end":{"line":103,"column":5}},"23":{"start":{"line":94,"column":6},"end":{"line":102,"column":7}},"24":{"start":{"line":94,"column":19},"end":{"line":94,"column":20}},"25":{"start":{"line":95,"column":25},"end":{"line":95,"column":43}},"26":{"start":{"line":96,"column":8},"end":{"line":98,"column":9}},"27":{"start":{"line":97,"column":10},"end":{"line":97,"column":124}},"28":{"start":{"line":99,"column":8},"end":{"line":101,"column":9}},"29":{"start":{"line":100,"column":10},"end":{"line":100,"column":139}},"30":{"start":{"line":105,"column":4},"end":{"line":105,"column":60}},"31":{"start":{"line":118,"column":38},"end":{"line":118,"column":40}},"32":{"start":{"line":119,"column":42},"end":{"line":119,"column":44}},"33":{"start":{"line":120,"column":19},"end":{"line":120,"column":36}},"34":{"start":{"line":123,"column":4},"end":{"line":129,"column":5}},"35":{"start":{"line":124,"column":6},"end":{"line":128,"column":9}},"36":{"start":{"line":132,"column":4},"end":{"line":138,"column":5}},"37":{"start":{"line":133,"column":6},"end":{"line":137,"column":9}},"38":{"start":{"line":141,"column":4},"end":{"line":147,"column":5}},"39":{"start":{"line":142,"column":6},"end":{"line":146,"column":9}},"40":{"start":{"line":150,"column":4},"end":{"line":160,"column":5}},"41":{"start":{"line":151,"column":6},"end":{"line":159,"column":7}},"42":{"start":{"line":152,"column":8},"end":{"line":158,"column":9}},"43":{"start":{"line":153,"column":10},"end":{"line":157,"column":13}},"44":{"start":{"line":163,"column":4},"end":{"line":169,"column":5}},"45":{"start":{"line":164,"column":6},"end":{"line":168,"column":9}},"46":{"start":{"line":172,"column":4},"end":{"line":178,"column":5}},"47":{"start":{"line":173,"column":6},"end":{"line":177,"column":9}},"48":{"start":{"line":181,"column":4},"end":{"line":191,"column":5}},"49":{"start":{"line":182,"column":6},"end":{"line":190,"column":7}},"50":{"start":{"line":182,"column":19},"end":{"line":182,"column":20}},"51":{"start":{"line":183,"column":8},"end":{"line":189,"column":9}},"52":{"start":{"line":184,"column":10},"end":{"line":188,"column":13}},"53":{"start":{"line":193,"column":4},"end":{"line":193,"column":60}},"54":{"start":{"line":197,"column":21},"end":{"line":200,"column":6}},"55":{"start":{"line":201,"column":4},"end":{"line":201,"column":36}},"56":{"start":{"line":201,"column":29},"end":{"line":201,"column":34}},"57":{"start":{"line":205,"column":22},"end":{"line":208,"column":6}},"58":{"start":{"line":209,"column":4},"end":{"line":209,"column":37}},"59":{"start":{"line":209,"column":30},"end":{"line":209,"column":35}},"60":{"start":{"line":214,"column":27},"end":{"line":214,"column":73}},"61":{"start":{"line":215,"column":4},"end":{"line":215,"column":37}},"62":{"start":{"line":220,"column":21},"end":{"line":220,"column":84}},"63":{"start":{"line":221,"column":4},"end":{"line":223,"column":5}},"64":{"start":{"line":221,"column":27},"end":{"line":221,"column":48}},"65":{"start":{"line":222,"column":6},"end":{"line":222,"column":18}},"66":{"start":{"line":225,"column":24},"end":{"line":225,"column":109}},"67":{"start":{"line":226,"column":4},"end":{"line":226,"column":37}},"68":{"start":{"line":47,"column":13},"end":{"line":47,"column":29}},"69":{"start":{"line":47,"column":13},"end":{"line":228,"column":null}}},"fnMap":{"0":{"name":"(anonymous_2)","decl":{"start":{"line":48,"column":2},"end":{"line":48,"column":22}},"loc":{"start":{"line":48,"column":43},"end":{"line":48,"column":47}}},"1":{"name":"(anonymous_3)","decl":{"start":{"line":53,"column":2},"end":{"line":53,"column":7}},"loc":{"start":{"line":53,"column":46},"end":{"line":106,"column":3}}},"2":{"name":"(anonymous_4)","decl":{"start":{"line":81,"column":53},"end":{"line":81,"column":54}},"loc":{"start":{"line":81,"column":58},"end":{"line":81,"column":63}}},"3":{"name":"(anonymous_5)","decl":{"start":{"line":111,"column":10},"end":{"line":111,"column":22}},"loc":{"start":{"line":116,"column":26},"end":{"line":194,"column":3}}},"4":{"name":"(anonymous_6)","decl":{"start":{"line":196,"column":10},"end":{"line":196,"column":15}},"loc":{"start":{"line":196,"column":45},"end":{"line":202,"column":3}}},"5":{"name":"(anonymous_7)","decl":{"start":{"line":201,"column":24},"end":{"line":201,"column":25}},"loc":{"start":{"line":201,"column":29},"end":{"line":201,"column":34}}},"6":{"name":"(anonymous_8)","decl":{"start":{"line":204,"column":10},"end":{"line":204,"column":15}},"loc":{"start":{"line":204,"column":46},"end":{"line":210,"column":3}}},"7":{"name":"(anonymous_9)","decl":{"start":{"line":209,"column":25},"end":{"line":209,"column":26}},"loc":{"start":{"line":209,"column":30},"end":{"line":209,"column":35}}},"8":{"name":"(anonymous_10)","decl":{"start":{"line":212,"column":10},"end":{"line":212,"column":26}},"loc":{"start":{"line":212,"column":39},"end":{"line":216,"column":3}}},"9":{"name":"(anonymous_11)","decl":{"start":{"line":218,"column":10},"end":{"line":218,"column":30}},"loc":{"start":{"line":218,"column":46},"end":{"line":227,"column":3}}},"10":{"name":"(anonymous_12)","decl":{"start":{"line":221,"column":22},"end":{"line":221,"column":23}},"loc":{"start":{"line":221,"column":27},"end":{"line":221,"column":48}}}},"branchMap":{"0":{"loc":{"start":{"line":58,"column":4},"end":{"line":64,"column":5}},"type":"if","locations":[{"start":{"line":58,"column":4},"end":{"line":64,"column":5}}]},"1":{"loc":{"start":{"line":58,"column":8},"end":{"line":58,"column":88}},"type":"binary-expr","locations":[{"start":{"line":58,"column":8},"end":{"line":58,"column":28}},{"start":{"line":58,"column":32},"end":{"line":58,"column":88}}]},"2":{"loc":{"start":{"line":67,"column":4},"end":{"line":73,"column":5}},"type":"if","locations":[{"start":{"line":67,"column":4},"end":{"line":73,"column":5}}]},"3":{"loc":{"start":{"line":67,"column":8},"end":{"line":67,"column":84}},"type":"binary-expr","locations":[{"start":{"line":67,"column":8},"end":{"line":67,"column":27}},{"start":{"line":67,"column":31},"end":{"line":67,"column":84}}]},"4":{"loc":{"start":{"line":81,"column":26},"end":{"line":81,"column":47}},"type":"binary-expr","locations":[{"start":{"line":81,"column":26},"end":{"line":81,"column":41}},{"start":{"line":81,"column":45},"end":{"line":81,"column":47}}]},"5":{"loc":{"start":{"line":84,"column":4},"end":{"line":90,"column":5}},"type":"if","locations":[{"start":{"line":84,"column":4},"end":{"line":90,"column":5}}]},"6":{"loc":{"start":{"line":93,"column":4},"end":{"line":103,"column":5}},"type":"if","locations":[{"start":{"line":93,"column":4},"end":{"line":103,"column":5}}]},"7":{"loc":{"start":{"line":96,"column":8},"end":{"line":98,"column":9}},"type":"if","locations":[{"start":{"line":96,"column":8},"end":{"line":98,"column":9}}]},"8":{"loc":{"start":{"line":99,"column":8},"end":{"line":101,"column":9}},"type":"if","locations":[{"start":{"line":99,"column":8},"end":{"line":101,"column":9}}]},"9":{"loc":{"start":{"line":99,"column":12},"end":{"line":99,"column":64}},"type":"binary-expr","locations":[{"start":{"line":99,"column":12},"end":{"line":99,"column":30}},{"start":{"line":99,"column":34},"end":{"line":99,"column":64}}]},"10":{"loc":{"start":{"line":123,"column":4},"end":{"line":129,"column":5}},"type":"if","locations":[{"start":{"line":123,"column":4},"end":{"line":129,"column":5}}]},"11":{"loc":{"start":{"line":123,"column":8},"end":{"line":123,"column":46}},"type":"binary-expr","locations":[{"start":{"line":123,"column":8},"end":{"line":123,"column":25}},{"start":{"line":123,"column":29},"end":{"line":123,"column":46}}]},"12":{"loc":{"start":{"line":132,"column":4},"end":{"line":138,"column":5}},"type":"if","locations":[{"start":{"line":132,"column":4},"end":{"line":138,"column":5}}]},"13":{"loc":{"start":{"line":132,"column":8},"end":{"line":132,"column":68}},"type":"binary-expr","locations":[{"start":{"line":132,"column":8},"end":{"line":132,"column":24}},{"start":{"line":132,"column":28},"end":{"line":132,"column":68}}]},"14":{"loc":{"start":{"line":141,"column":4},"end":{"line":147,"column":5}},"type":"if","locations":[{"start":{"line":141,"column":4},"end":{"line":147,"column":5}}]},"15":{"loc":{"start":{"line":141,"column":8},"end":{"line":141,"column":68}},"type":"binary-expr","locations":[{"start":{"line":141,"column":8},"end":{"line":141,"column":24}},{"start":{"line":141,"column":28},"end":{"line":141,"column":68}}]},"16":{"loc":{"start":{"line":150,"column":4},"end":{"line":160,"column":5}},"type":"if","locations":[{"start":{"line":150,"column":4},"end":{"line":160,"column":5}}]},"17":{"loc":{"start":{"line":152,"column":8},"end":{"line":158,"column":9}},"type":"if","locations":[{"start":{"line":152,"column":8},"end":{"line":158,"column":9}}]},"18":{"loc":{"start":{"line":163,"column":4},"end":{"line":169,"column":5}},"type":"if","locations":[{"start":{"line":163,"column":4},"end":{"line":169,"column":5}}]},"19":{"loc":{"start":{"line":163,"column":8},"end":{"line":163,"column":68}},"type":"binary-expr","locations":[{"start":{"line":163,"column":8},"end":{"line":163,"column":20}},{"start":{"line":163,"column":24},"end":{"line":163,"column":68}}]},"20":{"loc":{"start":{"line":172,"column":4},"end":{"line":178,"column":5}},"type":"if","locations":[{"start":{"line":172,"column":4},"end":{"line":178,"column":5}}]},"21":{"loc":{"start":{"line":172,"column":8},"end":{"line":172,"column":54}},"type":"binary-expr","locations":[{"start":{"line":172,"column":8},"end":{"line":172,"column":17}},{"start":{"line":172,"column":21},"end":{"line":172,"column":54}}]},"22":{"loc":{"start":{"line":181,"column":4},"end":{"line":191,"column":5}},"type":"if","locations":[{"start":{"line":181,"column":4},"end":{"line":191,"column":5}}]},"23":{"loc":{"start":{"line":183,"column":8},"end":{"line":189,"column":9}},"type":"if","locations":[{"start":{"line":183,"column":8},"end":{"line":189,"column":9}}]},"24":{"loc":{"start":{"line":221,"column":4},"end":{"line":223,"column":5}},"type":"if","locations":[{"start":{"line":221,"column":4},"end":{"line":223,"column":5}}]}},"s":{"0":1,"1":1,"2":1,"3":1,"4":1,"5":1,"6":0,"7":0,"8":0,"9":0,"10":0,"11":0,"12":0,"13":0,"14":0,"15":0,"16":0,"17":0,"18":0,"19":0,"20":0,"21":0,"22":0,"23":0,"24":0,"25":0,"26":0,"27":0,"28":0,"29":0,"30":0,"31":0,"32":0,"33":0,"34":0,"35":0,"36":0,"37":0,"38":0,"39":0,"40":0,"41":0,"42":0,"43":0,"44":0,"45":0,"46":0,"47":0,"48":0,"49":0,"50":0,"51":0,"52":0,"53":0,"54":0,"55":0,"56":0,"57":0,"58":0,"59":0,"60":0,"61":0,"62":0,"63":0,"64":0,"65":0,"66":0,"67":0,"68":1,"69":1},"f":{"0":0,"1":0,"2":0,"3":0,"4":0,"5":0,"6":0,"7":0,"8":0,"9":0,"10":0},"b":{"0":[0],"1":[0,0],"2":[0],"3":[0,0],"4":[0,0],"5":[0],"6":[0],"7":[0],"8":[0],"9":[0,0],"10":[0],"11":[0,0],"12":[0],"13":[0,0],"14":[0],"15":[0,0],"16":[0],"17":[0],"18":[0],"19":[0,0],"20":[0],"21":[0,0],"22":[0],"23":[0],"24":[0]}}
,"/Users/yuxi/SynexIM-Project/NextProxy/Panel/apps/api/src/common/validators/validators.module.ts": {"path":"/Users/yuxi/SynexIM-Project/NextProxy/Panel/apps/api/src/common/validators/validators.module.ts","statementMap":{"0":{"start":{"line":6,"column":0},"end":{"line":6,"column":40}},"1":{"start":{"line":7,"column":0},"end":{"line":7,"column":58}},"2":{"start":{"line":8,"column":0},"end":{"line":8,"column":55}},"3":{"start":{"line":9,"column":0},"end":{"line":9,"column":57}},"4":{"start":{"line":10,"column":0},"end":{"line":10,"column":55}},"5":{"start":{"line":17,"column":7},"end":{"line":17,"column":null}},"6":{"start":{"line":17,"column":13},"end":{"line":17,"column":29}},"7":{"start":{"line":17,"column":13},"end":{"line":17,"column":null}}},"fnMap":{},"branchMap":{},"s":{"0":0,"1":0,"2":0,"3":0,"4":0,"5":0,"6":0,"7":0},"f":{},"b":{}}
,"/Users/yuxi/SynexIM-Project/NextProxy/Panel/apps/api/src/common/validators/xray-config.validator.ts": {"path":"/Users/yuxi/SynexIM-Project/NextProxy/Panel/apps/api/src/common/validators/xray-config.validator.ts","statementMap":{"0":{"start":{"line":49,"column":0},"end":{"line":49,"column":16}},"1":{"start":{"line":88,"column":0},"end":{"line":88,"column":16}},"2":{"start":{"line":139,"column":0},"end":{"line":139,"column":16}},"3":{"start":{"line":164,"column":0},"end":{"line":164,"column":16}},"4":{"start":{"line":25,"column":13},"end":{"line":25,"column":120}},"5":{"start":{"line":26,"column":13},"end":{"line":26,"column":160}},"6":{"start":{"line":29,"column":13},"end":{"line":29,"column":66}},"7":{"start":{"line":32,"column":13},"end":{"line":32,"column":107}},"8":{"start":{"line":35,"column":13},"end":{"line":38,"column":11}},"9":{"start":{"line":41,"column":13},"end":{"line":41,"column":100}},"10":{"start":{"line":44,"column":13},"end":{"line":44,"column":88}},"11":{"start":{"line":54,"column":36},"end":{"line":54,"column":38}},"12":{"start":{"line":55,"column":40},"end":{"line":55,"column":42}},"13":{"start":{"line":58,"column":2},"end":{"line":64,"column":3}},"14":{"start":{"line":59,"column":4},"end":{"line":63,"column":5}},"15":{"start":{"line":59,"column":17},"end":{"line":59,"column":18}},"16":{"start":{"line":60,"column":28},"end":{"line":60,"column":69}},"17":{"start":{"line":61,"column":6},"end":{"line":61,"column":100}},"18":{"start":{"line":61,"column":52},"end":{"line":61,"column":96}},"19":{"start":{"line":62,"column":6},"end":{"line":62,"column":104}},"20":{"start":{"line":62,"column":56},"end":{"line":62,"column":100}},"21":{"start":{"line":67,"column":2},"end":{"line":73,"column":3}},"22":{"start":{"line":68,"column":4},"end":{"line":72,"column":5}},"23":{"start":{"line":68,"column":17},"end":{"line":68,"column":18}},"24":{"start":{"line":69,"column":29},"end":{"line":69,"column":72}},"25":{"start":{"line":70,"column":6},"end":{"line":70,"column":102}},"26":{"start":{"line":70,"column":53},"end":{"line":70,"column":98}},"27":{"start":{"line":71,"column":6},"end":{"line":71,"column":106}},"28":{"start":{"line":71,"column":57},"end":{"line":71,"column":102}},"29":{"start":{"line":76,"column":2},"end":{"line":80,"column":3}},"30":{"start":{"line":77,"column":26},"end":{"line":77,"column":63}},"31":{"start":{"line":78,"column":4},"end":{"line":78,"column":41}},"32":{"start":{"line":79,"column":4},"end":{"line":79,"column":45}},"33":{"start":{"line":82,"column":2},"end":{"line":82,"column":58}},"34":{"start":{"line":89,"column":36},"end":{"line":89,"column":38}},"35":{"start":{"line":90,"column":40},"end":{"line":90,"column":42}},"36":{"start":{"line":93,"column":2},"end":{"line":95,"column":3}},"37":{"start":{"line":94,"column":4},"end":{"line":94,"column":84}},"38":{"start":{"line":97,"column":2},"end":{"line":101,"column":3}},"39":{"start":{"line":98,"column":4},"end":{"line":98,"column":99}},"40":{"start":{"line":99,"column":9},"end":{"line":101,"column":3}},"41":{"start":{"line":100,"column":4},"end":{"line":100,"column":115}},"42":{"start":{"line":103,"column":2},"end":{"line":105,"column":3}},"43":{"start":{"line":104,"column":4},"end":{"line":104,"column":102}},"44":{"start":{"line":108,"column":2},"end":{"line":124,"column":3}},"45":{"start":{"line":109,"column":24},"end":{"line":109,"column":53}},"46":{"start":{"line":110,"column":4},"end":{"line":110,"column":39}},"47":{"start":{"line":111,"column":4},"end":{"line":111,"column":43}},"48":{"start":{"line":112,"column":9},"end":{"line":124,"column":3}},"49":{"start":{"line":113,"column":24},"end":{"line":113,"column":53}},"50":{"start":{"line":114,"column":4},"end":{"line":114,"column":39}},"51":{"start":{"line":115,"column":4},"end":{"line":115,"column":43}},"52":{"start":{"line":116,"column":9},"end":{"line":124,"column":3}},"53":{"start":{"line":117,"column":25},"end":{"line":117,"column":55}},"54":{"start":{"line":118,"column":4},"end":{"line":118,"column":40}},"55":{"start":{"line":119,"column":4},"end":{"line":119,"column":44}},"56":{"start":{"line":120,"column":9},"end":{"line":124,"column":3}},"57":{"start":{"line":121,"column":21},"end":{"line":121,"column":56}},"58":{"start":{"line":122,"column":4},"end":{"line":122,"column":36}},"59":{"start":{"line":123,"column":4},"end":{"line":123,"column":40}},"60":{"start":{"line":127,"column":2},"end":{"line":131,"column":3}},"61":{"start":{"line":128,"column":25},"end":{"line":128,"column":89}},"62":{"start":{"line":129,"column":4},"end":{"line":129,"column":40}},"63":{"start":{"line":130,"column":4},"end":{"line":130,"column":44}},"64":{"start":{"line":133,"column":2},"end":{"line":133,"column":58}},"65":{"start":{"line":140,"column":36},"end":{"line":140,"column":38}},"66":{"start":{"line":141,"column":40},"end":{"line":141,"column":42}},"67":{"start":{"line":143,"column":2},"end":{"line":145,"column":3}},"68":{"start":{"line":144,"column":4},"end":{"line":144,"column":84}},"69":{"start":{"line":147,"column":2},"end":{"line":151,"column":3}},"70":{"start":{"line":148,"column":4},"end":{"line":148,"column":99}},"71":{"start":{"line":149,"column":9},"end":{"line":151,"column":3}},"72":{"start":{"line":150,"column":4},"end":{"line":150,"column":116}},"73":{"start":{"line":154,"column":2},"end":{"line":156,"column":3}},"74":{"start":{"line":155,"column":4},"end":{"line":155,"column":100}},"75":{"start":{"line":158,"column":2},"end":{"line":158,"column":58}},"76":{"start":{"line":165,"column":36},"end":{"line":165,"column":38}},"77":{"start":{"line":166,"column":40},"end":{"line":166,"column":42}},"78":{"start":{"line":168,"column":2},"end":{"line":179,"column":3}},"79":{"start":{"line":169,"column":4},"end":{"line":178,"column":5}},"80":{"start":{"line":169,"column":17},"end":{"line":169,"column":18}},"81":{"start":{"line":170,"column":19},"end":{"line":170,"column":35}},"82":{"start":{"line":171,"column":6},"end":{"line":177,"column":7}},"83":{"start":{"line":172,"column":8},"end":{"line":176,"column":11}},"84":{"start":{"line":181,"column":2},"end":{"line":181,"column":58}},"85":{"start":{"line":186,"column":36},"end":{"line":186,"column":38}},"86":{"start":{"line":187,"column":40},"end":{"line":187,"column":42}},"87":{"start":{"line":189,"column":19},"end":{"line":189,"column":41}},"88":{"start":{"line":192,"column":2},"end":{"line":198,"column":3}},"89":{"start":{"line":193,"column":4},"end":{"line":197,"column":7}},"90":{"start":{"line":201,"column":2},"end":{"line":219,"column":3}},"91":{"start":{"line":202,"column":4},"end":{"line":218,"column":5}},"92":{"start":{"line":202,"column":17},"end":{"line":202,"column":18}},"93":{"start":{"line":203,"column":21},"end":{"line":203,"column":40}},"94":{"start":{"line":204,"column":6},"end":{"line":210,"column":7}},"95":{"start":{"line":205,"column":8},"end":{"line":209,"column":11}},"96":{"start":{"line":211,"column":6},"end":{"line":217,"column":7}},"97":{"start":{"line":212,"column":8},"end":{"line":216,"column":11}},"98":{"start":{"line":221,"column":2},"end":{"line":221,"column":58}},"99":{"start":{"line":225,"column":36},"end":{"line":225,"column":38}},"100":{"start":{"line":226,"column":40},"end":{"line":226,"column":42}},"101":{"start":{"line":228,"column":19},"end":{"line":228,"column":41}},"102":{"start":{"line":230,"column":2},"end":{"line":248,"column":3}},"103":{"start":{"line":231,"column":4},"end":{"line":247,"column":5}},"104":{"start":{"line":231,"column":17},"end":{"line":231,"column":18}},"105":{"start":{"line":232,"column":21},"end":{"line":232,"column":40}},"106":{"start":{"line":233,"column":6},"end":{"line":239,"column":7}},"107":{"start":{"line":234,"column":8},"end":{"line":238,"column":11}},"108":{"start":{"line":240,"column":6},"end":{"line":246,"column":7}},"109":{"start":{"line":241,"column":8},"end":{"line":245,"column":11}},"110":{"start":{"line":250,"column":2},"end":{"line":250,"column":58}},"111":{"start":{"line":254,"column":36},"end":{"line":254,"column":38}},"112":{"start":{"line":255,"column":40},"end":{"line":255,"column":42}},"113":{"start":{"line":257,"column":19},"end":{"line":257,"column":41}},"114":{"start":{"line":259,"column":2},"end":{"line":270,"column":3}},"115":{"start":{"line":260,"column":4},"end":{"line":269,"column":5}},"116":{"start":{"line":260,"column":17},"end":{"line":260,"column":18}},"117":{"start":{"line":261,"column":21},"end":{"line":261,"column":40}},"118":{"start":{"line":262,"column":6},"end":{"line":268,"column":7}},"119":{"start":{"line":263,"column":8},"end":{"line":267,"column":11}},"120":{"start":{"line":273,"column":25},"end":{"line":273,"column":53}},"121":{"start":{"line":274,"column":2},"end":{"line":280,"column":3}},"122":{"start":{"line":275,"column":4},"end":{"line":279,"column":7}},"123":{"start":{"line":282,"column":2},"end":{"line":282,"column":58}},"124":{"start":{"line":286,"column":36},"end":{"line":286,"column":38}},"125":{"start":{"line":287,"column":40},"end":{"line":287,"column":42}},"126":{"start":{"line":289,"column":19},"end":{"line":289,"column":41}},"127":{"start":{"line":291,"column":2},"end":{"line":295,"column":3}},"128":{"start":{"line":292,"column":4},"end":{"line":292,"column":113}},"129":{"start":{"line":293,"column":9},"end":{"line":295,"column":3}},"130":{"start":{"line":294,"column":4},"end":{"line":294,"column":117}},"131":{"start":{"line":297,"column":2},"end":{"line":299,"column":3}},"132":{"start":{"line":298,"column":4},"end":{"line":298,"column":122}},"133":{"start":{"line":301,"column":2},"end":{"line":301,"column":58}},"134":{"start":{"line":305,"column":36},"end":{"line":305,"column":38}},"135":{"start":{"line":306,"column":40},"end":{"line":306,"column":42}},"136":{"start":{"line":308,"column":19},"end":{"line":308,"column":44}},"137":{"start":{"line":309,"column":18},"end":{"line":309,"column":41}},"138":{"start":{"line":312,"column":2},"end":{"line":314,"column":3}},"139":{"start":{"line":313,"column":4},"end":{"line":313,"column":122}},"140":{"start":{"line":317,"column":2},"end":{"line":319,"column":3}},"141":{"start":{"line":318,"column":4},"end":{"line":318,"column":118}},"142":{"start":{"line":322,"column":2},"end":{"line":345,"column":3}},"143":{"start":{"line":323,"column":28},"end":{"line":323,"column":56}},"144":{"start":{"line":324,"column":4},"end":{"line":330,"column":5}},"145":{"start":{"line":325,"column":6},"end":{"line":329,"column":9}},"146":{"start":{"line":331,"column":4},"end":{"line":337,"column":5}},"147":{"start":{"line":332,"column":6},"end":{"line":336,"column":9}},"148":{"start":{"line":338,"column":4},"end":{"line":344,"column":5}},"149":{"start":{"line":339,"column":6},"end":{"line":343,"column":9}},"150":{"start":{"line":348,"column":2},"end":{"line":357,"column":3}},"151":{"start":{"line":349,"column":24},"end":{"line":349,"column":48}},"152":{"start":{"line":350,"column":4},"end":{"line":356,"column":5}},"153":{"start":{"line":351,"column":6},"end":{"line":355,"column":9}},"154":{"start":{"line":360,"column":2},"end":{"line":365,"column":3}},"155":{"start":{"line":361,"column":23},"end":{"line":361,"column":46}},"156":{"start":{"line":362,"column":4},"end":{"line":364,"column":5}},"157":{"start":{"line":363,"column":6},"end":{"line":363,"column":127}},"158":{"start":{"line":367,"column":2},"end":{"line":376,"column":3}},"159":{"start":{"line":368,"column":25},"end":{"line":368,"column":50}},"160":{"start":{"line":369,"column":4},"end":{"line":375,"column":5}},"161":{"start":{"line":370,"column":6},"end":{"line":374,"column":9}},"162":{"start":{"line":378,"column":2},"end":{"line":378,"column":58}},"163":{"start":{"line":383,"column":20},"end":{"line":383,"column":96}},"164":{"start":{"line":384,"column":2},"end":{"line":384,"column":30}},"165":{"start":{"line":388,"column":20},"end":{"line":388,"column":45}},"166":{"start":{"line":389,"column":20},"end":{"line":389,"column":128}},"167":{"start":{"line":390,"column":2},"end":{"line":390,"column":85}}},"fnMap":{"0":{"name":"validateXrayConfig","decl":{"start":{"line":49,"column":16},"end":{"line":49,"column":34}},"loc":{"start":{"line":53,"column":1},"end":{"line":83,"column":1}}},"1":{"name":"(anonymous_1)","decl":{"start":{"line":61,"column":46},"end":{"line":61,"column":47}},"loc":{"start":{"line":61,"column":52},"end":{"line":61,"column":96}}},"2":{"name":"(anonymous_2)","decl":{"start":{"line":62,"column":50},"end":{"line":62,"column":51}},"loc":{"start":{"line":62,"column":56},"end":{"line":62,"column":100}}},"3":{"name":"(anonymous_3)","decl":{"start":{"line":70,"column":47},"end":{"line":70,"column":48}},"loc":{"start":{"line":70,"column":53},"end":{"line":70,"column":98}}},"4":{"name":"(anonymous_4)","decl":{"start":{"line":71,"column":51},"end":{"line":71,"column":52}},"loc":{"start":{"line":71,"column":57},"end":{"line":71,"column":102}}},"5":{"name":"validateInboundConfig","decl":{"start":{"line":88,"column":16},"end":{"line":88,"column":37}},"loc":{"start":{"line":88,"column":50},"end":{"line":134,"column":1}}},"6":{"name":"validateOutboundConfig","decl":{"start":{"line":139,"column":16},"end":{"line":139,"column":38}},"loc":{"start":{"line":139,"column":52},"end":{"line":159,"column":1}}},"7":{"name":"validateRoutingConfig","decl":{"start":{"line":164,"column":16},"end":{"line":164,"column":37}},"loc":{"start":{"line":164,"column":50},"end":{"line":182,"column":1}}},"8":{"name":"validateVlessInbound","decl":{"start":{"line":185,"column":9},"end":{"line":185,"column":29}},"loc":{"start":{"line":185,"column":42},"end":{"line":222,"column":1}}},"9":{"name":"validateVmessInbound","decl":{"start":{"line":224,"column":9},"end":{"line":224,"column":29}},"loc":{"start":{"line":224,"column":42},"end":{"line":251,"column":1}}},"10":{"name":"validateTrojanInbound","decl":{"start":{"line":253,"column":9},"end":{"line":253,"column":30}},"loc":{"start":{"line":253,"column":43},"end":{"line":283,"column":1}}},"11":{"name":"validateShadowsocksInbound","decl":{"start":{"line":285,"column":9},"end":{"line":285,"column":35}},"loc":{"start":{"line":285,"column":48},"end":{"line":302,"column":1}}},"12":{"name":"validateStreamSettings","decl":{"start":{"line":304,"column":9},"end":{"line":304,"column":31}},"loc":{"start":{"line":304,"column":62},"end":{"line":379,"column":1}}},"13":{"name":"isValidUUID","decl":{"start":{"line":382,"column":9},"end":{"line":382,"column":20}},"loc":{"start":{"line":382,"column":33},"end":{"line":385,"column":1}}},"14":{"name":"isValidIP","decl":{"start":{"line":387,"column":9},"end":{"line":387,"column":18}},"loc":{"start":{"line":387,"column":29},"end":{"line":391,"column":1}}}},"branchMap":{"0":{"loc":{"start":{"line":58,"column":2},"end":{"line":64,"column":3}},"type":"if","locations":[{"start":{"line":58,"column":2},"end":{"line":64,"column":3}}]},"1":{"loc":{"start":{"line":67,"column":2},"end":{"line":73,"column":3}},"type":"if","locations":[{"start":{"line":67,"column":2},"end":{"line":73,"column":3}}]},"2":{"loc":{"start":{"line":76,"column":2},"end":{"line":80,"column":3}},"type":"if","locations":[{"start":{"line":76,"column":2},"end":{"line":80,"column":3}}]},"3":{"loc":{"start":{"line":93,"column":2},"end":{"line":95,"column":3}},"type":"if","locations":[{"start":{"line":93,"column":2},"end":{"line":95,"column":3}}]},"4":{"loc":{"start":{"line":97,"column":2},"end":{"line":101,"column":3}},"type":"if","locations":[{"start":{"line":97,"column":2},"end":{"line":101,"column":3}},{"start":{"line":99,"column":9},"end":{"line":101,"column":3}}]},"5":{"loc":{"start":{"line":99,"column":9},"end":{"line":101,"column":3}},"type":"if","locations":[{"start":{"line":99,"column":9},"end":{"line":101,"column":3}}]},"6":{"loc":{"start":{"line":103,"column":2},"end":{"line":105,"column":3}},"type":"if","locations":[{"start":{"line":103,"column":2},"end":{"line":105,"column":3}}]},"7":{"loc":{"start":{"line":103,"column":6},"end":{"line":103,"column":63}},"type":"binary-expr","locations":[{"start":{"line":103,"column":6},"end":{"line":103,"column":19}},{"start":{"line":103,"column":23},"end":{"line":103,"column":39}},{"start":{"line":103,"column":43},"end":{"line":103,"column":63}}]},"8":{"loc":{"start":{"line":108,"column":2},"end":{"line":124,"column":3}},"type":"if","locations":[{"start":{"line":108,"column":2},"end":{"line":124,"column":3}},{"start":{"line":112,"column":9},"end":{"line":124,"column":3}}]},"9":{"loc":{"start":{"line":112,"column":9},"end":{"line":124,"column":3}},"type":"if","locations":[{"start":{"line":112,"column":9},"end":{"line":124,"column":3}},{"start":{"line":116,"column":9},"end":{"line":124,"column":3}}]},"10":{"loc":{"start":{"line":116,"column":9},"end":{"line":124,"column":3}},"type":"if","locations":[{"start":{"line":116,"column":9},"end":{"line":124,"column":3}},{"start":{"line":120,"column":9},"end":{"line":124,"column":3}}]},"11":{"loc":{"start":{"line":120,"column":9},"end":{"line":124,"column":3}},"type":"if","locations":[{"start":{"line":120,"column":9},"end":{"line":124,"column":3}}]},"12":{"loc":{"start":{"line":127,"column":2},"end":{"line":131,"column":3}},"type":"if","locations":[{"start":{"line":127,"column":2},"end":{"line":131,"column":3}}]},"13":{"loc":{"start":{"line":143,"column":2},"end":{"line":145,"column":3}},"type":"if","locations":[{"start":{"line":143,"column":2},"end":{"line":145,"column":3}}]},"14":{"loc":{"start":{"line":147,"column":2},"end":{"line":151,"column":3}},"type":"if","locations":[{"start":{"line":147,"column":2},"end":{"line":151,"column":3}},{"start":{"line":149,"column":9},"end":{"line":151,"column":3}}]},"15":{"loc":{"start":{"line":149,"column":9},"end":{"line":151,"column":3}},"type":"if","locations":[{"start":{"line":149,"column":9},"end":{"line":151,"column":3}}]},"16":{"loc":{"start":{"line":154,"column":2},"end":{"line":156,"column":3}},"type":"if","locations":[{"start":{"line":154,"column":2},"end":{"line":156,"column":3}}]},"17":{"loc":{"start":{"line":154,"column":6},"end":{"line":154,"column":62}},"type":"binary-expr","locations":[{"start":{"line":154,"column":6},"end":{"line":154,"column":26}},{"start":{"line":154,"column":30},"end":{"line":154,"column":62}}]},"18":{"loc":{"start":{"line":168,"column":2},"end":{"line":179,"column":3}},"type":"if","locations":[{"start":{"line":168,"column":2},"end":{"line":179,"column":3}}]},"19":{"loc":{"start":{"line":168,"column":6},"end":{"line":168,"column
[...]
"line":228,"column":84}},"62":{"start":{"line":232,"column":4},"end":{"line":232,"column":100}},"63":{"start":{"line":236,"column":4},"end":{"line":236,"column":104}},"64":{"start":{"line":240,"column":4},"end":{"line":240,"column":93}},"65":{"start":{"line":248,"column":19},"end":{"line":248,"column":54}},"66":{"start":{"line":249,"column":4},"end":{"line":249,"column":77}},"67":{"start":{"line":250,"column":4},"end":{"line":250,"column":97}},"68":{"start":{"line":254,"column":4},"end":{"line":254,"column":74}},"69":{"start":{"line":258,"column":4},"end":{"line":258,"column":71}},"70":{"start":{"line":262,"column":19},"end":{"line":262,"column":54}},"71":{"start":{"line":263,"column":4},"end":{"line":263,"column":77}},"72":{"start":{"line":267,"column":4},"end":{"line":267,"column":68}},"73":{"start":{"line":278,"column":21},"end":{"line":278,"column":43}},"74":{"start":{"line":279,"column":17},"end":{"line":279,"column":18}},"75":{"start":{"line":280,"column":19},"end":{"line":280,"column":20}},"76":{"start":{"line":282,"column":4},"end":{"line":301,"column":5}},"77":{"start":{"line":284,"column":6},"end":{"line":286,"column":7}},"78":{"start":{"line":285,"column":8},"end":{"line":285,"column":79}},"79":{"start":{"line":287,"column":6},"end":{"line":289,"column":7}},"80":{"start":{"line":288,"column":8},"end":{"line":288,"column":83}},"81":{"start":{"line":291,"column":6},"end":{"line":298,"column":7}},"82":{"start":{"line":292,"column":8},"end":{"line":294,"column":9}},"83":{"start":{"line":293,"column":10},"end":{"line":293,"column":86}},"84":{"start":{"line":295,"column":8},"end":{"line":297,"column":9}},"85":{"start":{"line":296,"column":10},"end":{"line":296,"column":90}},"86":{"start":{"line":299,"column":6},"end":{"line":299,"column":25}},"87":{"start":{"line":300,"column":6},"end":{"line":300,"column":29}},"88":{"start":{"line":304,"column":4},"end":{"line":306,"column":5}},"89":{"start":{"line":305,"column":6},"end":{"line":305,"column":72}},"90":{"start":{"line":307,"column":4},"end":{"line":309,"column":5}},"91":{"start":{"line":308,"column":6},"end":{"line":308,"column":76}},"92":{"start":{"line":311,"column":4},"end":{"line":311,"column":26}},"93":{"start":{"line":315,"column":23},"end":{"line":318,"column":6}},"94":{"start":{"line":319,"column":4},"end":{"line":319,"column":76}},"95":{"start":{"line":323,"column":18},"end":{"line":323,"column":58}},"96":{"start":{"line":324,"column":20},"end":{"line":324,"column":62}},"97":{"start":{"line":325,"column":23},"end":{"line":328,"column":6}},"98":{"start":{"line":329,"column":4},"end":{"line":329,"column":76}},"99":{"start":{"line":333,"column":77},"end":{"line":340,"column":6}},"100":{"start":{"line":341,"column":4},"end":{"line":341,"column":94}},"101":{"start":{"line":355,"column":4},"end":{"line":359,"column":5}},"102":{"start":{"line":356,"column":19},"end":{"line":356,"column":67}},"103":{"start":{"line":356,"column":68},"end":{"line":356,"column":74}},"104":{"start":{"line":357,"column":22},"end":{"line":357,"column":73}},"105":{"start":{"line":357,"column":74},"end":{"line":357,"column":80}},"106":{"start":{"line":358,"column":21},"end":{"line":358,"column":71}},"107":{"start":{"line":358,"column":72},"end":{"line":358,"column":78}},"108":{"start":{"line":360,"column":22},"end":{"line":360,"column":32}},"109":{"start":{"line":361,"column":17},"end":{"line":361,"column":60}},"110":{"start":{"line":363,"column":4},"end":{"line":363,"column":49}},"111":{"start":{"line":365,"column":4},"end":{"line":365,"column":99}},"112":{"start":{"line":366,"column":4},"end":{"line":366,"column":62}},"113":{"start":{"line":375,"column":4},"end":{"line":379,"column":5}},"114":{"start":{"line":376,"column":19},"end":{"line":376,"column":67}},"115":{"start":{"line":376,"column":68},"end":{"line":376,"column":74}},"116":{"start":{"line":377,"column":22},"end":{"line":377,"column":73}},"117":{"start":{"line":377,"column":74},"end":{"line":377,"column":80}},"118":{"start":{"line":378,"column":21},"end":{"line":378,"column":71}},"119":{"start":{"line":378,"column":72},"end":{"line":378,"column":78}},"120":{"start":{"line":380,"column":18},"end":{"line":380,"column":71}},"121":{"start":{"line":381,"column":4},"end":{"line":381,"column":47}},"122":{"start":{"line":381,"column":29},"end":{"line":381,"column":45}},"123":{"start":{"line":389,"column":16},"end":{"line":389,"column":26}},"124":{"start":{"line":390,"column":20},"end":{"line":390,"column":88}},"125":{"start":{"line":392,"column":4},"end":{"line":394,"column":5}},"126":{"start":{"line":393,"column":6},"end":{"line":393,"column":40}},"127":{"start":{"line":396,"column":20},"end":{"line":396,"column":61}},"128":{"start":{"line":396,"column":47},"end":{"line":396,"column":57}},"129":{"start":{"line":397,"column":22},"end":{"line":397,"column":65}},"130":{"start":{"line":397,"column":49},"end":{"line":397,"column":61}},"131":{"start":{"line":398,"column":24},"end":{"line":398,"column":39}},"132":{"start":{"line":400,"column":4},"end":{"line":403,"column":6}},"133":{"start":{"line":40,"column":13},"end":{"line":40,"column":25}},"134":{"start":{"line":40,"column":13},"end":{"line":405,"column":null}}},"fnMap":{"0":{"name":"(anonymous_3)","decl":{"start":{"line":45,"column":2},"end":{"line":45,"column":22}},"loc":{"start":{"line":45,"column":50},"end":{"line":50,"column":3}}},"1":{"name":"(anonymous_4)","decl":{"start":{"line":52,"column":2},"end":{"line":52,"column":17}},"loc":{"start":{"line":52,"column":17},"end":{"line":56,"column":3}}},"2":{"name":"(anonymous_5)","decl":{"start":{"line":61,"column":2},"end":{"line":61,"column":7}},"loc":{"start":{"line":61,"column":12},"end":{"line":63,"column":3}}},"3":{"name":"(anonymous_6)","decl":{"start":{"line":65,"column":2},"end":{"line":65,"column":11}},"loc":{"start":{"line":65,"column":11},"end":{"line":67,"column":3}}},"4":{"name":"(anonymous_7)","decl":{"start":{"line":69,"column":2},"end":{"line":69,"column":15}},"loc":{"start":{"line":69,"column":15},"end":{"line":71,"column":3}}},"5":{"name":"(anonymous_8)","decl":{"start":{"line":77,"column":2},"end":{"line":77,"column":7}},"loc":{"start":{"line":77,"column":48},"end":{"line":79,"column":3}}},"6":{"name":"(anonymous_9)","decl":{"start":{"line":81,"column":2},"end":{"line":81,"column":7}},"loc":{"start":{"line":81,"column":67},"end":{"line":88,"column":3}}},"7":{"name":"(anonymous_10)","decl":{"start":{"line":83,"column":34},"end":{"line":83,"column":35}},"loc":{"start":{"line":83,"column":46},"end":{"line":87,"column":5}}},"8":{"name":"(anonymous_11)","decl":{"start":{"line":91,"column":2},"end":{"line":91,"column":7}},"loc":{"start":{"line":91,"column":52},"end":{"line":93,"column":3}}},"9":{"name":"(anonymous_12)","decl":{"start":{"line":95,"column":2},"end":{"line":95,"column":7}},"loc":{"start":{"line":95,"column":50},"end":{"line":97,"column":3}}},"10":{"name":"(anonymous_13)","decl":{"start":{"line":99,"column":2},"end":{"line":99,"column":7}},"loc":{"start":{"line":99,"column":44},"end":{"line":101,"column":3}}},"11":{"name":"(anonymous_14)","decl":{"start":{"line":103,"column":2},"end":{"line":103,"column":7}},"loc":{"start":{"line":103,"column":46},"end":{"line":105,"column":3}}},"12":{"name":"(anonymous_15)","decl":{"start":{"line":111,"column":2},"end":{"line":111,"column":7}},"loc":{"start":{"line":111,"column":23},"end":{"line":113,"column":3}}},"13":{"name":"(anonymous_16)","decl":{"start":{"line":115,"column":2},"end":{"line":115,"column":7}},"loc":{"start":{"line":115,"column":59},"end":{"line":121,"column":3}}},"14":{"name":"(anonymous_17)","decl":{"start":{"line":123,"column":2},"end":{"line":123,"column":7}},"loc":{"start":{"line":123,"column":23},"end":{"line":125,"column":3}}},"15":{"name":"(anonymous_18)","decl":{"start":{"line":127,"column":2},"end":{"line":127,"column":7}},"loc":{"start":{"line":127,"column":28},"end":{"line":129,"column":3}}},"16":{"name":"(anonymous_19)","decl":{"start":{"line":135,"column":2},"end":{"line":135,"column":7}},"loc":{"start":{"line":135,"column":36},"end":{"line":137,"column":3}}},"17":{"name":"(anonymous_20)","decl":{"start":{"line":139,"column":2},"end":{"line":139,"column":7}},"loc":{"start":{"line":139,"column":50},"end":{"line":141,"column":3}}},"18":{"name":"(anonymous_21)","decl":{"start":{"line":143,"column":2},"end":{"line":143,"column":7}},"loc":{"start":{"line":143,"column":35},"end":{"line":145,"column":3}}},"19":{"name":"(anonymous_22)","decl":{"start":{"line":147,"column":2},"end":{"line":147,"column":7}},"loc":{"start":{"line":147,"column":49},"end":{"line":149,"column":3}}},"20":{"name":"(anonymous_23)","decl":{"start":{"line":151,"column":2},"end":{"line":151,"column":7}},"loc":{"start":{"line":151,"column":42},"end":{"line":154,"column":3}}},"21":{"name":"(anonymous_24)","decl":{"start":{"line":160,"column":2},"end":{"line":160,"column":7}},"loc":{"start":{"line":160,"column":52},"end":{"line":166,"column":3}}},"22":{"name":"(anonymous_25)","decl":{"start":{"line":168,"column":2},"end":{"line":168,"column":7}},"loc":{"start":{"line":168,"column":36},"end":{"line":171,"column":3}}},"23":{"name":"(anonymous_26)","decl":{"start":{"line":173,"column":2},"end":{"line":173,"column":7}},"loc":{"start":{"line":173,"column":26},"end":{"line":182,"column":3}}},"24":{"name":"(anonymous_27)","decl":{"start":{"line":188,"column":2},"end":{"line":188,"column":7}},"loc":{"start":{"line":188,"column":54},"end":{"line":194,"column":3}}},"25":{"name":"(anonymous_28)","decl":{"start":{"line":196,"column":2},"end":{"line":196,"column":7}},"loc":{"start":{"line":196,"column":37},"end":{"line":199,"column":3}}},"26":{"name":"(anonymous_29)","decl":{"start":{"line":205,"column":2},"end":{"line":205,"column":7}},"loc":{"start":{"line":205,"column":54},"end":{"line":208,"column":3}}},"27":{"name":"(anonymous_30)","decl":{"start":{"line":210,"column":2},"end":{"line":210,"column":7}},"loc":{"start":{"line":210,"column":36},"end":{"line":217,"column":3}}},"28":{"name":"(anonymous_31)","decl":{"start":{"line":216,"column":21},"end":{"line":216,"column":22}},"loc":{"start":{"line":216,"column":31},"end":{"line":216,"column":47}}},"29":{"name":"(anonymous_32)","decl":{"start":{"line":219,"column":2},"end":{"line":219,"column":7}},"loc":{"start":{"line":219,"column":31},"end":{"line":221,"column":3}}},"30":{"name":"(anonymous_33)","decl":{"start":{"line":227,"column":2},"end":{"line":227,"column":7}},"loc":{"start":{"line":227,"column":73},"end":{"line":229,"column":3}}},"31":{"name":"(anonymous_34)","decl":{"start":{"line":231,"column":2},"end":{"line":231,"column":7}},"loc":{"start":{"line":231,"column":61},"end":{"line":233,"column":3}}},"32":{"name":"(anonymous_35)","decl":{"start":{"line":235,"column":2},"end":{"line":235,"column":7}},"loc":{"start":{"line":235,"column":66},"end":{"line":237,"column":3}}},"33":{"name":"(anonymous_36)","decl":{"start":{"line":239,"column":2},"end":{"line":239,"column":7}},"loc":{"start":{"line":239,"column":63},"end":{"line":241,"column":3}}},"34":{"name":"(anonymous_37)","decl":{"start":{"line":247,"column":2},"end":{"line":247,"column":7}},"loc":{"start":{"line":247,"column":71},"end":{"line":251,"column":3}}},"35":{"name":"(anonymous_38)","decl":{"start":{"line":253,"column":2},"end":{"line":253,"column":7}},"loc":{"start":{"line":253,"column":41},"end":{"line":255,"column":3}}},"36":{"name":"(anonymous_39)","decl":{"start":{"line":257,"column":2},"end":{"line":257,"column":7}},"loc":{"start":{"line":257,"column":43},"end":{"line":259,"column":3}}},"37":{"name":"(anonymous_40)","decl":{"start":{"line":261,"column":2},"end":{"line":261,"column":7}},"loc":{"start":{"line":261,"column":74},"end":{"line":264,"column":3}}},"38":{"name":"(anonymous_41)","decl":{"start":{"line":266,"column":2},"end":{"line":266,"column":7}},"loc":{"start":{"line":266,"column":43},"end":{"line":268,"column":3}}},"39":{"name":"(anonymous_42)","decl":{"start":{"line":274,"column":2},"end":{"line":274,"column":7}},"loc":{"start":{"line":276,"column":92},"end":{"line":312,"column":3}}},"40":{"name":"(anonymous_43)","decl":{"start":{"line":314,"column":2},"end":{"line":314,"column":7}},"loc":{"start":{"line":314,"column":41},"end":{"line":320,"column":3}}},"41":{"name":"(anonymous_44)","decl":{"start":{"line":322,"column":2},"end":{"line":322,"column":7}},"loc":{"start":{"line":322,"column":49},"end":{"line":330,"column":3}}},"42":{"name":"(anonymous_45)","decl":{"start":{"line":332,"column":2},"end":{"line":332,"column":7}},"loc":{"start":{"line":332,"column":32},"end":{"line":342,"column":3}}},"43":{"name":"(anonymous_46)","decl":{"start":{"line":348,"column":2},"end":{"line":348,"column":7}},"loc":{"start":{"line":352,"column":16},"end":{"line":367,"column":3}}},"44":{"name":"(anonymous_47)","decl":{"start":{"line":369,"column":2},"end":{"line":369,"column":7}},"loc":{"start":{"line":372,"column":19},"end":{"line":382,"column":3}}},"45":{"name":"(anonymous_48)","decl":{"start":{"line":381,"column":21},"end":{"line":381,"column":25}},"loc":{"start":{"line":381,"column":29},"end":{"line":381,"column":45}}},"46":{"name":"(anonymous_49)","decl":{"start":{"line":384,"column":2},"end":{"line":384,"column":7}},"loc":{"start":{"line":387,"column":20},"end":{"line":404,"column":3}}},"47":{"name":"(anonymous_50)","decl":{"start":{"line":396,"column":35},"end":{"line":396,"column":36}},"loc":{"start":{"line":396,"column":47},"end":{"line":396,"column":57}}},"48":{"name":"(anonymous_51)","decl":{"start":{"line":397,"column":37},"end":{"line":397,"column":38}},"loc":{"start":{"line":397,"column":49},"end":{"line":397,"column":61}}}},"branchMap":{"0":{"loc":{"start":{"line":84,"column":6},"end":{"line":86,"column":7}},"type":"if","locations":[{"start":{"line":84,"column":6},"end":{"line":86,"column":7}}]},"1":{"loc":{"start":{"line":116,"column":4},"end":{"line":120,"column":5}},"type":"if","locations":[{"start":{"line":116,"column":4},"end":{"line":120,"column":5}},{"start":{"line":118,"column":11},"end":{"line":120,"column":5}}]},"2":{"loc":{"start":{"line":170,"column":11},"end":{"line":170,"column":41}},"type":"cond-expr","locations":[{"start":{"line":170,"column":18},"end":{"line":170,"column":34}},{"start":{"line":170,"column":37},"end":{"line":170,"column":41}}]},"3":{"loc":{"start":{"line":179,"column":6},"end":{"line":179,"column":53}},"type":"if","locations":[{"start":{"line":179,"column":6},"end":{"line":179,"column":53}}]},"4":{"loc":{"start":{"line":198,"column":11},"end":{"line":198,"column":41}},"type":"cond-expr","locations":[{"start":{"line":198,"column":18},"end":{"line":198,"column":34}},{"start":{"line":198,"column":37},"end":{"line":198,"column":41}}]},"5":{"loc":{"start":{"line":213,"column":4},"end":{"line":215,"column":5}},"type":"if","locations":[{"start":{"line":213,"column":4},"end":{"line":215,"column":5}}]},"6":{"loc":{"start":{"line":248,"column":19},"end":{"line":248,"column":54}},"type":"cond-expr","locations":[{"start":{"line":248,"column":30},"end":{"line":248,"column":49}},{"start":{"line":248,"column":52},"end":{"line":248,"column":54}}]},"7":{"loc":{"start":{"line":262,"column":19},"end":{"line":262,"column":54}},"type":"cond-expr","locations":[{"start":{"line":262,"column":30},"end":{"line":262,"column":49}},{"start":{"line":262,"column":52},"end":{"line":262,"column":54}}]},"8":{"loc":{"start":{"line":284,"column":6},"end":{"line":286,"column":7}},"type":"if","locations":[{"start":{"line":284,"column":6},"end":{"line":286,"column":7}}]},"9":{"loc":{"start":{"line":287,"column":6},"end":{"line":289,"column":7}},"type":"if","locations":[{"start":{"line":287,"column":6},"end":{"line":289,"column":7}}]},"10":{"loc":{"start":{"line":291,"column":6},"end":{"line":298,"column":7}},"type":"if","locations":[{"start":{"line":291,"column":6},"end":{"line":298,"column":7}}]},"11":{"loc":{"start":{"line":292,"column":8},"end":{"line":294,"column":9}},"type":"if","locations":[{"start":{"line":292,"column":8},"end":{"line":294,"column":9}}]},"12":{"loc":{"start":{"line":295,"column":8},"end":{"line":297,"column":9}},"type":"if","locations":[{"start":{"line":295,"column":8},"end":{"line":297,"column":9}}]},"13":{"loc":{"start":{"line":304,"column":4},"end":{"line":306,"column":5}},"type":"if","locations":[{"start":{"line":304,"column":4},"end":{"line":306,"column":5}}]},"14":{"loc":{"start":{"line":307,"column":4},"end":{"line":309,"column":5}},"type":"if","locations":[{"start":{"line":307,"column":4},"end":{"line":309,"column":5}}]},"15":{"loc":{"start":{"line":319,"column":26},"end":{"line":319,"column":35}},"type":"binary-expr","locations":[{"start":{"line":319,"column":26},"end":{"line":319,"column":28}},{"start":{"line":319,"column":32},"end":{"line":319,"column":35}}]},"16":{"loc":{"start":{"line":319,"column":57},"end":{"line":319,"column":68}},"type":"binary-expr","locations":[{"start":{"line":319,"column":57},"end":{"line":319,"column":61}},{"start":{"line":319,"column":65},"end":{"line":319,"column":68}}]},"17":{"loc":{"start":{"line":329,"column":26},"end":{"line":329,"column":35}},"type":"binary-expr","locations":[{"start":{"line":329,"column":26},"end":{"line":329,"column":28}},{"start":{"line":329,"column":32},"end":{"line":329,"column":35}}]},"18":{"loc":{"start":{"line":329,"column":57},"end":{"line":329,"column":68}},"type":"binary-expr","locations":[{"start":{"line":329,"column":57},"end":{"line":329,"column":61}},{"start":{"line":329,"column":65},"end":{"line":329,"column":68}}]},"19":{"loc":{"start":{"line":355,"column":4},"end":{"line":359,"column":5}},"type":"switch","locations":[{"start":{"line":356,"column":6},"end":{"line":356,"column":74}},{"start":{"line":357,"column":6},"end":{"line":357,"column":80}},{"start":{"line":358,"column":6},"end":{"line":358,"column":78}}]},"20":{"loc":{"start":{"line":375,"column":4},"end":{"line":379,"column":5}},"type":"switch","locations":[{"start":{"line":376,"column":6},"end":{"line":376,"column":74}},{"start":{"line":377,"column":6},"end":{"line":377,"column":80}},{"start":{"line":378,"column":6},"end":{"line":378,"column":78}}]},"21":{"loc":{"start":{"line":387,"column":4},"end":{"line":387,"column":20}},"type":"default-arg","locations":[{"start":{"line":387,"column":15},"end":{"line":387,"column":20}}]},"22":{"loc":{"start":{"line":392,"column":4},"end":{"line":394,"column":5}},"type":"if","locations":[{"start":{"line":392,"column":4},"end":{"line":394,"column":5}}]}},"s":{"0":6,"1":6,"2":6,"3":6,"4":6,"5":6,"6":0,"7":0,"8":0,"9":0,"10":0,"11":0,"12":0,"13":0,"14":0,"15":0,"16":0,"17":0,"18":0,"19":0,"20":0,"21":0,"22":0,"23":0,"24":0,"25":0,"26":0,"27":0,"28":0,"29":0,"30":0,"31":0,"32":0,"33":0,"34":0,"35":0,"36":0,"37":0,"38":0,"39":0,"40":0,"41":0,"42":0,"43":0,"44":0,"45":0,"46":0,"47":0,"48":0,"49":0,"50":0,"51":0,"52":0,"53":0,"54":0,"55":0,"56":0,"57":0,"58":0,"59":0,"60":0,"61":0,"62":0,"63":0,"64":0,"65":0,"66":0,"67":0,"68":0,"69":0,"70":0,"71":0,"72":0,"73":0,"74":0,"75":0,"76":0,"77":0,"78":0,"79":0,"80":0,"81":0,"82":0,"83":0,"84":0,"85":0,"86":0,"87":0,"88":0,"89":0,"90":0,"91":0,"92":0,"93":0,"94":0,"95":0,"96":0,"97":0,"98":0,"99":0,"100":0,"101":0,"102":0,"103":0,"104":0,"105":0,"106":0,"107":0,"108":0,"109":0,"110":0,"111":0,"112":0,"113":0,"114":0,"115":0,"116":0,"117":0,"118":0,"119":0,"120":0,"121":0,"122":0,"123":0,"124":0,"125":0,"126":0,"127":0,"128":0,"129":0,"130":0,"131":0,"132":0,"133":6,"134":6},"f":{"0":0,"1":0,"2":0,"3":0,"4":0,"5":0,"6":0,"7":0,"8":0,"9":0,"10":0,"11":0,"12":0,"13":0,"14":0,"15":0,"16":0,"17":0,"18":0,"19":0,"20":0,"21":0,"22":0,"23":0,"24":0,"25":0,"26":0,"27":0,"28":0,"29":0,"30":0,"31":0,"32":0,"33":0,"34":0,"35":0,"36":0,"37":0,"38":0,"39":0,"40":0,"41":0,"42":0,"43":0,"44":0,"45":0,"46":0,"47":0,"48":0},"b":{"0":[0],"1":[0,0],"2":[0,0],"3":[0],"4":[0,0],"5":[0],"6":[0,0],"7":[0,0],"8":[0],"9":[0],"10":[0],"11":[0],"12":[0],"13":[0],"14":[0],"15":[0,0],"16":[0,0],"17":[0,0],"18":[0,0],"19":[0,0,0],"20":[0,0,0],"21":[0],"22":[0]}}
}
