TN:
SF:src/app.module.ts
FN:46,(anonymous_1)
FNF:1
FNH:0
FNDA:0,(anonymous_1)
DA:1,0
DA:2,0
DA:3,0
DA:4,0
DA:5,0
DA:6,0
DA:7,0
DA:8,0
DA:9,0
DA:10,0
DA:11,0
DA:12,0
DA:13,0
DA:14,0
DA:15,0
DA:16,0
DA:17,0
DA:18,0
DA:19,0
DA:20,0
DA:21,0
DA:22,0
DA:23,0
DA:24,0
DA:25,0
DA:26,0
DA:27,0
DA:28,0
DA:29,0
DA:30,0
DA:31,0
DA:32,0
DA:33,0
DA:46,0
DA:112,0
LF:35
LH:0
BRDA:49,0,0,0
BRDA:49,0,1,0
BRF:2
BRH:0
end_of_record
TN:
SF:src/main.ts
FN:9,(anonymous_0)
FN:13,bootstrap
FNF:2
FNH:0
FNDA:0,(anonymous_0)
FNDA:0,bootstrap
DA:1,0
DA:2,0
DA:3,0
DA:4,0
DA:5,0
DA:6,0
DA:9,0
DA:10,0
DA:14,0
DA:17,0
DA:18,0
DA:21,0
DA:24,0
DA:30,0
DA:39,0
DA:40,0
DA:47,0
DA:48,0
DA:51,0
DA:52,0
DA:53,0
DA:56,0
LF:22
LH:0
BRDA:21,0,0,0
BRDA:21,0,1,0
BRDA:25,1,0,0
BRDA:25,1,1,0
BRDA:39,2,0,0
BRDA:51,3,0,0
BRDA:51,3,1,0
BRF:7
BRH:0
end_of_record
TN:
SF:src/common/alert/alert.module.ts
FNF:0
FNH:0
DA:1,0
DA:2,0
DA:9,0
LF:3
LH:0
BRF:0
BRH:0
end_of_record
TN:
SF:src/common/alert/alert.service.ts
FN:32,(anonymous_4)
FN:44,(anonymous_5)
FN:71,(anonymous_6)
FN:91,(anonymous_7)
FNF:4
FNH:0
FNDA:0,(anonymous_4)
FNDA:0,(anonymous_5)
FNDA:0,(anonymous_6)
FNDA:0,(anonymous_7)
DA:1,0
DA:2,0
DA:3,0
DA:4,0
DA:29,0
DA:34,0
DA:35,0
DA:36,0
DA:38,0
DA:45,0
DA:50,0
DA:65,0
DA:72,0
DA:85,0
DA:92,0
DA:95,0
DA:96,0
DA:97,0
DA:102,0
DA:104,0
DA:109,0
DA:110,0
DA:116,0
LF:23
LH:0
BRDA:53,0,0,0
BRDA:53,0,1,0
BRDA:54,1,0,0
BRDA:54,1,1,0
BRDA:95,2,0,0
BRF:5
BRH:0
end_of_record
TN:
SF:src/common/config/config.validation.ts
FN:8,(anonymous_2)
FN:59,validateConfig
FN:70,(anonymous_4)
FNF:3
FNH:0
FNDA:0,(anonymous_2)
FNDA:0,validateConfig
FNDA:0,(anonymous_4)
DA:1,0
DA:2,0
DA:8,0
DA:12,0
DA:17,0
DA:23,0
DA:27,0
DA:34,0
DA:38,0
DA:43,0
DA:48,0
DA:52,0
DA:59,0
DA:60,0
DA:64,0
DA:68,0
DA:69,0
DA:70,0
DA:72,0
DA:76,0
DA:77,0
DA:80,0
DA:81,0
DA:84,0
LF:24
LH:0
BRDA:68,0,0,0
BRDA:70,1,0,0
BRDA:70,1,1,0
BRDA:76,2,0,0
BRDA:80,3,0,0
BRF:5
BRH:0
end_of_record
TN:
SF:src/common/interceptors/audit-log.interceptor.ts
FN:15,(anonymous_4)
FN:21,(anonymous_5)
FN:48,(anonymous_6)
FN:73,(anonymous_7)
FN:83,(anonymous_8)
FNF:5
FNH:0
FNDA:0,(anonymous_4)
FNDA:0,(anonymous_5)
FNDA:0,(anonymous_6)
FNDA:0,(anonymous_7)
FNDA:0,(anonymous_8)
DA:1,0
DA:3,0
DA:4,0
DA:5,0
DA:14,0
DA:17,0
DA:18,0
DA:22,0
DA:23,0
DA:26,0
DA:27,0
DA:31,0
DA:32,0
DA:33,0
DA:36,0
DA:37,0
DA:38,0
DA:41,0
DA:42,0
DA:43,0
DA:44,0
DA:45,0
DA:47,0
DA:49,0
DA:50,0
DA:67,0
DA:74,0
DA:75,0
DA:77,0
DA:78,0
DA:79,0
DA:85,0
DA:86,0
DA:88,0
DA:89,0
DA:90,0
DA:91,0
DA:95,0
DA:96,0
LF:39
LH:0
BRDA:26,0,0,0
BRDA:31,1,0,0
BRDA:31,1,1,0
BRDA:32,2,0,0
BRDA:37,3,0,0
BRDA:43,4,0,0
BRDA:43,4,1,0
BRDA:43,4,2,0
BRDA:44,5,0,0
BRDA:44,5,1,0
BRDA:53,6,0,0
BRDA:53,6,1,0
BRDA:54,7,0,0
BRDA:54,7,1,0
BRDA:57,8,0,0
BRDA:57,8,1,0
BRDA:57,8,2,0
BRDA:59,9,0,0
BRDA:59,9,1,0
BRDA:60,10,0,0
BRDA:60,10,1,0
BRDA:74,11,0,0
BRDA:74,11,1,0
BRDA:74,11,2,0
BRDA:74,11,3,0
BRDA:74,11,4,0
BRDA:89,12,0,0
BRDA:89,13,0,0
BRDA:89,13,1,0
BRDA:95,14,0,0
BRDA:95,14,1,0
BRDA:95,14,2,0
BRDA:95,14,3,0
BRF:33
BRH:0
end_of_record
TN:
SF:src/common/interceptors/index.ts
FNF:0
FNH:0
DA:1,0
LF:1
LH:0
BRF:0
BRH:0
end_of_record
TN:
SF:src/common/validators/inbound.validator.ts
FN:40,(anonymous_2)
FN:45,(anonymous_3)
FN:95,(anonymous_4)
FN:123,(anonymous_5)
FN:137,(anonymous_6)
FN:176,(anonymous_7)
FN:206,(anonymous_8)
FNF:7
FNH:0
FNDA:0,(anonymous_2)
FNDA:0,(anonymous_3)
FNDA:0,(anonymous_4)
FNDA:0,(anonymous_5)
FNDA:0,(anonymous_6)
FNDA:0,(anonymous_7)
FNDA:0,(anonymous_8)
DA:6,0
DA:7,0
DA:8,0
DA:39,0
DA:40,0
DA:46,0
DA:47,0
DA:50,0
DA:51,0
DA:54,0
DA:55,0
DA:58,0
DA:59,0
DA:63,0
DA:64,0
DA:65,0
DA:69,0
DA:70,0
DA:71,0
DA:75,0
DA:76,0
DA:77,0
DA:80,0
DA:81,0
DA:82,0
DA:85,0
DA:86,0
DA:87,0
DA:89,0
DA:96,0
DA:97,0
DA:99,0
DA:107,0
DA:110,0
DA:116,0
DA:117,0
DA:124,0
DA:131,0
DA:138,0
DA:139,0
DA:140,0
DA:142,0
DA:144,0
DA:145,0
DA:147,0
DA:151,0
DA:155,0
DA:156,0
DA:158,0
DA:161,0
DA:162,0
DA:164,0
DA:165,0
DA:167,0
DA:170,0
DA:177,0
DA:178,0
DA:180,0
DA:182,0
DA:183,0
DA:184,0
DA:186,0
DA:187,0
DA:189,0
DA:190,0
DA:194,0
DA:195,0
DA:196,0
DA:200,0
DA:207,0
DA:208,0
DA:210,0
DA:212,0
DA:213,0
DA:214,0
DA:218,0
DA:219,0
DA:220,0
DA:224,0
LF:79
LH:0
BRDA:50,0,0,0
BRDA:50,1,0,0
BRDA:50,1,1,0
BRDA:54,2,0,0
BRDA:54,3,0,0
BRDA:54,3,1,0
BRDA:58,4,0,0
BRDA:58,5,0,0
BRDA:58,5,1,0
BRDA:58,5,2,0
BRDA:64,6,0,0
BRDA:70,7,0,0
BRDA:96,8,0,0
BRDA:96,8,1,0
BRDA:102,9,0,0
BRDA:102,9,1,0
BRDA:107,10,0,0
BRDA:107,10,1,0
BRDA:128,11,0,0
BRDA:128,11,1,0
BRDA:140,12,0,0
BRDA:140,12,1,0
BRDA:142,13,0,0
BRDA:142,13,1,0
BRDA:142,13,2,0
BRDA:142,13,3,0
BRDA:144,14,0,0
BRDA:144,15,0,0
BRDA:144,15,1,0
BRDA:155,16,0,0
BRDA:155,17,0,0
BRDA:155,17,1,0
BRDA:161,18,0,0
BRDA:164,19,0,0
BRDA:180,20,0,0
BRDA:180,20,1,0
BRDA:182,21,0,0
BRDA:183,22,0,0
BRDA:186,23,0,0
BRDA:186,24,0,0
BRDA:186,24,1,0
BRDA:189,25,0,0
BRDA:189,26,0,0
BRDA:189,26,1,0
BRDA:194,27,0,0
BRDA:195,28,0,0
BRDA:210,29,0,0
BRDA:210,29,1,0
BRDA:212,30,0,0
BRDA:213,31,0,0
BRDA:218,32,0,0
BRDA:219,33,0,0
BRF:52
BRH:0
end_of_record
TN:
SF:src/common/validators/index.ts
FNF:0
FNH:0
DA:1,0
DA:2,0
DA:3,0
DA:4,0
LF:4
LH:0
BRF:0
BRH:0
end_of_record
TN:
SF:src/common/validators/outbound.validator.ts
FN:29,(anonymous_2)
FN:34,(anonymous_3)
FN:69,(anonymous_4)
FN:83,(anonymous_5)
FN:136,(anonymous_6)
FNF:5
FNH:0
FNDA:0,(anonymous_2)
FNDA:0,(anonymous_3)
FNDA:0,(anonymous_4)
FNDA:0,(anonymous_5)
FNDA:0,(anonymous_6)
DA:6,1
DA:7,1
DA:8,1
DA:28,1
DA:29,0
DA:35,0
DA:36,0
DA:39,0
DA:40,0
DA:43,0
DA:44,0
DA:48,0
DA:49,0
DA:50,0
DA:54,0
DA:55,0
DA:56,0
DA:59,0
DA:60,0
DA:63,0
DA:70,0
DA:77,0
DA:84,0
DA:85,0
DA:86,0
DA:88,0
DA:91,0
DA:95,0
DA:102,0
DA:103,0
DA:105,0
DA:106,0
DA:108,0
DA:113,0
DA:114,0
DA:115,0
DA:116,0
DA:117,0
DA:121,0
DA:124,0
DA:125,0
DA:127,0
DA:128,0
DA:130,0
DA:133,0
DA:137,0
DA:138,0
DA:139,0
LF:48
LH:4
BRDA:39,0,0,0
BRDA:39,1,0,0
BRDA:39,1,1,0
BRDA:43,2,0,0
BRDA:43,3,0,0
BRDA:43,3,1,0
BRDA:49,4,0,0
BRDA:59,5,0,0
BRDA:59,6,0,0
BRDA:59,6,1,0
BRDA:74,7,0,0
BRDA:74,7,1,0
BRDA:86,8,0,0
BRDA:86,8,1,0
BRDA:88,9,0,0
BRDA:88,9,1,0
BRDA:88,9,2,0
BRDA:88,9,3,0
BRDA:88,9,4,0
BRDA:88,9,5,0
BRDA:88,9,6,0
BRDA:88,9,7,0
BRDA:88,9,8,0
BRDA:102,10,0,0
BRDA:105,11,0,0
BRDA:105,12,0,0
BRDA:105,12,1,0
BRDA:105,12,2,0
BRDA:113,13,0,0
BRDA:113,14,0,0
BRDA:113,14,1,0
BRDA:116,15,0,0
BRDA:124,16,0,0
BRDA:127,17,0,0
BRDA:127,18,0,0
BRDA:127,18,1,0
BRDA:139,19,0,0
BRDA:139,19,1,0
BRDA:139,19,2,0
BRDA:139,19,3,0
BRF:40
BRH:0
end_of_record
TN:
SF:src/common/validators/routing.validator.ts
FN:48,(anonymous_2)
FN:53,(anonymous_3)
FN:81,(anonymous_4)
FN:111,(anonymous_5)
FN:196,(anonymous_6)
FN:201,(anonymous_7)
FN:204,(anonymous_8)
FN:209,(anonymous_9)
FN:212,(anonymous_10)
FN:218,(anonymous_11)
FN:221,(anonymous_12)
FNF:11
FNH:0
FNDA:0,(anonymous_2)
FNDA:0,(anonymous_3)
FNDA:0,(anonymous_4)
FNDA:0,(anonymous_5)
FNDA:0,(anonymous_6)
FNDA:0,(anonymous_7)
FNDA:0,(anonymous_8)
FNDA:0,(anonymous_9)
FNDA:0,(anonymous_10)
FNDA:0,(anonymous_11)
FNDA:0,(anonymous_12)
DA:6,1
DA:7,1
DA:42,1
DA:43,1
DA:44,1
DA:47,1
DA:48,0
DA:54,0
DA:55,0
DA:58,0
DA:59,0
DA:67,0
DA:68,0
DA:76,0
DA:81,0
DA:84,0
DA:85,0
DA:86,0
DA:87,0
DA:88,0
DA:93,0
DA:94,0
DA:95,0
DA:96,0
DA:97,0
DA:99,0
DA:100,0
DA:105,0
DA:118,0
DA:119,0
DA:120,0
DA:123,0
DA:124,0
DA:132,0
DA:133,0
DA:141,0
DA:142,0
DA:150,0
DA:151,0
DA:152,0
DA:153,0
DA:163,0
DA:164,0
DA:172,0
DA:173,0
DA:181,0
DA:182,0
DA:183,0
DA:184,0
DA:193,0
DA:197,0
DA:201,0
DA:205,0
DA:209,0
DA:214,0
DA:215,0
DA:220,0
DA:221,0
DA:222,0
DA:225,0
DA:226,0
LF:61
LH:6
BRDA:58,0,0,0
BRDA:58,1,0,0
BRDA:58,1,1,0
BRDA:67,2,0,0
BRDA:67,3,0,0
BRDA:67,3,1,0
BRDA:81,4,0,0
BRDA:81,4,1,0
BRDA:84,5,0,0
BRDA:93,6,0,0
BRDA:96,7,0,0
BRDA:99,8,0,0
BRDA:99,9,0,0
BRDA:99,9,1,0
BRDA:123,10,0,0
BRDA:123,11,0,0
BRDA:123,11,1,0
BRDA:132,12,0,0
BRDA:132,13,0,0
BRDA:132,13,1,0
BRDA:141,14,0,0
BRDA:141,15,0,0
BRDA:141,15,1,0
BRDA:150,16,0,0
BRDA:152,17,0,0
BRDA:163,18,0,0
BRDA:163,19,0,0
BRDA:163,19,1,0
BRDA:172,20,0,0
BRDA:172,21,0,0
BRDA:172,21,1,0
BRDA:181,22,0,0
BRDA:183,23,0,0
BRDA:221,24,0,0
BRF:34
BRH:0
end_of_record
TN:
SF:src/common/validators/validators.module.ts
FNF:0
FNH:0
DA:6,0
DA:7,0
DA:8,0
DA:9,0
DA:10,0
DA:17,0
LF:6
LH:0
BRF:0
BRH:0
end_of_record
TN:
SF:src/common/validators/xray-config.validator.ts
FN:49,validateXrayConfig
FN:61,(anonymous_1)
FN:62,(anonymous_2)
FN:70,(anonymous_3)
FN:71,(anonymous_4)
FN:88,validateInboundConfig
FN:139,validateOutboundConfig
FN:164,validateRoutingConfig
FN:185,validateVlessInbound
FN:224,validateVmessInbound
FN:253,validateTrojanInbound
FN:285,validateShadowsocksInbound
FN:304,validateStreamSettings
FN:382,isValidUUID
FN:387,isValidIP
FNF:15
FNH:0
FNDA:0,validateXrayConfig
FNDA:0,(anonymous_1)
FNDA:0,(anonymous_2)
FNDA:0,(anonymous_3)
FNDA:0,(anonymous_4)
FNDA:0,validateInboundConfig
FNDA:0,validateOutboundConfig
FNDA:0,validateRoutingConfig
FNDA:0,validateVlessInbound
FNDA:0,validateVmessInbound
FNDA:0,validateTrojanInbound
FNDA:0,validateShadowsocksInbound
FNDA:0,validateStreamSettings
FNDA:0,isValidUUID
FNDA:0,isValidIP
DA:25,1
DA:26,1
DA:29,1
DA:32,1
DA:35,1
DA:41,1
DA:44,1
DA:49,1
DA:54,0
DA:55,0
DA:58,0
DA:59,0
DA:60,0
DA:61,0
DA:62,0
DA:67,0
DA:68,0
DA:69,0
DA:70,0
DA:71,0
DA:76,0
DA:77,0
DA:78,0
DA:79,0
DA:82,0
DA:88,1
DA:89,0
DA:90,0
DA:93,0
DA:94,0
DA:97,0
DA:98,0
DA:99,0
DA:100,0
DA:103,0
DA:104,0
DA:108,0
DA:109,0
DA:110,0
DA:111,0
DA:112,0
DA:113,0
DA:114,0
DA:115,0
DA:116,0
DA:117,0
DA:118,0
DA:119,0
DA:120,0
DA:121,0
DA:122,0
DA:123,0
DA:127,0
DA:128,0
DA:129,0
DA:130,0
DA:133,0
DA:139,1
DA:140,0
DA:141,0
DA:143,0
DA:144,0
DA:147,0
DA:148,0
DA:149,0
DA:150,0
DA:154,0
DA:155,0
DA:158,0
DA:164,1
DA:165,0
DA:166,0
DA:168,0
DA:169,0
DA:170,0
DA:171,0
DA:172,0
DA:181,0
DA:186,0
DA:187,0
DA:189,0
DA:192,0
DA:193,0
DA:201,0
DA:202,0
DA:203,0
DA:204,0
DA:205,0
DA:211,0
DA:212,0
DA:221,0
DA:225,0
DA:226,0
DA:228,0
DA:230,0
DA:231,0
DA:232,0
DA:233,0
DA:234,0
DA:240,0
DA:241,0
DA:250,0
DA:254,0
DA:255,0
DA:257,0
DA:259,0
DA:260,0
DA:261,0
DA:262,0
DA:263,0
DA:273,0
DA:274,0
DA:275,0
DA:282,0
DA:286,0
DA:287,0
DA:289,0
DA:291,0
DA:292,0
DA:293,0
DA:294,0
DA:297,0
DA:298,0
DA:301,0
DA:305,0
DA:306,0
DA:308,0
DA:309,0
DA:312,0
DA:313,0
DA:317,0
DA:318,0
DA:322,0
DA:323,0
DA:324,0
DA:325,0
DA:331,0
DA:332,0
DA:338,0
DA:339,0
DA:348,0
DA:349,0
DA:350,0
DA:351,0
DA:360,0
DA:361,0
DA:362,0
DA:363,0
DA:367,0
DA:368,0
DA:369,0
DA:370,0
DA:378,0
DA:383,0
DA:384,0
DA:388,0
DA:389,0
DA:390,0
LF:158
LH:11
BRDA:58,0,0,0
BRDA:67,1,0,0
BRDA:76,2,0,0
BRDA:93,3,0,0
BRDA:97,4,0,0
BRDA:97,4,1,0
BRDA:99,5,0,0
BRDA:103,6,0,0
BRDA:103,7,0,0
BRDA:103,7,1,0
BRDA:103,7,2,0
BRDA:108,8,0,0
BRDA:108,8,1,0
BRDA:112,9,0,0
BRDA:112,9,1,0
BRDA:116,10,0,0
BRDA:116,10,1,0
BRDA:120,11,0,0
BRDA:127,12,0,0
BRDA:143,13,0,0
BRDA:147,14,0,0
BRDA:147,14,1,0
BRDA:149,15,0,0
BRDA:154,16,0,0
BRDA:154,17,0,0
BRDA:154,17,1,0
BRDA:168,18,0,0
BRDA:168,19,0,0
BRDA:168,19,1,0
BRDA:171,20,0,0
BRDA:171,21,0,0
BRDA:171,21,1,0
BRDA:189,22,0,0
BRDA:189,22,1,0
BRDA:192,23,0,0
BRDA:192,24,0,0
BRDA:192,24,1,0
BRDA:201,25,0,0
BRDA:201,26,0,0
BRDA:201,26,1,0
BRDA:204,27,0,0
BRDA:204,28,0,0
BRDA:204,28,1,0
BRDA:211,29,0,0
BRDA:211,30,0,0
BRDA:211,30,1,0
BRDA:228,31,0,0
BRDA:228,31,1,0
BRDA:230,32,0,0
BRDA:230,33,0,0
BRDA:230,33,1,0
BRDA:233,34,0,0
BRDA:233,35,0,0
BRDA:233,35,1,0
BRDA:240,36,0,0
BRDA:240,37,0,0
BRDA:240,37,1,0
BRDA:257,38,0,0
BRDA:257,38,1,0
BRDA:259,39,0,0
BRDA:259,40,0,0
BRDA:259,40,1,0
BRDA:262,41,0,0
BRDA:262,42,0,0
BRDA:262,42,1,0
BRDA:273,43,0,0
BRDA:273,43,1,0
BRDA:274,44,0,0
BRDA:274,45,0,0
BRDA:274,45,1,0
BRDA:289,46,0,0
BRDA:289,46,1,0
BRDA:291,47,0,0
BRDA:291,47,1,0
BRDA:293,48,0,0
BRDA:297,49,0,0
BRDA:297,50,0,0
BRDA:297,50,1,0
BRDA:308,51,0,0
BRDA:308,51,1,0
BRDA:309,52,0,0
BRDA:309,52,1,0
BRDA:312,53,0,0
BRDA:317,54,0,0
BRDA:322,55,0,0
BRDA:323,56,0,0
BRDA:323,56,1,0
BRDA:324,57,0,0
BRDA:331,58,0,0
BRDA:331,59,0,0
BRDA:331,59,1,0
BRDA:338,60,0,0
BRDA:338,61,0,0
BRDA:338,61,1,0
BRDA:348,62,0,0
BRDA:349,63,0,0
BRDA:349,63,1,0
BRDA:350,64,0,0
BRDA:360,65,0,0
BRDA:361,66,0,0
BRDA:361,66,1,0
BRDA:362,67,0,0
BRDA:367,68,0,0
BRDA:368,69,0,0
BRDA:368,69,1,0
BRDA:369,70,0,0
BRDA:390,71,0,0
BRDA:390,71,1,0
BRDA:390,71,2,0
BRDA:390,71,3,0
BRF:110
BRH:0
end_of_record
TN:
SF:src/common/xray/index.ts
FNF:0
FNH:0
DA:5,3
DA:6,3
DA:7,3
DA:8,3
DA:15,3
DA:18,3
DA:19,3
LF:7
LH:7
BRF:0
BRH:0
end_of_record
TN:
SF:src/common/xray/xray-config-builder.ts
FN:147,(anonymous_2)
FN:153,(anonymous_3)
FN:165,(anonymous_4)
FN:196,(anonymous_5)
FN:247,(anonymous_6)
FN:259,(anonymous_7)
FN:269,(anonymous_8)
FN:298,(anonymous_9)
FNF:8
FNH:8
FNDA:21,(anonymous_2)
FNDA:12,(anonymous_3)
FNDA:12,(anonymous_4)
FNDA:12,(anonymous_5)
FNDA:12,(anonymous_6)
FNDA:4,(anonymous_7)
FNDA:4,(anonymous_8)
FNDA:5,(anonymous_9)
DA:6,4
DA:7,4
DA:146,4
DA:147,21
DA:154,12
DA:155,12
DA:156,12
DA:158,12
DA:166,12
DA:169,12
DA:171,7
DA:172,7
DA:173,7
DA:175,2
DA:176,2
DA:178,1
DA:179,1
DA:181,0
DA:182,0
DA:184,1
DA:185,1
DA:186,1
DA:187,1
DA:189,1
DA:190,1
DA:193,12
DA:197,12
DA:202,12
DA:203,5
DA:204,5
DA:210,7
DA:211,1
DA:212,1
DA:223,12
DA:225,2
DA:229,2
DA:231,1
DA:235,1
DA:237,1
DA:241,1
DA:244,12
DA:248,12
DA:260,4
DA:261,4
DA:263,4
DA:270,4
DA:274,4
DA:275,1
DA:276,1
DA:282,4
DA:284,1
DA:285,1
DA:287,1
DA:288,1
DA:291,4
DA:299,5
DA:304,5
DA:305,3
DA:306,3
DA:307,2
DA:308,2
DA:309,2
DA:312,5
LF:63
LH:61
BRDA:166,0,0,12
BRDA:166,0,1,12
BRDA:169,1,0,7
BRDA:169,1,1,2
BRDA:169,1,2,1
BRDA:169,1,3,0
BRDA:169,1,4,1
BRDA:169,1,5,1
BRDA:171,2,0,7
BRDA:172,3,0,7
BRDA:175,4,0,2
BRDA:178,5,0,1
BRDA:181,6,0,0
BRDA:184,7,0,1
BRDA:185,8,0,1
BRDA:186,9,0,1
BRDA:186,9,1,1
BRDA:189,10,0,1
BRDA:198,11,0,12
BRDA:198,11,1,6
BRDA:202,12,0,5
BRDA:202,12,1,7
BRDA:205,13,0,5
BRDA:205,13,1,3
BRDA:206,14,0,1
BRDA:206,14,1,4
BRDA:210,15,0,1
BRDA:214,16,0,1
BRDA:214,16,1,0
BRDA:216,17,0,1
BRDA:216,17,1,0
BRDA:217,18,0,1
BRDA:217,18,1,0
BRDA:218,19,0,1
BRDA:218,19,1,0
BRDA:223,20,0,2
BRDA:223,20,1,1
BRDA:223,20,2,1
BRDA:226,21,0,2
BRDA:226,21,1,0
BRDA:227,22,0,1
BRDA:227,22,1,1
BRDA:232,23,0,1
BRDA:232,23,1,0
BRDA:238,24,0,1
BRDA:238,24,1,0
BRDA:249,25,0,12
BRDA:249,25,1,11
BRDA:250,26,0,12
BRDA:250,26,1,11
BRDA:251,27,0,12
BRDA:251,27,1,11
BRDA:260,28,0,4
BRDA:260,28,1,4
BRDA:271,29,0,4
BRDA:271,29,1,2
BRDA:274,30,0,1
BRDA:277,31,0,1
BRDA:277,31,1,0
BRDA:278,32,0,1
BRDA:278,32,1,0
BRDA:282,33,0,1
BRDA:282,33,1,1
BRDA:284,34,0,1
BRDA:284,34,1,0
BRDA:287,35,0,1
BRDA:287,35,1,0
BRDA:301,36,0,5
BRDA:301,36,1,4
BRDA:304,37,0,3
BRDA:304,37,1,2
BRDA:306,38,0,1
BRDA:307,39,0,2
BRDA:309,40,0,1
BRF:74
BRH:61
end_of_record
TN:
SF:src/common/xray/xray-node-config-builder.ts
FN:17,(anonymous_2)
FN:22,(anonymous_3)
FN:74,(anonymous_4)
FN:84,(anonymous_5)
FN:100,(anonymous_6)
FN:107,(anonymous_7)
FN:148,(anonymous_8)
FN:183,(anonymous_9)
FN:196,(anonymous_10)
FN:221,(anonymous_11)
FN:232,(anonymous_12)
FN:240,(anonymous_13)
FN:249,(anonymous_14)
FNF:13
FNH:0
FNDA:0,(anonymous_2)
FNDA:0,(anonymous_3)
FNDA:0,(anonymous_4)
FNDA:0,(anonymous_5)
FNDA:0,(anonymous_6)
FNDA:0,(anonymous_7)
FNDA:0,(anonymous_8)
FNDA:0,(anonymous_9)
FNDA:0,(anonymous_10)
FNDA:0,(anonymous_11)
FNDA:0,(anonymous_12)
FNDA:0,(anonymous_13)
FNDA:0,(anonymous_14)
DA:6,3
DA:7,3
DA:16,3
DA:17,0
DA:25,0
DA:50,0
DA:64,0
DA:65,0
DA:68,0
DA:76,0
DA:84,0
DA:94,0
DA:102,0
DA:107,0
DA:108,0
DA:114,0
DA:115,0
DA:118,0
DA:121,0
DA:122,0
DA:125,0
DA:128,0
DA:129,0
DA:132,0
DA:135,0
DA:136,0
DA:139,0
DA:142,0
DA:149,0
DA:162,0
DA:163,0
DA:168,0
DA:169,0
DA:172,0
DA:173,0
DA:174,0
DA:175,0
DA:178,0
DA:182,0
DA:183,0
DA:190,0
DA:197,0
DA:198,0
DA:202,0
DA:226,0
DA:228,0
DA:232,0
DA:238,0
DA:240,0
DA:246,0
DA:249,0
DA:253,0
DA:256,0
LF:53
LH:3
BRDA:64,0,0,0
BRDA:88,1,0,0
BRDA:88,1,1,0
BRDA:89,2,0,0
BRDA:89,2,1,0
BRDA:90,3,0,0
BRDA:90,3,1,0
BRDA:91,4,0,0
BRDA:91,4,1,0
BRDA:111,5,0,0
BRDA:111,5,1,0
BRDA:114,6,0,0
BRDA:118,7,0,0
BRDA:118,7,1,0
BRDA:121,8,0,0
BRDA:121,9,0,0
BRDA:121,9,1,0
BRDA:125,10,0,0
BRDA:125,10,1,0
BRDA:128,11,0,0
BRDA:128,12,0,0
BRDA:128,12,1,0
BRDA:132,13,0,0
BRDA:132,13,1,0
BRDA:135,14,0,0
BRDA:135,15,0,0
BRDA:135,15,1,0
BRDA:168,16,0,0
BRDA:168,16,1,0
BRDA:172,17,0,0
BRDA:172,17,1,0
BRDA:174,18,0,0
BRDA:182,19,0,0
BRDA:186,20,0,0
BRDA:186,20,1,0
BRDA:197,21,0,0
BRDA:228,22,0,0
BRDA:228,22,1,0
BRDA:228,22,2,0
BRDA:228,22,3,0
BRDA:228,22,4,0
BRDA:228,22,5,0
BRF:42
BRH:0
end_of_record
TN:
SF:src/common/xray/dto/client.dto.ts
FNF:0
FNH:0
DA:5,0
DA:6,0
DA:12,0
DA:15,0
DA:20,0
DA:25,0
DA:30,0
DA:35,0
DA:41,0
DA:47,0
DA:53,0
DA:59,0
DA:65,0
DA:71,0
DA:76,0
DA:82,0
DA:87,0
DA:92,0
DA:97,0
DA:100,0
DA:104,0
DA:109,0
DA:114,0
DA:119,0
DA:125,0
DA:131,0
DA:137,0
DA:143,0
DA:149,0
DA:155,0
DA:160,0
DA:166,0
DA:171,0
DA:176,0
DA:181,0
DA:184,0
DA:188,0
DA:192,0
DA:195,0
DA:199,0
LF:40
LH:0
BRF:0
BRH:0
end_of_record
TN:
SF:src/common/xray/dto/inbound.dto.ts
FN:14,(anonymous_2)
FN:26,(anonymous_3)
FN:32,(anonymous_4)
FN:158,(anonymous_5)
FN:164,(anonymous_6)
FN:175,(anonymous_7)
FN:181,(anonymous_8)
FN:187,(anonymous_9)
FN:222,(anonymous_10)
FN:228,(anonymous_11)
FN:239,(anonymous_12)
FN:245,(anonymous_13)
FN:251,(anonymous_14)
FNF:13
FNH:0
FNDA:0,(anonymous_2)
FNDA:0,(anonymous_3)
FNDA:0,(anonymous_4)
FNDA:0,(anonymous_5)
FNDA:0,(anonymous_6)
FNDA:0,(anonymous_7)
FNDA:0,(anonymous_8)
FNDA:0,(anonymous_9)
FNDA:0,(anonymous_10)
FNDA:0,(anonymous_11)
FNDA:0,(anonymous_12)
FNDA:0,(anonymous_13)
FNDA:0,(anonymous_14)
DA:6,0
DA:7,0
DA:8,0
DA:14,0
DA:15,0
DA:16,0
DA:17,0
DA:18,0
DA:19,0
DA:20,0
DA:21,0
DA:22,0
DA:23,0
DA:26,0
DA:27,0
DA:28,0
DA:29,0
DA:32,0
DA:33,0
DA:34,0
DA:35,0
DA:36,0
DA:37,0
DA:38,0
DA:45,0
DA:49,0
DA:54,0
DA:59,0
DA:62,0
DA:65,0
DA:70,0
DA:74,0
DA:79,0
DA:85,0
DA:88,0
DA:92,0
DA:97,0
DA:100,0
DA:104,0
DA:109,0
DA:112,0
DA:116,0
DA:122,0
DA:127,0
DA:130,0
DA:133,0
DA:137,0
DA:143,0
DA:148,0
DA:153,0
DA:158,0
DA:159,0
DA:164,0
DA:165,0
DA:170,0
DA:175,0
DA:176,0
DA:181,0
DA:182,0
DA:187,0
DA:188,0
DA:193,0
DA:198,0
DA:201,0
DA:207,0
DA:212,0
DA:217,0
DA:222,0
DA:223,0
DA:228,0
DA:229,0
DA:234,0
DA:239,0
DA:240,0
DA:245,0
DA:246,0
DA:251,0
DA:252,0
DA:257,0
DA:262,0
LF:80
LH:0
BRDA:14,0,0,0
BRDA:14,0,1,0
BRDA:26,1,0,0
BRDA:26,1,1,0
BRDA:32,2,0,0
BRDA:32,2,1,0
BRF:6
BRH:0
end_of_record
TN:
SF:src/common/xray/dto/index.ts
FNF:0
FNH:0
DA:5,0
DA:6,0
LF:2
LH:0
BRF:0
BRH:0
end_of_record
TN:
SF:src/grpc/grpc-agent.service.ts
FN:27,(anonymous_13)
FN:37,(anonymous_14)
FN:44,(anonymous_15)
FN:48,(anonymous_16)
FN:50,(anonymous_17)
FN:60,(anonymous_18)
FN:75,(anonymous_19)
FN:80,(anonymous_20)
FN:87,(anonymous_21)
FN:99,(anonymous_22)
FN:108,(anonymous_23)
FN:112,(anonymous_24)
FN:125,(anonymous_25)
FN:129,(anonymous_26)
FN:149,(anonymous_27)
FN:157,(anonymous_28)
FN:165,(anonymous_29)
FN:228,(anonymous_30)
FN:239,(anonymous_31)
FN:278,(anonymous_32)
FN:292,(anonymous_33)
FN:339,(anonymous_34)
FN:406,(anonymous_35)
FN:421,(anonymous_36)
FN:436,(anonymous_37)
FN:452,(anonymous_38)
FN:461,(anonymous_39)
FN:462,(anonymous_40)
FN:477,(anonymous_41)
FN:481,(anonymous_42)
FNF:30
FNH:0
FNDA:0,(anonymous_13)
FNDA:0,(anonymous_14)
FNDA:0,(anonymous_15)
FNDA:0,(anonymous_16)
FNDA:0,(anonymous_17)
FNDA:0,(anonymous_18)
FNDA:0,(anonymous_19)
FNDA:0,(anonymous_20)
FNDA:0,(anonymous_21)
FNDA:0,(anonymous_22)
FNDA:0,(anonymous_23)
FNDA:0,(anonymous_24)
FNDA:0,(anonymous_25)
FNDA:0,(anonymous_26)
FNDA:0,(anonymous_27)
FNDA:0,(anonymous_28)
FNDA:0,(anonymous_29)
FNDA:0,(anonymous_30)
FNDA:0,(anonymous_31)
FNDA:0,(anonymous_32)
FNDA:0,(anonymous_33)
FNDA:0,(anonymous_34)
FNDA:0,(anonymous_35)
FNDA:0,(anonymous_36)
FNDA:0,(anonymous_37)
FNDA:0,(anonymous_38)
FNDA:0,(anonymous_39)
FNDA:0,(anonymous_40)
FNDA:0,(anonymous_41)
FNDA:0,(anonymous_42)
DA:1,0
DA:2,0
DA:3,0
DA:4,0
DA:5,0
DA:6,0
DA:7,0
DA:8,0
DA:9,0
DA:10,0
DA:11,0
DA:22,0
DA:24,0
DA:29,0
DA:30,0
DA:31,0
DA:32,0
DA:33,0
DA:34,0
DA:38,0
DA:39,0
DA:40,0
DA:41,0
DA:45,0
DA:50,0
DA:51,0
DA:52,0
DA:53,0
DA:55,0
DA:60,0
DA:61,0
DA:62,0
DA:63,0
DA:66,0
DA:67,0
DA:68,0
DA:75,0
DA:76,0
DA:80,0
DA:81,0
DA:84,0
DA:88,0
DA:89,0
DA:96,0
DA:100,0
DA:102,0
DA:106,0
DA:108,0
DA:109,0
DA:113,0
DA:114,0
DA:115,0
DA:116,0
DA:118,0
DA:119,0
DA:126,0
DA:127,0
DA:129,0
DA:130,0
DA:131,0
DA:132,0
DA:133,0
DA:134,0
DA:135,0
DA:136,0
DA:137,0
DA:138,0
DA:139,0
DA:140,0
DA:141,0
DA:142,0
DA:145,0
DA:149,0
DA:150,0
DA:151,0
DA:152,0
DA:154,0
DA:157,0
DA:158,0
DA:159,0
DA:161,0
DA:169,0
DA:172,0
DA:177,0
DA:178,0
DA:184,0
DA:185,0
DA:189,0
DA:197,0
DA:211,0
DA:220,0
DA:223,0
DA:225,0
DA:229,0
DA:245,0
DA:247,0
DA:248,0
DA:257,0
DA:258,0
DA:265,0
DA:266,0
DA:273,0
DA:274,0
DA:279,0
DA:280,0
DA:281,0
DA:284,0
DA:293,0
DA:295,0
DA:296,0
DA:297,0
DA:300,0
DA:301,0
DA:302,0
DA:304,0
DA:305,0
DA:308,0
DA:309,0
DA:311,0
DA:312,0
DA:313,0
DA:325,0
DA:340,0
DA:341,0
DA:343,0
DA:344,0
DA:353,0
DA:356,0
DA:363,0
DA:364,0
DA:365,0
DA:368,0
DA:371,0
DA:372,0
DA:379,0
DA:380,0
DA:381,0
DA:383,0
DA:387,0
DA:389,0
DA:398,0
DA:399,0
DA:401,0
DA:402,0
DA:407,0
DA:408,0
DA:410,0
DA:411,0
DA:414,0
DA:416,0
DA:417,0
DA:422,0
DA:423,0
DA:425,0
DA:426,0
DA:429,0
DA:431,0
DA:432,0
DA:437,0
DA:438,0
DA:440,0
DA:441,0
DA:444,0
DA:446,0
DA:447,0
DA:453,0
DA:454,0
DA:455,0
DA:462,0
DA:463,0
DA:464,0
DA:466,0
DA:467,0
DA:468,0
DA:469,0
DA:470,0
DA:478,0
DA:482,0
LF:178
LH:0
BRDA:52,0,0,0
BRDA:52,0,1,0
BRDA:62,1,0,0
BRDA:62,1,1,0
BRDA:63,2,0,0
BRDA:63,2,1,0
BRDA:63,3,0,0
BRDA:63,3,1,0
BRDA:67,4,0,0
BRDA:68,5,0,0
BRDA:68,5,1,0
BRDA:68,6,0,0
BRDA:68,6,1,0
BRDA:113,7,0,0
BRDA:131,8,0,0
BRDA:131,8,1,0
BRDA:135,9,0,0
BRDA:135,9,1,0
BRDA:135,10,0,0
BRDA:135,10,1,0
BRDA:137,11,0,0
BRDA:137,11,1,0
BRDA:137,12,0,0
BRDA:137,12,1,0
BRDA:139,13,0,0
BRDA:139,13,1,0
BRDA:139,14,0,0
BRDA:139,14,1,0
BRDA:141,15,0,0
BRDA:141,16,0,0
BRDA:141,16,1,0
BRDA:150,17,0,0
BRDA:158,18,0,0
BRDA:177,19,0,0
BRDA:177,20,0,0
BRDA:177,20,1,0
BRDA:177,20,2,0
BRDA:247,21,0,0
BRDA:247,21,1,0
BRDA:250,22,0,0
BRDA:250,22,1,0
BRDA:251,23,0,0
BRDA:251,23,1,0
BRDA:252,24,0,0
BRDA:252,24,1,0
BRDA:253,25,0,0
BRDA:253,25,1,0
BRDA:257,26,0,0
BRDA:257,26,1,0
BRDA:260,27,0,0
BRDA:260,27,1,0
BRDA:261,28,0,0
BRDA:261,28,1,0
BRDA:265,29,0,0
BRDA:265,29,1,0
BRDA:268,30,0,0
BRDA:268,30,1,0
BRDA:269,31,0,0
BRDA:269,31,1,0
BRDA:273,32,0,0
BRDA:280,33,0,0
BRDA:295,34,0,0
BRDA:300,35,0,0
BRDA:300,35,1,0
BRDA:304,36,0,0
BRDA:304,36,1,0
BRDA:308,37,0,0
BRDA:312,38,0,0
BRDA:341,39,0,0
BRDA:353,40,0,0
BRDA:364,41,0,0
BRDA:371,42,0,0
BRDA:392,43,0,0
BRDA:392,43,1,0
BRDA:393,44,0,0
BRDA:393,44,1,0
BRDA:394,45,0,0
BRDA:394,45,1,0
BRDA:408,46,0,0
BRDA:423,47,0,0
BRDA:438,48,0,0
BRDA:454,49,0,0
BRDA:467,50,0,0
BRF:83
BRH:0
end_of_record
TN:
SF:src/grpc/grpc.module.ts
FNF:0
FNH:0
DA:1,0
DA:2,0
DA:3,0
DA:4,0
DA:12,0
LF:5
LH:0
BRF:0
BRH:0
end_of_record
TN:
SF:src/modules/agent/agent.controller.ts
FN:27,(anonymous_4)
FN:40,(anonymous_5)
FN:64,(anonymous_6)
FN:85,(anonymous_7)
FN:100,(anonymous_8)
FN:115,(anonymous_9)
FN:130,(anonymous_10)
FN:146,(anonymous_11)
FNF:8
FNH:0
FNDA:0,(anonymous_4)
FNDA:0,(anonymous_5)
FNDA:0,(anonymous_6)
FNDA:0,(anonymous_7)
FNDA:0,(anonymous_8)
FNDA:0,(anonymous_9)
FNDA:0,(anonymous_10)
FNDA:0,(anonymous_11)
DA:6,0
DA:7,0
DA:8,0
DA:9,0
DA:10,0
DA:11,0
DA:26,0
DA:27,0
DA:40,0
DA:44,0
DA:46,0
DA:47,0
DA:50,0
DA:64,0
DA:68,0
DA:70,0
DA:71,0
DA:74,0
DA:85,0
DA:89,0
DA:100,0
DA:104,0
DA:115,0
DA:119,0
DA:130,0
DA:134,0
DA:146,0
DA:150,0
LF:28
LH:0
BRDA:46,0,0,0
BRDA:70,1,0,0
BRF:2
BRH:0
end_of_record
TN:
SF:src/modules/agent/agent.module.ts
FNF:0
FNH:0
DA:1,0
DA:2,0
DA:3,0
DA:4,0
DA:5,0
DA:13,0
LF:6
LH:0
BRF:0
BRH:0
end_of_record
TN:
SF:src/modules/agent/agent.service.ts
FN:16,(anonymous_2)
FN:26,(anonymous_3)
FN:47,(anonymous_4)
FN:55,(anonymous_5)
FN:56,(anonymous_6)
FN:75,(anonymous_7)
FN:112,(anonymous_8)
FN:139,(anonymous_9)
FN:161,(anonymous_10)
FN:174,(anonymous_11)
FN:179,(anonymous_12)
FN:186,(anonymous_13)
FN:198,(anonymous_14)
FN:199,(anonymous_15)
FN:214,(anonymous_16)
FN:230,(anonymous_17)
FN:233,(anonymous_18)
FN:244,(anonymous_19)
FN:245,(anonymous_20)
FN:259,(anonymous_21)
FN:287,(anonymous_22)
FN:329,(anonymous_23)
FN:369,(anonymous_24)
FN:404,(anonymous_25)
FNF:24
FNH:24
FNDA:14,(anonymous_2)
FNDA:3,(anonymous_3)
FNDA:2,(anonymous_4)
FNDA:1,(anonymous_5)
FNDA:1,(anonymous_6)
FNDA:1,(anonymous_7)
FNDA:1,(anonymous_8)
FNDA:4,(anonymous_9)
FNDA:3,(anonymous_10)
FNDA:3,(anonymous_11)
FNDA:1,(anonymous_12)
FNDA:1,(anonymous_13)
FNDA:1,(anonymous_14)
FNDA:1,(anonymous_15)
FNDA:2,(anonymous_16)
FNDA:1,(anonymous_17)
FNDA:2,(anonymous_18)
FNDA:2,(anonymous_19)
FNDA:2,(anonymous_20)
FNDA:1,(anonymous_21)
FNDA:2,(anonymous_22)
FNDA:1,(anonymous_23)
FNDA:1,(anonymous_24)
FNDA:5,(anonymous_25)
DA:8,1
DA:9,1
DA:10,1
DA:11,1
DA:12,1
DA:15,1
DA:17,14
DA:18,14
DA:19,14
DA:27,3
DA:28,3
DA:29,1
DA:33,2
DA:36,2
DA:38,2
DA:39,2
DA:41,2
DA:48,2
DA:51,2
DA:55,2
DA:56,2
DA:59,2
DA:63,2
DA:66,2
DA:75,2
DA:76,1
DA:77,1
DA:78,1
DA:82,2
DA:83,2
DA:84,1
DA:85,1
DA:86,1
DA:88,1
DA:89,1
DA:90,1
DA:95,2
DA:96,2
DA:98,2
DA:99,2
DA:101,1
DA:102,1
DA:104,1
DA:105,1
DA:113,1
DA:114,0
DA:120,1
DA:125,1
DA:126,1
DA:127,1
DA:128,0
DA:129,0
DA:130,0
DA:133,1
DA:140,4
DA:141,4
DA:142,1
DA:145,3
DA:148,3
DA:152,3
DA:153,0
DA:157,3
DA:161,3
DA:164,3
DA:173,3
DA:175,3
DA:176,2
DA:177,1
DA:179,1
DA:186,1
DA:197,3
DA:198,1
DA:199,1
DA:205,3
DA:206,3
DA:208,3
DA:219,2
DA:223,2
DA:226,2
DA:230,2
DA:233,2
DA:241,2
DA:244,2
DA:245,2
DA:246,2
DA:247,2
DA:251,2
DA:253,2
DA:267,1
DA:269,1
DA:281,1
DA:291,2
DA:292,2
DA:295,2
DA:299,2
DA:301,2
DA:302,2
DA:304,2
DA:308,2
DA:311,2
DA:312,2
DA:315,2
DA:316,1
DA:317,1
DA:318,1
DA:323,2
DA:338,1
DA:339,2
DA:363,1
DA:377,1
DA:384,1
DA:394,1
DA:405,5
DA:406,5
LF:114
LH:109
BRDA:28,0,0,1
BRDA:28,1,0,3
BRDA:28,1,1,2
BRDA:63,2,0,0
BRDA:76,3,0,0
BRDA:76,4,0,1
BRDA:76,4,1,0
BRDA:77,5,0,0
BRDA:77,6,0,1
BRDA:77,6,1,1
BRDA:85,7,0,0
BRDA:86,8,0,1
BRDA:96,9,0,0
BRDA:98,10,0,2
BRDA:98,10,1,1
BRDA:99,11,0,1
BRDA:102,12,0,0
BRDA:102,12,1,1
BRDA:102,13,0,1
BRDA:102,13,1,0
BRDA:104,14,0,0
BRDA:113,15,0,0
BRDA:113,16,0,1
BRDA:113,16,1,0
BRDA:125,17,0,1
BRDA:125,17,1,0
BRDA:127,18,0,1
BRDA:128,19,0,0
BRDA:130,20,0,0
BRDA:141,21,0,1
BRDA:141,22,0,4
BRDA:141,22,1,1
BRDA:152,23,0,0
BRDA:175,24,0,1
BRDA:175,25,0,3
BRDA:175,25,1,1
BRDA:176,26,0,1
BRDA:176,27,0,2
BRDA:176,27,1,2
BRDA:198,28,0,1
BRDA:198,28,1,0
BRDA:223,29,0,0
BRDA:237,30,0,1
BRDA:237,30,1,1
BRDA:246,31,0,2
BRDA:246,32,0,2
BRDA:246,32,1,0
BRDA:275,33,0,1
BRDA:275,33,1,0
BRDA:299,34,0,0
BRDA:302,35,0,0
BRDA:308,36,0,0
BRDA:315,37,0,1
BRDA:317,38,0,1
BRDA:346,39,0,2
BRDA:346,39,1,2
BRF:56
BRH:34
end_of_record
TN:
SF:src/modules/agent/dto/agent.dto.ts
FN:32,(anonymous_2)
FN:90,(anonymous_3)
FN:136,(anonymous_4)
FNF:3
FNH:0
FNDA:0,(anonymous_2)
FNDA:0,(anonymous_3)
FNDA:0,(anonymous_4)
DA:6,0
DA:7,0
DA:8,0
DA:17,0
DA:21,0
DA:25,0
DA:28,0
DA:32,0
DA:33,0
DA:40,0
DA:43,0
DA:47,0
DA:51,0
DA:55,0
DA:59,0
DA:64,0
DA:74,0
DA:78,0
DA:83,0
DA:86,0
DA:90,0
DA:91,0
DA:101,0
DA:105,0
DA:110,0
DA:115,0
DA:120,0
DA:125,0
DA:129,0
DA:132,0
DA:136,0
DA:137,0
DA:144,0
DA:147,0
DA:151,0
DA:155,0
DA:160,0
DA:165,0
DA:170,0
DA:177,0
DA:179,0
DA:182,0
DA:185,0
DA:187,0
DA:190,0
DA:193,0
DA:219,0
DA:221,0
DA:224,0
DA:227,0
DA:230,0
DA:233,0
DA:236,0
LF:53
LH:0
BRF:0
BRH:0
end_of_record
TN:
SF:src/modules/audit-log/audit-log.controller.ts
FN:13,(anonymous_4)
FN:17,(anonymous_5)
FN:23,(anonymous_6)
FN:29,(anonymous_7)
FNF:4
FNH:0
FNDA:0,(anonymous_4)
FNDA:0,(anonymous_5)
FNDA:0,(anonymous_6)
FNDA:0,(anonymous_7)
DA:1,0
DA:2,0
DA:3,0
DA:4,0
DA:5,0
DA:12,0
DA:13,0
DA:17,0
DA:18,0
DA:23,0
DA:24,0
DA:29,0
DA:30,0
LF:13
LH:0
BRF:0
BRH:0
end_of_record
TN:
SF:src/modules/audit-log/audit-log.module.ts
FNF:0
FNH:0
DA:1,0
DA:2,0
DA:3,0
DA:10,0
LF:4
LH:0
BRF:0
BRH:0
end_of_record
TN:
SF:src/modules/audit-log/audit-log.service.ts
FN:8,(anonymous_2)
FN:10,(anonymous_3)
FN:43,(anonymous_4)
FN:49,(anonymous_5)
FN:52,(anonymous_6)
FN:58,(anonymous_7)
FNF:6
FNH:0
FNDA:0,(anonymous_2)
FNDA:0,(anonymous_3)
FNDA:0,(anonymous_4)
FNDA:0,(anonymous_5)
FNDA:0,(anonymous_6)
FNDA:0,(anonymous_7)
DA:1,0
DA:2,0
DA:7,0
DA:8,0
DA:11,0
DA:12,0
DA:14,0
DA:16,0
DA:17,0
DA:18,0
DA:19,0
DA:21,0
DA:22,0
DA:23,0
DA:24,0
DA:27,0
DA:40,0
DA:44,0
DA:49,0
DA:53,0
DA:58,0
LF:21
LH:0
BRDA:11,0,0,0
BRDA:11,1,0,0
BRDA:16,2,0,0
BRDA:17,3,0,0
BRDA:18,4,0,0
BRDA:19,5,0,0
BRDA:21,6,0,0
BRDA:21,7,0,0
BRDA:21,7,1,0
BRDA:23,8,0,0
BRDA:24,9,0,0
BRF:11
BRH:0
end_of_record
TN:
SF:src/modules/audit-log/dto/audit-log.dto.ts
FN:4,(anonymous_2)
FN:30,(anonymous_3)
FN:36,(anonymous_4)
FNF:3
FNH:0
FNDA:0,(anonymous_2)
FNDA:0,(anonymous_3)
FNDA:0,(anonymous_4)
DA:1,0
DA:2,0
DA:4,0
DA:7,0
DA:11,0
DA:15,0
DA:19,0
DA:23,0
DA:27,0
DA:30,0
DA:33,0
DA:36,0
DA:39,0
LF:13
LH:0
BRF:0
BRH:0
end_of_record
TN:
SF:src/modules/auth/auth.controller.ts
FN:11,(anonymous_4)
FN:15,(anonymous_5)
FN:24,(anonymous_6)
FN:33,(anonymous_7)
FN:42,(anonymous_8)
FNF:5
FNH:0
FNDA:0,(anonymous_4)
FNDA:0,(anonymous_5)
FNDA:0,(anonymous_6)
FNDA:0,(anonymous_7)
FNDA:0,(anonymous_8)
DA:1,0
DA:2,0
DA:3,0
DA:5,0
DA:6,0
DA:10,0
DA:11,0
DA:15,0
DA:16,0
DA:17,0
DA:24,0
DA:25,0
DA:26,0
DA:33,0
DA:34,0
DA:35,0
DA:42,0
DA:43,0
DA:44,0
LF:19
LH:0
BRDA:16,0,0,0
BRDA:16,0,1,0
BRDA:16,0,2,0
BRF:3
BRH:0
end_of_record
TN:
SF:src/modules/auth/auth.module.ts
FN:17,(anonymous_1)
FNF:1
FNH:0
FNDA:0,(anonymous_1)
DA:1,0
DA:2,0
DA:3,0
DA:4,0
DA:5,0
DA:6,0
DA:7,0
DA:8,0
DA:9,0
DA:10,0
DA:17,0
DA:45,0
LF:12
LH:0
BRF:0
BRH:0
end_of_record
TN:
SF:src/modules/auth/auth.service.ts
FN:24,(anonymous_11)
FN:35,(anonymous_12)
FN:68,(anonymous_13)
FN:69,(anonymous_14)
FN:82,(anonymous_15)
FN:83,(anonymous_16)
FN:107,(anonymous_17)
FN:139,(anonymous_18)
FN:147,(anonymous_19)
FN:148,(anonymous_20)
FN:157,(anonymous_21)
FN:177,(anonymous_22)
FN:185,(anonymous_23)
FN:189,(anonymous_24)
FNF:14
FNH:14
FNDA:17,(anonymous_11)
FNDA:6,(anonymous_12)
FNDA:4,(anonymous_13)
FNDA:3,(anonymous_14)
FNDA:3,(anonymous_15)
FNDA:2,(anonymous_16)
FNDA:3,(anonymous_17)
FNDA:2,(anonymous_18)
FNDA:3,(anonymous_19)
FNDA:2,(anonymous_20)
FNDA:2,(anonymous_21)
FNDA:2,(anonymous_22)
FNDA:1,(anonymous_23)
FNDA:1,(anonymous_24)
DA:1,2
DA:2,2
DA:3,2
DA:4,2
DA:23,2
DA:25,17
DA:26,17
DA:37,6
DA:47,6
DA:48,1
DA:51,5
DA:52,5
DA:53,1
DA:56,4
DA:57,1
DA:61,3
DA:67,3
DA:68,4
DA:69,3
DA:77,3
DA:78,1
DA:82,3
DA:83,2
DA:85,2
DA:92,2
DA:108,3
DA:113,3
DA:114,2
DA:117,1
DA:124,1
DA:140,2
DA:146,2
DA:147,3
DA:148,2
DA:158,2
DA:167,2
DA:169,1
DA:174,1
DA:178,2
DA:182,2
DA:186,1
DA:190,1
DA:196,1
LF:43
LH:43
BRDA:47,0,0,1
BRDA:52,1,0,1
BRDA:56,2,0,1
BRDA:77,3,0,1
BRDA:82,4,0,2
BRDA:82,4,1,1
BRDA:113,5,0,2
BRDA:113,6,0,3
BRDA:113,6,1,2
BRDA:167,7,0,1
BRF:10
BRH:10
end_of_record
TN:
SF:src/modules/auth/decorators/index.ts
FNF:0
FNH:0
DA:1,0
DA:2,0
DA:3,0
DA:4,0
LF:4
LH:0
BRF:0
BRH:0
end_of_record
TN:
SF:src/modules/auth/decorators/public.decorator.ts
FN:4,(anonymous_0)
FNF:1
FNH:0
FNDA:0,(anonymous_0)
DA:1,0
DA:3,0
DA:4,0
LF:3
LH:0
BRF:0
BRH:0
end_of_record
TN:
SF:src/modules/auth/decorators/roles.decorator.ts
FN:4,(anonymous_0)
FNF:1
FNH:0
FNDA:0,(anonymous_0)
DA:1,1
DA:3,1
DA:4,1
LF:3
LH:3
BRF:0
BRH:0
end_of_record
TN:
SF:src/modules/auth/decorators/scopes.decorator.ts
FN:18,(anonymous_0)
FNF:1
FNH:0
FNDA:0,(anonymous_0)
DA:1,1
DA:3,1
DA:18,1
LF:3
LH:3
BRF:0
BRH:0
end_of_record
TN:
SF:src/modules/auth/decorators/user.decorator.ts
FN:4,(anonymous_0)
FN:12,(anonymous_1)
FNF:2
FNH:0
FNDA:0,(anonymous_0)
FNDA:0,(anonymous_1)
DA:1,0
DA:3,0
DA:5,0
DA:6,0
DA:7,0
DA:11,0
DA:13,0
DA:14,0
LF:8
LH:0
BRDA:7,0,0,0
BRDA:7,0,1,0
BRF:2
BRH:0
end_of_record
TN:
SF:src/modules/auth/dto/login.dto.ts
FNF:0
FNH:0
DA:1,0
DA:2,0
DA:4,0
DA:8,0
DA:13,0
DA:18,0
DA:22,0
LF:7
LH:0
BRF:0
BRH:0
end_of_record
TN:
SF:src/modules/auth/guards/api-key.guard.ts
FNF:0
FNH:0
DA:1,0
DA:2,0
DA:5,0
LF:3
LH:0
BRF:0
BRH:0
end_of_record
TN:
SF:src/modules/auth/guards/index.ts
FNF:0
FNH:0
DA:1,0
DA:2,0
DA:3,0
DA:4,0
DA:5,0
DA:6,0
LF:6
LH:0
BRF:0
BRH:0
end_of_record
TN:
SF:src/modules/auth/guards/jwt-auth.guard.ts
FN:8,(anonymous_2)
FN:12,(anonymous_3)
FNF:2
FNH:0
FNDA:0,(anonymous_2)
FNDA:0,(anonymous_3)
DA:1,0
DA:2,0
DA:3,0
DA:4,0
DA:7,0
DA:8,0
DA:9,0
DA:13,0
DA:17,0
DA:18,0
DA:20,0
LF:11
LH:0
BRDA:17,0,0,0
BRF:1
BRH:0
end_of_record
TN:
SF:src/modules/auth/guards/node-token.guard.ts
FNF:0
FNH:0
DA:1,0
DA:2,0
DA:5,0
LF:3
LH:0
BRF:0
BRH:0
end_of_record
TN:
SF:src/modules/auth/guards/roles.guard.ts
FN:7,(anonymous_2)
FN:9,(anonymous_3)
FNF:2
FNH:2
FNDA:7,(anonymous_2)
FNDA:7,(anonymous_3)
DA:1,1
DA:2,1
DA:3,1
DA:6,1
DA:7,7
DA:10,7
DA:14,7
DA:15,2
DA:18,5
DA:19,5
DA:20,2
DA:24,3
DA:25,1
DA:28,2
DA:29,2
DA:30,1
DA:32,1
LF:17
LH:17
BRDA:14,0,0,2
BRDA:14,1,0,7
BRDA:14,1,1,6
BRDA:19,2,0,2
BRDA:19,3,0,5
BRDA:19,3,1,4
BRDA:24,4,0,1
BRDA:29,5,0,1
BRF:8
BRH:8
end_of_record
TN:
SF:src/modules/auth/guards/scopes.guard.ts
FN:7,(anonymous_2)
FN:9,(anonymous_3)
FN:38,(anonymous_4)
FNF:3
FNH:3
FNDA:9,(anonymous_2)
FNDA:9,(anonymous_3)
FNDA:6,(anonymous_4)
DA:1,1
DA:2,1
DA:3,1
DA:6,1
DA:7,9
DA:10,9
DA:16,9
DA:17,1
DA:20,8
DA:21,8
DA:24,8
DA:25,1
DA:29,7
DA:30,6
DA:33,6
DA:34,1
DA:38,5
DA:40,6
DA:43,4
DA:44,4
DA:47,3
DA:49,2
DA:52,5
DA:53,2
DA:58,3
DA:61,1
LF:26
LH:26
BRDA:16,0,0,1
BRDA:16,1,0,9
BRDA:16,1,1,8
BRDA:24,2,0,1
BRDA:24,3,0,8
BRDA:24,3,1,7
BRDA:29,4,0,6
BRDA:29,5,0,7
BRDA:29,5,1,6
BRDA:29,5,2,6
BRDA:33,6,0,1
BRDA:40,7,0,2
BRDA:44,8,0,1
BRDA:47,9,0,1
BRDA:52,10,0,2
BRF:15
BRH:15
end_of_record
TN:
SF:src/modules/auth/guards/system-admin.guard.ts
FN:14,(anonymous_2)
FN:19,(anonymous_3)
FNF:2
FNH:0
FNDA:0,(anonymous_2)
FNDA:0,(anonymous_3)
DA:1,0
DA:2,0
DA:3,0
DA:13,0
DA:15,0
DA:16,0
DA:20,0
DA:21,0
DA:23,0
DA:24,0
DA:27,0
DA:29,0
DA:30,0
DA:33,0
DA:34,0
DA:38,0
DA:42,0
DA:43,0
DA:47,0
DA:53,0
DA:55,0
DA:56,0
DA:58,0
LF:23
LH:0
BRDA:23,0,0,0
BRDA:23,1,0,0
BRDA:23,1,1,0
BRDA:33,2,0,0
BRDA:33,3,0,0
BRDA:33,3,1,0
BRDA:42,4,0,0
BRDA:55,5,0,0
BRF:8
BRH:0
end_of_record
TN:
SF:src/modules/auth/strategies/api-key.strategy.ts
FN:10,(anonymous_2)
FN:14,(anonymous_3)
FNF:2
FNH:2
FNDA:5,(anonymous_2)
FNDA:7,(anonymous_3)
DA:1,1
DA:2,1
DA:3,1
DA:5,1
DA:6,1
DA:9,1
DA:10,5
DA:11,5
DA:15,7
DA:16,7
DA:17,2
DA:21,5
DA:22,5
DA:24,5
DA:25,5
DA:26,4
DA:29,1
LF:17
LH:17
BRDA:16,0,0,2
BRDA:25,1,0,4
BRF:2
BRH:2
end_of_record
TN:
SF:src/modules/auth/strategies/jwt.strategy.ts
FN:9,(anonymous_2)
FN:17,(anonymous_3)
FNF:2
FNH:0
FNDA:0,(anonymous_2)
FNDA:0,(anonymous_3)
DA:1,0
DA:2,0
DA:3,0
DA:4,0
DA:8,0
DA:10,0
DA:18,0
DA:19,0
DA:21,0
LF:9
LH:0
BRDA:18,0,0,0
BRDA:18,1,0,0
BRDA:18,1,1,0
BRF:3
BRH:0
end_of_record
TN:
SF:src/modules/auth/strategies/node-token.strategy.ts
FN:9,(anonymous_2)
FN:13,(anonymous_3)
FNF:2
FNH:0
FNDA:0,(anonymous_2)
FNDA:0,(anonymous_3)
DA:1,0
DA:2,0
DA:3,0
DA:5,0
DA:8,0
DA:9,0
DA:10,0
DA:14,0
DA:15,0
DA:16,0
DA:19,0
DA:20,0
DA:21,0
DA:24,0
LF:14
LH:0
BRDA:15,0,0,0
BRDA:20,1,0,0
BRF:2
BRH:0
end_of_record
TN:
SF:src/modules/balancer/balancer.controller.ts
FN:13,(anonymous_4)
FN:17,(anonymous_5)
FN:23,(anonymous_6)
FN:29,(anonymous_7)
FN:35,(anonymous_8)
FN:41,(anonymous_9)
FNF:6
FNH:0
FNDA:0,(anonymous_4)
FNDA:0,(anonymous_5)
FNDA:0,(anonymous_6)
FNDA:0,(anonymous_7)
FNDA:0,(anonymous_8)
FNDA:0,(anonymous_9)
DA:1,0
DA:2,0
DA:3,0
DA:4,0
DA:5,0
DA:12,0
DA:13,0
DA:17,0
DA:18,0
DA:23,0
DA:24,0
DA:29,0
DA:30,0
DA:35,0
DA:36,0
DA:41,0
DA:42,0
LF:17
LH:0
BRF:0
BRH:0
end_of_record
TN:
SF:src/modules/balancer/balancer.module.ts
FNF:0
FNH:0
DA:1,0
DA:2,0
DA:3,0
DA:10,0
LF:4
LH:0
BRF:0
BRH:0
end_of_record
TN:
SF:src/modules/balancer/balancer.service.ts
FN:7,(anonymous_2)
FN:9,(anonymous_3)
FN:25,(anonymous_4)
FN:33,(anonymous_5)
FN:42,(anonymous_6)
FN:55,(anonymous_7)
FNF:6
FNH:6
FNDA:8,(anonymous_2)
FNDA:2,(anonymous_3)
FNDA:2,(anonymous_4)
FNDA:4,(anonymous_5)
FNDA:1,(anonymous_6)
FNDA:1,(anonymous_7)
DA:1,1
DA:2,1
DA:6,1
DA:7,8
DA:10,2
DA:26,2
DA:34,4
DA:38,4
DA:39,3
DA:43,1
DA:44,1
DA:56,1
DA:57,1
LF:13
LH:13
BRDA:15,0,0,2
BRDA:15,0,1,1
BRDA:19,1,0,2
BRDA:19,1,1,2
BRDA:27,2,0,2
BRDA:27,2,1,1
BRDA:38,3,0,1
BRDA:48,4,0,0
BRDA:48,4,1,1
BRF:9
BRH:8
end_of_record
TN:
SF:src/modules/balancer/dto/balancer.dto.ts
FNF:0
FNH:0
DA:1,0
DA:2,0
DA:4,0
DA:7,0
DA:11,0
DA:16,0
DA:21,0
DA:26,0
DA:29,0
LF:9
LH:0
BRF:0
BRH:0
end_of_record
TN:
SF:src/modules/client/client.controller.ts
FN:13,(anonymous_4)
FN:17,(anonymous_5)
FN:23,(anonymous_6)
FN:29,(anonymous_7)
FN:38,(anonymous_8)
FN:44,(anonymous_9)
FN:50,(anonymous_10)
FN:56,(anonymous_11)
FN:62,(anonymous_12)
FN:68,(anonymous_13)
FN:75,(anonymous_14)
FN:81,(anonymous_15)
FNF:12
FNH:0
FNDA:0,(anonymous_4)
FNDA:0,(anonymous_5)
FNDA:0,(anonymous_6)
FNDA:0,(anonymous_7)
FNDA:0,(anonymous_8)
FNDA:0,(anonymous_9)
FNDA:0,(anonymous_10)
FNDA:0,(anonymous_11)
FNDA:0,(anonymous_12)
FNDA:0,(anonymous_13)
FNDA:0,(anonymous_14)
FNDA:0,(anonymous_15)
DA:1,0
DA:2,0
DA:3,0
DA:4,0
DA:5,0
DA:12,0
DA:13,0
DA:17,0
DA:18,0
DA:23,0
DA:24,0
DA:29,0
DA:30,0
DA:38,0
DA:39,0
DA:44,0
DA:45,0
DA:50,0
DA:51,0
DA:56,0
DA:57,0
DA:62,0
DA:63,0
DA:68,0
DA:69,0
DA:75,0
DA:76,0
DA:81,0
DA:82,0
LF:29
LH:0
BRDA:31,0,0,0
BRDA:31,0,1,0
BRF:2
BRH:0
end_of_record
TN:
SF:src/modules/client/client.module.ts
FNF:0
FNH:0
DA:1,0
DA:2,0
DA:3,0
DA:4,0
DA:12,0
LF:5
LH:0
BRF:0
BRH:0
end_of_record
TN:
SF:src/modules/client/client.service.ts
FN:89,(anonymous_2)
FN:98,(anonymous_3)
FN:111,(anonymous_4)
FN:162,(anonymous_5)
FN:232,(anonymous_6)
FN:243,(anonymous_7)
FN:251,(anonymous_8)
FN:259,(anonymous_9)
FN:297,(anonymous_10)
FN:306,(anonymous_11)
FN:320,(anonymous_12)
FN:360,(anonymous_13)
FN:384,(anonymous_14)
FN:388,(anonymous_15)
FN:403,(anonymous_16)
FN:407,(anonymous_17)
FN:415,(anonymous_18)
FN:426,(anonymous_19)
FN:440,(anonymous_20)
FN:451,(anonymous_21)
FN:502,(anonymous_22)
FN:512,(anonymous_23)
FN:524,(anonymous_24)
FN:524,(anonymous_25)
FN:528,(anonymous_26)
FNF:25
FNH:22
FNDA:25,(anonymous_2)
FNDA:5,(anonymous_3)
FNDA:4,(anonymous_4)
FNDA:3,(anonymous_5)
FNDA:3,(anonymous_6)
FNDA:12,(anonymous_7)
FNDA:1,(anonymous_8)
FNDA:2,(anonymous_9)
FNDA:1,(anonymous_10)
FNDA:1,(anonymous_11)
FNDA:2,(anonymous_12)
FNDA:2,(anonymous_13)
FNDA:1,(anonymous_14)
FNDA:0,(anonymous_15)
FNDA:0,(anonymous_16)
FNDA:0,(anonymous_17)
FNDA:1,(anonymous_18)
FNDA:1,(anonymous_19)
FNDA:1,(anonymous_20)
FNDA:4,(anonymous_21)
FNDA:1,(anonymous_22)
FNDA:1,(anonymous_23)
FNDA:2,(anonymous_24)
FNDA:1,(anonymous_25)
FNDA:1,(anonymous_26)
DA:6,1
DA:7,1
DA:8,1
DA:9,1
DA:10,1
DA:11,1
DA:88,1
DA:90,25
DA:91,25
DA:92,25
DA:99,5
DA:100,5
DA:101,5
DA:102,5
DA:103,40
DA:105,5
DA:113,4
DA:116,4
DA:117,1
DA:121,3
DA:123,3
DA:152,3
DA:153,1
DA:156,3
DA:163,3
DA:164,3
DA:165,3
DA:166,3
DA:169,3
DA:170,1
DA:171,1
DA:173,2
DA:174,2
DA:177,3
DA:178,8
DA:180,8
DA:182,3
DA:183,3
DA:185,2
DA:186,2
DA:188,0
DA:189,0
DA:191,0
DA:192,0
DA:194,3
DA:195,3
DA:198,8
DA:200,8
DA:201,8
DA:217,8
DA:220,8
DA:221,0
DA:225,0
DA:229,3
DA:233,3
DA:244,12
DA:247,12
DA:248,11
DA:252,1
DA:255,1
DA:256,1
DA:260,2
DA:261,2
DA:263,2
DA:291,2
DA:292,2
DA:294,2
DA:295,1
DA:297,1
DA:298,1
DA:299,1
DA:303,2
DA:307,1
DA:310,1
DA:311,1
DA:314,1
DA:321,2
DA:323,2
DA:327,2
DA:329,2
DA:330,1
DA:331,1
DA:341,1
DA:343,1
DA:348,1
DA:352,2
DA:353,1
DA:361,2
DA:365,2
DA:367,2
DA:368,0
DA:369,0
DA:371,0
DA:376,0
DA:379,2
DA:380,0
DA:385,1
DA:386,1
DA:388,1
DA:389,0
DA:392,1
DA:396,1
DA:397,0
DA:399,1
DA:404,0
DA:405,0
DA:407,0
DA:408,0
DA:416,1
DA:417,1
DA:427,1
DA:441,1
DA:442,1
DA:452,4
DA:455,4
DA:456,2
DA:464,2
DA:468,2
DA:469,1
DA:474,3
DA:475,1
DA:482,3
DA:503,1
DA:504,1
DA:513,1
DA:515,1
DA:524,2
DA:528,1
LF:128
LH:111
BRDA:98,0,0,0
BRDA:116,1,0,1
BRDA:121,2,0,3
BRDA:121,2,1,2
BRDA:131,3,0,3
BRDA:131,3,1,3
BRDA:132,4,0,0
BRDA:132,4,1,3
BRDA:133,5,0,0
BRDA:133,5,1,3
BRDA:134,6,0,0
BRDA:134,6,1,3
BRDA:135,7,0,0
BRDA:135,7,1,3
BRDA:136,8,0,3
BRDA:136,8,1,3
BRDA:138,9,0,3
BRDA:138,9,1,3
BRDA:139,10,0,3
BRDA:139,10,1,3
BRDA:140,11,0,3
BRDA:140,11,1,3
BRDA:144,12,0,3
BRDA:144,12,1,2
BRDA:147,13,0,3
BRDA:147,13,1,3
BRDA:152,14,0,1
BRDA:152,15,0,3
BRDA:152,15,1,1
BRDA:165,16,0,3
BRDA:165,16,1,1
BRDA:166,17,0,3
BRDA:166,17,1,2
BRDA:169,18,0,1
BRDA:169,18,1,2
BRDA:170,19,0,1
BRDA:170,19,1,0
BRDA:171,20,0,1
BRDA:171,20,1,0
BRDA:174,21,0,2
BRDA:174,21,1,0
BRDA:180,22,0,3
BRDA:180,22,1,2
BRDA:180,22,2,0
BRDA:180,22,3,0
BRDA:180,22,4,3
BRDA:206,23,0,0
BRDA:206,23,1,8
BRDA:207,24,0,0
BRDA:207,24,1,8
BRDA:208,25,0,8
BRDA:208,25,1,8
BRDA:209,26,0,8
BRDA:209,26,1,8
BRDA:210,27,0,8
BRDA:210,27,1,8
BRDA:212,28,0,8
BRDA:212,28,1,8
BRDA:220,29,0,0
BRDA:220,30,0,8
BRDA:220,30,1,0
BRDA:236,31,0,3
BRDA:236,31,1,1
BRDA:237,32,0,3
BRDA:237,32,1,1
BRDA:247,33,0,1
BRDA:255,34,0,0
BRDA:271,35,0,0
BRDA:271,35,1,2
BRDA:272,36,0,0
BRDA:272,36,1,2
BRDA:273,37,0,0
BRDA:273,37,1,2
BRDA:274,38,0,0
BRDA:274,38,1,2
BRDA:291,39,0,2
BRDA:291,39,1,1
BRDA:294,40,0,1
BRDA:294,41,0,2
BRDA:294,41,1,1
BRDA:294,41,2,1
BRDA:294,41,3,1
BRDA:294,41,4,1
BRDA:298,42,0,1
BRDA:310,43,0,1
BRDA:321,44,0,0
BRDA:321,45,0,2
BRDA:321,45,1,2
BRDA:330,46,0,1
BRDA:330,46,1,0
BRDA:368,47,0,0
BRDA:368,47,1,0
BRDA:385,48,0,0
BRDA:385,48,1,1
BRDA:386,49,0,0
BRDA:389,50,0,0
BRDA:389,50,1,0
BRDA:392,51,0,0
BRDA:392,51,1,1
BRDA:396,52,0,0
BRDA:396,52,1,1
BRDA:404,53,0,0
BRDA:404,53,1,0
BRDA:405,54,0,0
BRDA:408,55,0,0
BRDA:408,55,1,0
BRDA:455,56,0,2
BRDA:468,57,0,1
BRDA:468,58,0,2
BRDA:468,58,1,1
BRDA:474,59,0,1
BRDA:474,60,0,3
BRDA:474,60,1,1
BRF:113
BRH:79
end_of_record
TN:
SF:src/modules/client/dto/client.dto.ts
FNF:0
FNH:0
DA:1,0
DA:2,0
DA:4,0
DA:7,0
DA:12,0
DA:17,0
DA:22,0
DA:27,0
DA:32,0
DA:36,0
DA:40,0
DA:44,0
DA:48,0
DA:53,0
DA:59,0
DA:64,0
DA:69,0
DA:74,0
DA:79,0
DA:84,0
DA:90,0
DA:95,0
DA:100,0
DA:105,0
DA:110,0
DA:113,0
DA:116,0
DA:119,0
DA:124,0
DA:129,0
DA:134,0
DA:139,0
DA:144,0
DA:148,0
DA:152,0
DA:157,0
DA:162,0
DA:167,0
DA:172,0
DA:178,0
DA:183,0
LF:41
LH:0
BRF:0
BRH:0
end_of_record
TN:
SF:src/modules/config-version/config-version.controller.ts
FN:15,(anonymous_4)
FN:21,(anonymous_5)
FN:37,(anonymous_6)
FN:48,(anonymous_7)
FN:59,(anonymous_8)
FN:71,(anonymous_9)
FN:88,(anonymous_10)
FNF:7
FNH:0
FNDA:0,(anonymous_4)
FNDA:0,(anonymous_5)
FNDA:0,(anonymous_6)
FNDA:0,(anonymous_7)
FNDA:0,(anonymous_8)
FNDA:0,(anonymous_9)
FNDA:0,(anonymous_10)
DA:6,0
DA:7,0
DA:8,0
DA:9,0
DA:10,0
DA:14,0
DA:15,0
DA:21,0
DA:26,0
DA:37,0
DA:41,0
DA:48,0
DA:52,0
DA:59,0
DA:64,0
DA:71,0
DA:77,0
DA:88,0
DA:92,0
LF:19
LH:0
BRDA:29,0,0,0
BRDA:29,0,1,0
BRDA:79,1,0,0
BRDA:79,1,1,0
BRF:4
BRH:0
end_of_record
TN:
SF:src/modules/config-version/config-version.module.ts
FNF:0
FNH:0
DA:1,0
DA:2,0
DA:3,0
DA:10,0
LF:4
LH:0
BRF:0
BRH:0
end_of_record
TN:
SF:src/modules/config-version/config-version.service.ts
FN:23,(anonymous_13)
FN:33,(anonymous_14)
FN:104,(anonymous_15)
FN:114,(anonymous_16)
FN:124,(anonymous_17)
FN:156,(anonymous_18)
FN:167,(anonymous_19)
FN:178,(anonymous_20)
FN:188,(anonymous_21)
FN:216,(anonymous_22)
FNF:10
FNH:0
FNDA:0,(anonymous_13)
FNDA:0,(anonymous_14)
FNDA:0,(anonymous_15)
FNDA:0,(anonymous_16)
FNDA:0,(anonymous_17)
FNDA:0,(anonymous_18)
FNDA:0,(anonymous_19)
FNDA:0,(anonymous_20)
FNDA:0,(anonymous_21)
FNDA:0,(anonymous_22)
DA:6,0
DA:7,0
DA:8,0
DA:9,0
DA:10,0
DA:11,0
DA:22,0
DA:25,0
DA:26,0
DA:27,0
DA:39,0
DA:48,0
DA:49,0
DA:53,0
DA:60,0
DA:61,0
DA:62,0
DA:69,0
DA:70,0
DA:73,0
DA:78,0
DA:79,0
DA:80,0
DA:84,0
DA:97,0
DA:98,0
DA:105,0
DA:115,0
DA:126,0
DA:131,0
DA:134,0
DA:139,0
DA:140,0
DA:142,0
DA:147,0
DA:150,0
DA:157,0
DA:168,0
DA:171,0
DA:172,0
DA:179,0
DA:189,0
DA:192,0
DA:205,0
DA:210,0
DA:217,0
DA:222,0
LF:47
LH:0
BRDA:48,0,0,0
BRDA:61,1,0,0
BRDA:78,2,0,0
BRDA:78,3,0,0
BRDA:78,3,1,0
BRDA:91,4,0,0
BRDA:91,4,1,0
BRDA:139,5,0,0
BRDA:156,6,0,0
BRDA:171,7,0,0
BRDA:200,8,0,0
BRDA:200,8,1,0
BRF:12
BRH:0
end_of_record
TN:
SF:src/modules/config-version/dto/config-version.dto.ts
FNF:0
FNH:0
DA:1,0
DA:3,0
DA:5,0
DA:9,0
DA:12,0
DA:14,0
DA:18,0
LF:7
LH:0
BRF:0
BRH:0
end_of_record
TN:
SF:src/modules/dns/dns.controller.ts
FN:15,(anonymous_4)
FN:24,(anonymous_5)
FN:31,(anonymous_6)
FN:38,(anonymous_7)
FN:45,(anonymous_8)
FN:52,(anonymous_9)
FN:63,(anonymous_10)
FN:70,(anonymous_11)
FN:77,(anonymous_12)
FN:84,(anonymous_13)
FN:91,(anonymous_14)
FN:102,(anonymous_15)
FN:109,(anonymous_16)
FN:116,(anonymous_17)
FNF:14
FNH:0
FNDA:0,(anonymous_4)
FNDA:0,(anonymous_5)
FNDA:0,(anonymous_6)
FNDA:0,(anonymous_7)
FNDA:0,(anonymous_8)
FNDA:0,(anonymous_9)
FNDA:0,(anonymous_10)
FNDA:0,(anonymous_11)
FNDA:0,(anonymous_12)
FNDA:0,(anonymous_13)
FNDA:0,(anonymous_14)
FNDA:0,(anonymous_15)
FNDA:0,(anonymous_16)
FNDA:0,(anonymous_17)
DA:1,0
DA:2,0
DA:3,0
DA:4,0
DA:5,0
DA:6,0
DA:7,0
DA:14,0
DA:15,0
DA:24,0
DA:25,0
DA:31,0
DA:32,0
DA:38,0
DA:39,0
DA:45,0
DA:46,0
DA:52,0
DA:53,0
DA:63,0
DA:64,0
DA:70,0
DA:71,0
DA:77,0
DA:78,0
DA:84,0
DA:85,0
DA:91,0
DA:92,0
DA:102,0
DA:103,0
DA:109,0
DA:110,0
DA:116,0
DA:117,0
LF:35
LH:0
BRF:0
BRH:0
end_of_record
TN:
SF:src/modules/dns/dns.module.ts
FNF:0
FNH:0
DA:1,0
DA:2,0
DA:3,0
DA:10,0
LF:4
LH:0
BRF:0
BRH:0
end_of_record
TN:
SF:src/modules/dns/dns.service.ts
FN:10,(anonymous_2)
FN:16,(anonymous_3)
FN:30,(anonymous_4)
FN:53,(anonymous_5)
FN:60,(anonymous_6)
FN:66,(anonymous_7)
FN:77,(anonymous_8)
FN:82,(anonymous_9)
FN:90,(anonymous_10)
FN:120,(anonymous_11)
FN:128,(anonymous_12)
FN:134,(anonymous_13)
FN:157,(anonymous_14)
FN:179,(anonymous_15)
FN:212,(anonymous_16)
FN:217,(anonymous_17)
FN:227,(anonymous_18)
FNF:17
FNH:0
FNDA:0,(anonymous_2)
FNDA:0,(anonymous_3)
FNDA:0,(anonymous_4)
FNDA:0,(anonymous_5)
FNDA:0,(anonymous_6)
FNDA:0,(anonymous_7)
FNDA:0,(anonymous_8)
FNDA:0,(anonymous_9)
FNDA:0,(anonymous_10)
FNDA:0,(anonymous_11)
FNDA:0,(anonymous_12)
FNDA:0,(anonymous_13)
FNDA:0,(anonymous_14)
FNDA:0,(anonymous_15)
FNDA:0,(anonymous_16)
FNDA:0,(anonymous_17)
FNDA:0,(anonymous_18)
DA:1,0
DA:2,0
DA:4,0
DA:7,0
DA:8,0
DA:10,0
DA:17,0
DA:19,0
DA:21,0
DA:24,0
DA:26,0
DA:32,0
DA:33,0
DA:39,0
DA:54,0
DA:61,0
DA:62,0
DA:63,0
DA:67,0
DA:68,0
DA:69,0
DA:74,0
DA:78,0
DA:79,0
DA:83,0
DA:91,0
DA:92,0
DA:95,0
DA:103,0
DA:121,0
DA:129,0
DA:130,0
DA:131,0
DA:135,0
DA:139,0
DA:141,0
DA:142,0
DA:143,0
DA:151,0
DA:158,0
DA:162,0
DA:164,0
DA:165,0
DA:166,0
DA:167,0
DA:169,0
DA:172,0
DA:180,0
DA:181,0
DA:183,0
DA:184,0
DA:185,0
DA:186,0
DA:189,0
DA:190,0
DA:191,0
DA:193,0
DA:194,0
DA:196,0
DA:197,0
DA:198,0
DA:201,0
DA:209,0
DA:213,0
DA:214,0
DA:222,0
DA:223,0
DA:224,0
DA:228,0
DA:229,0
DA:230,0
DA:231,0
DA:232,0
DA:233,0
DA:234,0
DA:235,0
DA:237,0
DA:239,0
DA:240,0
DA:243,0
LF:80
LH:0
BRDA:17,0,0,0
BRDA:17,0,1,0
BRDA:17,0,2,0
BRDA:17,0,3,0
BRDA:17,0,4,0
BRDA:32,1,0,0
BRDA:47,2,0,0
BRDA:47,2,1,0
BRDA:48,3,0,0
BRDA:48,3,1,0
BRDA:62,4,0,0
BRDA:68,5,0,0
BRDA:95,6,0,0
BRDA:95,6,1,0
BRDA:111,7,0,0
BRDA:111,7,1,0
BRDA:112,8,0,0
BRDA:112,8,1,0
BRDA:122,9,0,0
BRDA:122,9,1,0
BRDA:122,10,0,0
BRDA:122,10,1,0
BRDA:130,11,0,0
BRDA:139,12,0,0
BRDA:142,13,0,0
BRDA:143,14,0,0
BRDA:143,14,1,0
BRDA:146,15,0,0
BRDA:146,15,1,0
BRDA:147,16,0,0
BRDA:147,16,1,0
BRDA:148,17,0,0
BRDA:148,17,1,0
BRDA:162,18,0,0
BRDA:164,19,0,0
BRDA:167,20,0,0
BRDA:167,20,1,0
BRDA:181,21,0,0
BRDA:184,22,0,0
BRDA:190,23,0,0
BRDA:190,23,1,0
BRDA:191,24,0,0
BRDA:196,25,0,0
BRDA:197,26,0,0
BRDA:204,27,0,0
BRDA:204,27,1,0
BRDA:222,28,0,0
BRDA:222,28,1,0
BRDA:222,28,2,0
BRDA:224,29,0,0
BRDA:224,29,1,0
BRDA:233,30,0,0
BRDA:233,30,1,0
BRDA:234,31,0,0
BRF:54
BRH:0
end_of_record
TN:
SF:src/modules/dns-config/dns-config.controller.ts
FN:13,(anonymous_4)
FN:17,(anonymous_5)
FN:23,(anonymous_6)
FN:29,(anonymous_7)
FN:35,(anonymous_8)
FN:41,(anonymous_9)
FNF:6
FNH:0
FNDA:0,(anonymous_4)
FNDA:0,(anonymous_5)
FNDA:0,(anonymous_6)
FNDA:0,(anonymous_7)
FNDA:0,(anonymous_8)
FNDA:0,(anonymous_9)
DA:1,0
DA:2,0
DA:3,0
DA:4,0
DA:5,0
DA:12,0
DA:13,0
DA:17,0
DA:18,0
DA:23,0
DA:24,0
DA:29,0
DA:30,0
DA:35,0
DA:36,0
DA:41,0
DA:42,0
LF:17
LH:0
BRF:0
BRH:0
end_of_record
TN:
SF:src/modules/dns-config/dns-config.module.ts
FNF:0
FNH:0
DA:1,0
DA:2,0
DA:3,0
DA:10,0
LF:4
LH:0
BRF:0
BRH:0
end_of_record
TN:
SF:src/modules/dns-config/dns-config.service.ts
FN:7,(anonymous_2)
FN:9,(anonymous_3)
FN:21,(anonymous_4)
FN:29,(anonymous_5)
FN:38,(anonymous_6)
FN:50,(anonymous_7)
FNF:6
FNH:0
FNDA:0,(anonymous_2)
FNDA:0,(anonymous_3)
FNDA:0,(anonymous_4)
FNDA:0,(anonymous_5)
FNDA:0,(anonymous_6)
FNDA:0,(anonymous_7)
DA:1,0
DA:2,0
DA:6,0
DA:7,0
DA:10,0
DA:22,0
DA:30,0
DA:34,0
DA:35,0
DA:39,0
DA:40,0
DA:51,0
DA:52,0
LF:13
LH:0
BRDA:14,0,0,0
BRDA:14,0,1,0
BRDA:15,1,0,0
BRDA:15,1,1,0
BRDA:23,2,0,0
BRDA:23,2,1,0
BRDA:34,3,0,0
BRDA:43,4,0,0
BRDA:43,4,1,0
BRF:9
BRH:0
end_of_record
TN:
SF:src/modules/dns-config/dto/dns-config.dto.ts
FNF:0
FNH:0
DA:1,0
DA:2,0
DA:4,0
DA:7,0
DA:12,0
DA:17,0
DA:22,0
DA:25,0
LF:8
LH:0
BRF:0
BRH:0
end_of_record
TN:
SF:src/modules/dns/adapters/aliyun.adapter.ts
FN:11,(anonymous_2)
FN:13,(anonymous_3)
FN:16,(anonymous_4)
FN:23,(anonymous_5)
FN:38,(anonymous_6)
FN:50,(anonymous_7)
FN:63,(anonymous_8)
FN:74,(anonymous_9)
FN:78,(anonymous_10)
FN:85,(anonymous_11)
FN:95,(anonymous_12)
FNF:11
FNH:0
FNDA:0,(anonymous_2)
FNDA:0,(anonymous_3)
FNDA:0,(anonymous_4)
FNDA:0,(anonymous_5)
FNDA:0,(anonymous_6)
FNDA:0,(anonymous_7)
FNDA:0,(anonymous_8)
FNDA:0,(anonymous_9)
FNDA:0,(anonymous_10)
FNDA:0,(anonymous_11)
FNDA:0,(anonymous_12)
DA:1,0
DA:2,0
DA:6,0
DA:7,0
DA:8,0
DA:9,0
DA:11,0
DA:14,0
DA:15,0
DA:16,0
DA:18,0
DA:19,0
DA:20,0
DA:24,0
DA:36,0
DA:37,0
DA:38,0
DA:41,0
DA:42,0
DA:43,0
DA:44,0
DA:45,0
DA:47,0
DA:52,0
DA:53,0
DA:60,0
DA:64,0
DA:65,0
DA:75,0
DA:79,0
DA:80,0
DA:81,0
DA:82,0
DA:84,0
DA:85,0
DA:97,0
LF:36
LH:0
BRDA:27,0,0,0
BRDA:27,0,1,0
BRDA:43,1,0,0
BRDA:55,2,0,0
BRDA:55,2,1,0
BRDA:58,3,0,0
BRDA:58,3,1,0
BRDA:67,4,0,0
BRDA:67,4,1,0
BRDA:70,5,0,0
BRDA:70,5,1,0
BRDA:80,6,0,0
BRDA:85,7,0,0
BRDA:85,7,1,0
BRF:14
BRH:0
end_of_record
TN:
SF:src/modules/dns/adapters/cloudflare.adapter.ts
FN:10,(anonymous_2)
FN:12,(anonymous_3)
FN:26,(anonymous_4)
FN:47,(anonymous_5)
FN:67,(anonymous_6)
FN:80,(anonymous_7)
FN:98,(anonymous_8)
FN:108,(anonymous_9)
FNF:8
FNH:0
FNDA:0,(anonymous_2)
FNDA:0,(anonymous_3)
FNDA:0,(anonymous_4)
FNDA:0,(anonymous_5)
FNDA:0,(anonymous_6)
FNDA:0,(anonymous_7)
FNDA:0,(anonymous_8)
FNDA:0,(anonymous_9)
DA:1,0
DA:5,0
DA:6,0
DA:7,0
DA:8,0
DA:10,0
DA:13,0
DA:14,0
DA:19,0
DA:27,0
DA:39,0
DA:40,0
DA:41,0
DA:42,0
DA:44,0
DA:48,0
DA:60,0
DA:61,0
DA:62,0
DA:63,0
DA:68,0
DA:73,0
DA:74,0
DA:75,0
DA:76,0
DA:81,0
DA:82,0
DA:84,0
DA:89,0
DA:94,0
DA:95,0
DA:98,0
DA:109,0
DA:114,0
DA:115,0
DA:116,0
LF:36
LH:0
BRDA:13,0,0,0
BRDA:20,1,0,0
BRDA:20,1,1,0
BRDA:21,2,0,0
BRDA:21,2,1,0
BRDA:34,3,0,0
BRDA:34,3,1,0
BRDA:35,4,0,0
BRDA:35,4,1,0
BRDA:40,5,0,0
BRDA:55,6,0,0
BRDA:55,6,1,0
BRDA:56,7,0,0
BRDA:56,7,1,0
BRDA:61,8,0,0
BRDA:74,9,0,0
BRDA:82,10,0,0
BRDA:94,11,0,0
BRDA:98,12,0,0
BRDA:98,12,1,0
BRDA:115,13,0,0
BRDA:115,14,0,0
BRDA:115,14,1,0
BRF:23
BRH:0
end_of_record
TN:
SF:src/modules/dns/adapters/index.ts
FNF:0
FNH:0
DA:1,0
DA:2,0
DA:3,0
DA:4,0
LF:4
LH:0
BRF:0
BRH:0
end_of_record
TN:
SF:src/modules/dns/adapters/tencent.adapter.ts
FN:11,(anonymous_2)
FN:13,(anonymous_3)
FN:39,(anonymous_4)
FN:61,(anonymous_5)
FN:74,(anonymous_6)
FN:87,(anonymous_7)
FN:91,(anonymous_8)
FN:95,(anonymous_9)
FN:105,(anonymous_10)
FNF:9
FNH:0
FNDA:0,(anonymous_2)
FNDA:0,(anonymous_3)
FNDA:0,(anonymous_4)
FNDA:0,(anonymous_5)
FNDA:0,(anonymous_6)
FNDA:0,(anonymous_7)
FNDA:0,(anonymous_8)
FNDA:0,(anonymous_9)
FNDA:0,(anonymous_10)
DA:1,0
DA:2,0
DA:6,0
DA:7,0
DA:8,0
DA:9,0
DA:11,0
DA:14,0
DA:15,0
DA:16,0
DA:17,0
DA:19,0
DA:26,0
DA:31,0
DA:32,0
DA:33,0
DA:34,0
DA:36,0
DA:40,0
DA:41,0
DA:53,0
DA:54,0
DA:55,0
DA:56,0
DA:58,0
DA:62,0
DA:63,0
DA:71,0
DA:75,0
DA:76,0
DA:88,0
DA:92,0
DA:93,0
DA:94,0
DA:95,0
DA:106,0
LF:36
LH:0
BRDA:14,0,0,0
BRDA:14,0,1,0
BRDA:15,1,0,0
BRDA:15,1,1,0
BRDA:54,2,0,0
BRDA:65,3,0,0
BRDA:65,3,1,0
BRDA:69,4,0,0
BRDA:69,4,1,0
BRDA:79,5,0,0
BRDA:79,5,1,0
BRDA:83,6,0,0
BRDA:83,6,1,0
BRDA:93,7,0,0
BRDA:95,8,0,0
BRDA:95,8,1,0
BRDA:97,9,0,0
BRDA:97,9,1,0
BRF:18
BRH:0
end_of_record
TN:
SF:src/modules/dns/dto/dns.dto.ts
FNF:0
FNH:0
DA:1,0
DA:2,0
DA:4,0
DA:7,0
DA:11,0
DA:15,0
DA:20,0
DA:23,0
DA:33,0
DA:38,0
DA:41,0
DA:45,0
DA:50,0
DA:54,0
DA:64,0
DA:69,0
DA:74,0
DA:77,0
DA:80,0
DA:85,0
DA:89,0
DA:93,0
DA:97,0
DA:102,0
DA:109,0
DA:112,0
DA:116,0
DA:121,0
DA:128,0
LF:29
LH:0
BRF:0
BRH:0
end_of_record
TN:
SF:src/modules/egress-ip/egress-ip.controller.ts
FN:13,(anonymous_4)
FN:17,(anonymous_5)
FN:23,(anonymous_6)
FN:29,(anonymous_7)
FN:35,(anonymous_8)
FN:41,(anonymous_9)
FN:47,(anonymous_10)
FN:53,(anonymous_11)
FN:59,(anonymous_12)
FNF:9
FNH:0
FNDA:0,(anonymous_4)
FNDA:0,(anonymous_5)
FNDA:0,(anonymous_6)
FNDA:0,(anonymous_7)
FNDA:0,(anonymous_8)
FNDA:0,(anonymous_9)
FNDA:0,(anonymous_10)
FNDA:0,(anonymous_11)
FNDA:0,(anonymous_12)
DA:1,0
DA:2,0
DA:3,0
DA:4,0
DA:5,0
DA:12,0
DA:13,0
DA:17,0
DA:18,0
DA:23,0
DA:24,0
DA:29,0
DA:30,0
DA:35,0
DA:36,0
DA:41,0
DA:42,0
DA:47,0
DA:48,0
DA:53,0
DA:54,0
DA:59,0
DA:60,0
LF:23
LH:0
BRF:0
BRH:0
end_of_record
TN:
SF:src/modules/egress-ip/egress-ip.module.ts
FNF:0
FNH:0
DA:1,0
DA:2,0
DA:3,0
DA:4,0
DA:12,0
LF:5
LH:0
BRF:0
BRH:0
end_of_record
TN:
SF:src/modules/egress-ip/egress-ip.service.ts
FN:8,(anonymous_2)
FN:10,(anonymous_3)
FN:32,(anonymous_4)
FN:48,(anonymous_5)
FN:90,(anonymous_6)
FN:90,(anonymous_7)
FN:98,(anonymous_8)
FN:107,(anonymous_9)
FN:123,(anonymous_10)
FN:128,(anonymous_11)
FN:142,(anonymous_12)
FNF:11
FNH:11
FNDA:27,(anonymous_2)
FNDA:5,(anonymous_3)
FNDA:5,(anonymous_4)
FNDA:6,(anonymous_5)
FNDA:8,(anonymous_6)
FNDA:7,(anonymous_7)
FNDA:11,(anonymous_8)
FNDA:3,(anonymous_9)
FNDA:1,(anonymous_10)
FNDA:3,(anonymous_11)
FNDA:2,(anonymous_12)
DA:1,1
DA:2,1
DA:7,1
DA:8,27
DA:12,5
DA:13,5
DA:15,4
DA:33,5
DA:35,5
DA:36,5
DA:37,5
DA:38,5
DA:39,5
DA:41,5
DA:49,6
DA:58,6
DA:59,6
DA:60,6
DA:61,6
DA:62,6
DA:65,6
DA:90,8
DA:99,11
DA:103,11
DA:104,10
DA:108,3
DA:109,3
DA:124,1
DA:125,1
DA:129,3
DA:132,3
DA:133,1
DA:136,2
DA:143,2
DA:146,2
DA:147,1
DA:150,1
LF:37
LH:37
BRDA:13,0,0,1
BRDA:19,1,0,4
BRDA:19,1,1,3
BRDA:21,2,0,4
BRDA:21,2,1,3
BRDA:24,3,0,4
BRDA:24,3,1,4
BRDA:25,4,0,4
BRDA:25,4,1,4
BRDA:35,5,0,1
BRDA:36,6,0,1
BRDA:37,7,0,0
BRDA:38,8,0,1
BRDA:39,9,0,1
BRDA:58,10,0,0
BRDA:59,11,0,0
BRDA:60,12,0,0
BRDA:61,13,0,0
BRDA:62,14,0,0
BRDA:71,15,0,6
BRDA:71,15,1,0
BRDA:72,16,0,6
BRDA:72,16,1,0
BRDA:74,17,0,6
BRDA:74,17,1,0
BRDA:75,18,0,6
BRDA:75,18,1,0
BRDA:76,19,0,6
BRDA:76,19,1,0
BRDA:90,20,0,8
BRDA:90,20,1,4
BRDA:92,21,0,7
BRDA:92,21,1,0
BRDA:94,22,0,3
BRDA:94,22,1,4
BRDA:103,23,0,1
BRDA:132,24,0,1
BRDA:132,25,0,3
BRDA:132,25,1,2
BRDA:146,26,0,1
BRF:40
BRH:28
end_of_record
TN:
SF:src/modules/egress-ip/dto/egress-ip.dto.ts
FN:4,(anonymous_2)
FNF:1
FNH:1
FNDA:1,(anonymous_2)
DA:1,1
DA:2,1
DA:4,1
DA:5,1
DA:6,1
DA:7,1
DA:10,1
DA:14,1
DA:19,1
DA:24,1
DA:29,1
DA:34,1
DA:37,1
DA:41,1
DA:44,1
DA:47,1
DA:51,1
DA:56,1
DA:61,1
DA:66,1
DA:71,1
DA:76,1
DA:81,1
DA:87,1
DA:90,1
DA:94,1
DA:99,1
DA:104,1
DA:109,1
DA:114,1
DA:120,1
LF:31
LH:31
BRDA:4,0,0,1
BRDA:4,0,1,1
BRF:2
BRH:2
end_of_record
TN:
SF:src/modules/health/health.controller.ts
FN:8,(anonymous_2)
FN:13,(anonymous_3)
FN:21,(anonymous_4)
FN:28,(anonymous_5)
FNF:4
FNH:0
FNDA:0,(anonymous_2)
FNDA:0,(anonymous_3)
FNDA:0,(anonymous_4)
FNDA:0,(anonymous_5)
DA:1,0
DA:2,0
DA:3,0
DA:7,0
DA:8,0
DA:13,0
DA:14,0
DA:21,0
DA:22,0
DA:28,0
DA:29,0
LF:11
LH:0
BRF:0
BRH:0
end_of_record
TN:
SF:src/modules/health/health.module.ts
FNF:0
FNH:0
DA:1,0
DA:2,0
DA:3,0
DA:4,0
DA:11,0
LF:5
LH:0
BRF:0
BRH:0
end_of_record
TN:
SF:src/modules/health/health.service.ts
FN:16,(anonymous_2)
FN:21,(anonymous_3)
FNF:2
FNH:0
FNDA:0,(anonymous_2)
FNDA:0,(anonymous_3)
DA:1,0
DA:2,0
DA:3,0
DA:15,0
DA:17,0
DA:18,0
DA:22,0
DA:32,0
DA:33,0
DA:34,0
DA:35,0
DA:37,0
DA:38,0
DA:39,0
DA:43,0
DA:44,0
DA:45,0
DA:46,0
DA:48,0
DA:49,0
DA:50,0
DA:53,0
DA:54,0
DA:57,0
LF:24
LH:0
BRDA:39,0,0,0
BRDA:39,0,1,0
BRDA:50,1,0,0
BRDA:50,1,1,0
BRDA:53,2,0,0
BRF:5
BRH:0
end_of_record
TN:
SF:src/modules/inbound/inbound.controller.ts
FN:13,(anonymous_4)
FN:17,(anonymous_5)
FN:23,(anonymous_6)
FN:29,(anonymous_7)
FN:35,(anonymous_8)
FN:41,(anonymous_9)
FNF:6
FNH:0
FNDA:0,(anonymous_4)
FNDA:0,(anonymous_5)
FNDA:0,(anonymous_6)
FNDA:0,(anonymous_7)
FNDA:0,(anonymous_8)
FNDA:0,(anonymous_9)
DA:1,0
DA:2,0
DA:3,0
DA:4,0
DA:5,0
DA:12,0
DA:13,0
DA:17,0
DA:18,0
DA:23,0
DA:24,0
DA:29,0
DA:30,0
DA:35,0
DA:36,0
DA:41,0
DA:42,0
LF:17
LH:0
BRF:0
BRH:0
end_of_record
TN:
SF:src/modules/inbound/inbound.module.ts
FNF:0
FNH:0
DA:1,0
DA:2,0
DA:3,0
DA:4,0
DA:12,0
LF:5
LH:0
BRF:0
BRH:0
end_of_record
TN:
SF:src/modules/inbound/inbound.service.ts
FN:80,(anonymous_2)
FN:89,(anonymous_3)
FN:176,(anonymous_4)
FN:183,(anonymous_5)
FN:191,(anonymous_6)
FN:228,(anonymous_7)
FN:238,(anonymous_8)
FNF:7
FNH:7
FNDA:20,(anonymous_2)
FNDA:12,(anonymous_3)
FNDA:2,(anonymous_4)
FNDA:6,(anonymous_5)
FNDA:2,(anonymous_6)
FNDA:1,(anonymous_7)
FNDA:1,(anonymous_8)
DA:6,1
DA:7,1
DA:8,1
DA:9,1
DA:79,1
DA:81,20
DA:82,20
DA:83,20
DA:91,12
DA:97,12
DA:99,4
DA:100,4
DA:101,4
DA:102,4
DA:105,8
DA:106,8
DA:131,8
DA:132,8
DA:133,8
DA:134,8
DA:138,12
DA:141,12
DA:142,1
DA:146,11
DA:149,11
DA:150,1
DA:153,10
DA:171,10
DA:173,10
DA:177,2
DA:184,6
DA:187,6
DA:188,5
DA:192,2
DA:195,2
DA:196,2
DA:199,2
DA:200,1
DA:204,1
DA:224,1
DA:225,1
DA:229,1
DA:230,1
DA:231,1
DA:232,1
DA:239,1
DA:240,1
LF:47
LH:47
BRDA:91,0,0,12
BRDA:91,0,1,4
BRDA:97,1,0,4
BRDA:97,1,1,8
BRDA:100,2,0,4
BRDA:100,2,1,0
BRDA:101,3,0,4
BRDA:101,3,1,3
BRDA:102,4,0,4
BRDA:102,4,1,4
BRDA:141,5,0,1
BRDA:149,6,0,1
BRDA:160,7,0,10
BRDA:160,7,1,10
BRDA:164,8,0,10
BRDA:164,8,1,10
BRDA:166,9,0,10
BRDA:166,9,1,10
BRDA:178,10,0,2
BRDA:178,10,1,1
BRDA:187,11,0,1
BRDA:195,12,0,2
BRDA:195,13,0,2
BRDA:195,13,1,2
BRDA:199,14,0,1
BRDA:209,15,0,0
BRDA:209,15,1,1
BRDA:210,16,0,0
BRDA:210,16,1,0
BRDA:212,17,0,0
BRDA:212,17,1,1
BRDA:213,18,0,0
BRDA:213,18,1,0
BRDA:215,19,0,0
BRDA:215,19,1,1
BRDA:216,20,0,0
BRDA:216,20,1,0
BRDA:242,21,0,1
BRDA:242,21,1,0
BRDA:243,22,0,1
BRDA:243,22,1,0
BRDA:244,23,0,1
BRDA:244,23,1,0
BRF:43
BRH:30
end_of_record
TN:
SF:src/modules/inbound/dto/inbound.dto.ts
FNF:0
FNH:0
DA:1,0
DA:2,0
DA:4,0
DA:7,0
DA:11,0
DA:15,0
DA:21,0
DA:26,0
DA:30,0
DA:34,0
DA:38,0
DA:42,0
DA:47,0
DA:52,0
DA:57,0
DA:60,0
LF:16
LH:0
BRF:0
BRH:0
end_of_record
TN:
SF:src/modules/install/install.controller.ts
FN:18,(anonymous_13)
FN:32,(anonymous_14)
FN:45,(anonymous_15)
FN:101,(anonymous_16)
FN:142,(anonymous_17)
FNF:5
FNH:0
FNDA:0,(anonymous_13)
FNDA:0,(anonymous_14)
FNDA:0,(anonymous_15)
FNDA:0,(anonymous_16)
FNDA:0,(anonymous_17)
DA:1,0
DA:2,0
DA:3,0
DA:5,0
DA:6,0
DA:7,0
DA:9,0
DA:10,0
DA:11,0
DA:15,0
DA:18,0
DA:20,0
DA:21,0
DA:22,0
DA:26,0
DA:32,0
DA:33,0
DA:34,0
DA:35,0
DA:45,0
DA:50,0
DA:54,0
DA:56,0
DA:60,0
DA:61,0
DA:62,0
DA:65,0
DA:66,0
DA:68,0
DA:80,0
DA:83,0
DA:84,0
DA:86,0
DA:101,0
DA:106,0
DA:109,0
DA:111,0
DA:112,0
DA:115,0
DA:116,0
DA:119,0
DA:122,0
DA:123,0
DA:126,0
DA:127,0
DA:139,0
DA:143,0
LF:47
LH:0
BRDA:22,0,0,0
BRDA:22,0,1,0
BRDA:54,1,0,0
BRDA:54,1,1,0
BRDA:60,2,0,0
BRDA:65,3,0,0
BRDA:65,3,1,0
BRDA:109,4,0,0
BRDA:109,4,1,0
BRDA:115,5,0,0
BRDA:122,6,0,0
BRF:11
BRH:0
end_of_record
TN:
SF:src/modules/install/install.module.ts
FNF:0
FNH:0
DA:1,0
DA:2,0
DA:7,0
LF:3
LH:0
BRF:0
BRH:0
end_of_record
TN:
SF:src/modules/node/node.controller.ts
FN:13,(anonymous_4)
FN:17,(anonymous_5)
FN:23,(anonymous_6)
FN:29,(anonymous_7)
FN:40,(anonymous_8)
FN:46,(anonymous_9)
FN:52,(anonymous_10)
FN:58,(anonymous_11)
FN:64,(anonymous_12)
FN:70,(anonymous_13)
FNF:10
FNH:0
FNDA:0,(anonymous_4)
FNDA:0,(anonymous_5)
FNDA:0,(anonymous_6)
FNDA:0,(anonymous_7)
FNDA:0,(anonymous_8)
FNDA:0,(anonymous_9)
FNDA:0,(anonymous_10)
FNDA:0,(anonymous_11)
FNDA:0,(anonymous_12)
FNDA:0,(anonymous_13)
DA:1,0
DA:2,0
DA:3,0
DA:4,0
DA:5,0
DA:12,0
DA:13,0
DA:17,0
DA:18,0
DA:23,0
DA:24,0
DA:29,0
DA:35,0
DA:40,0
DA:41,0
DA:46,0
DA:47,0
DA:52,0
DA:53,0
DA:58,0
DA:59,0
DA:64,0
DA:65,0
DA:70,0
DA:71,0
LF:25
LH:0
BRF:0
BRH:0
end_of_record
TN:
SF:src/modules/node/node.module.ts
FNF:0
FNH:0
DA:1,0
DA:2,0
DA:3,0
DA:4,0
DA:12,0
LF:5
LH:0
BRF:0
BRH:0
end_of_record
TN:
SF:src/modules/node/node.service.ts
FN:10,(anonymous_2)
FN:19,(anonymous_3)
FN:41,(anonymous_4)
FN:60,(anonymous_5)
FN:73,(anonymous_6)
FN:82,(anonymous_7)
FN:101,(anonymous_8)
FN:106,(anonymous_9)
FN:112,(anonymous_10)
FN:119,(anonymous_11)
FN:129,(anonymous_12)
FN:167,(anonymous_13)
FN:174,(anonymous_14)
FN:186,(anonymous_15)
FNF:14
FNH:14
FNDA:18,(anonymous_2)
FNDA:2,(anonymous_3)
FNDA:1,(anonymous_4)
FNDA:4,(anonymous_5)
FNDA:8,(anonymous_6)
FNDA:2,(anonymous_7)
FNDA:1,(anonymous_8)
FNDA:1,(anonymous_9)
FNDA:1,(anonymous_10)
FNDA:1,(anonymous_11)
FNDA:1,(anonymous_12)
FNDA:3,(anonymous_13)
FNDA:1,(anonymous_14)
FNDA:1,(anonymous_15)
DA:1,1
DA:2,1
DA:4,1
DA:5,1
DA:6,1
DA:9,1
DA:11,18
DA:12,18
DA:13,18
DA:20,2
DA:22,2
DA:32,2
DA:33,2
DA:35,2
DA:42,1
DA:44,1
DA:61,4
DA:74,8
DA:78,8
DA:79,6
DA:83,2
DA:84,1
DA:102,1
DA:103,1
DA:107,1
DA:108,1
DA:109,1
DA:113,1
DA:120,1
DA:142,1
DA:168,3
DA:175,1
DA:176,1
DA:177,1
DA:187,1
DA:188,1
DA:189,1
LF:37
LH:37
BRDA:54,0,0,1
BRDA:54,0,1,0
BRDA:64,1,0,4
BRDA:64,1,1,1
BRDA:65,2,0,4
BRDA:65,2,1,1
BRDA:66,3,0,4
BRDA:66,3,1,1
BRDA:78,4,0,2
BRF:9
BRH:8
end_of_record
TN:
SF:src/modules/node-group/node-group.controller.ts
FN:13,(anonymous_4)
FN:17,(anonymous_5)
FN:23,(anonymous_6)
FN:29,(anonymous_7)
FN:35,(anonymous_8)
FN:41,(anonymous_9)
FN:47,(anonymous_10)
FN:53,(anonymous_11)
FNF:8
FNH:0
FNDA:0,(anonymous_4)
FNDA:0,(anonymous_5)
FNDA:0,(anonymous_6)
FNDA:0,(anonymous_7)
FNDA:0,(anonymous_8)
FNDA:0,(anonymous_9)
FNDA:0,(anonymous_10)
FNDA:0,(anonymous_11)
DA:1,0
DA:2,0
DA:3,0
DA:4,0
DA:5,0
DA:12,0
DA:13,0
DA:17,0
DA:18,0
DA:23,0
DA:24,0
DA:29,0
DA:30,0
DA:35,0
DA:36,0
DA:41,0
DA:42,0
DA:47,0
DA:48,0
DA:53,0
DA:54,0
LF:21
LH:0
BRF:0
BRH:0
end_of_record
TN:
SF:src/modules/node-group/node-group.module.ts
FNF:0
FNH:0
DA:1,0
DA:2,0
DA:3,0
DA:10,0
LF:4
LH:0
BRF:0
BRH:0
end_of_record
TN:
SF:src/modules/node-group/node-group.service.ts
FN:29,(anonymous_2)
FN:31,(anonymous_3)
FN:55,(anonymous_4)
FN:66,(anonymous_5)
FN:73,(anonymous_6)
FN:82,(anonymous_7)
FN:99,(anonymous_8)
FN:104,(anonymous_9)
FN:112,(anonymous_10)
FN:121,(anonymous_11)
FNF:10
FNH:10
FNDA:16,(anonymous_2)
FNDA:5,(anonymous_3)
FNDA:1,(anonymous_4)
FNDA:1,(anonymous_5)
FNDA:8,(anonymous_6)
FNDA:2,(anonymous_7)
FNDA:1,(anonymous_8)
FNDA:2,(anonymous_9)
FNDA:1,(anonymous_10)
FNDA:1,(anonymous_11)
DA:1,1
DA:2,1
DA:6,1
DA:28,1
DA:29,16
DA:33,5
DA:35,5
DA:56,1
DA:67,1
DA:74,8
DA:78,8
DA:79,6
DA:83,2
DA:84,2
DA:100,1
DA:101,1
DA:105,2
DA:106,1
DA:113,1
DA:114,1
DA:122,1
LF:21
LH:21
BRDA:33,0,0,5
BRDA:33,0,1,3
BRDA:39,1,0,5
BRDA:39,1,1,3
BRDA:40,2,0,5
BRDA:40,2,1,4
BRDA:41,3,0,5
BRDA:41,3,1,5
BRDA:42,4,0,5
BRDA:42,4,1,5
BRDA:43,5,0,5
BRDA:43,5,1,5
BRDA:44,6,0,5
BRDA:44,6,1,5
BRDA:78,7,0,2
BRF:15
BRH:15
end_of_record
TN:
SF:src/modules/node-group/dto/node-group.dto.ts
FNF:0
FNH:0
DA:1,0
DA:2,0
DA:4,0
DA:7,0
DA:12,0
DA:17,0
DA:22,0
DA:27,0
DA:32,0
DA:37,0
DA:42,0
DA:45,0
LF:12
LH:0
BRF:0
BRH:0
end_of_record
TN:
SF:src/modules/node/dto/node.dto.ts
FNF:0
FNH:0
DA:1,0
DA:2,0
DA:7,0
DA:10,0
DA:15,0
DA:20,0
DA:23,0
DA:26,0
DA:31,0
DA:36,0
DA:41,0
DA:46,0
DA:51,0
DA:56,0
DA:61,0
DA:64,0
DA:68,0
DA:73,0
LF:18
LH:0
BRF:0
BRH:0
end_of_record
TN:
SF:src/modules/outbound/outbound.controller.ts
FN:13,(anonymous_4)
FN:17,(anonymous_5)
FN:23,(anonymous_6)
FN:29,(anonymous_7)
FN:35,(anonymous_8)
FN:41,(anonymous_9)
FNF:6
FNH:0
FNDA:0,(anonymous_4)
FNDA:0,(anonymous_5)
FNDA:0,(anonymous_6)
FNDA:0,(anonymous_7)
FNDA:0,(anonymous_8)
FNDA:0,(anonymous_9)
DA:1,0
DA:2,0
DA:3,0
DA:4,0
DA:5,0
DA:12,0
DA:13,0
DA:17,0
DA:18,0
DA:23,0
DA:24,0
DA:29,0
DA:30,0
DA:35,0
DA:36,0
DA:41,0
DA:42,0
LF:17
LH:0
BRF:0
BRH:0
end_of_record
TN:
SF:src/modules/outbound/outbound.module.ts
FNF:0
FNH:0
DA:1,0
DA:2,0
DA:3,0
DA:4,0
DA:12,0
LF:5
LH:0
BRF:0
BRH:0
end_of_record
TN:
SF:src/modules/outbound/outbound.service.ts
FN:9,(anonymous_2)
FN:15,(anonymous_3)
FN:56,(anonymous_4)
FN:64,(anonymous_5)
FN:73,(anonymous_6)
FN:115,(anonymous_7)
FNF:6
FNH:6
FNDA:16,(anonymous_2)
FNDA:9,(anonymous_3)
FNDA:2,(anonymous_4)
FNDA:5,(anonymous_5)
FNDA:2,(anonymous_6)
FNDA:1,(anonymous_7)
DA:1,1
DA:2,1
DA:3,1
DA:5,1
DA:8,1
DA:10,16
DA:11,16
DA:12,16
DA:17,9
DA:26,9
DA:27,1
DA:34,8
DA:52,8
DA:53,8
DA:57,2
DA:65,5
DA:69,5
DA:70,4
DA:74,2
DA:77,2
DA:86,2
DA:87,1
DA:94,1
DA:111,1
DA:112,1
DA:116,1
DA:117,1
DA:118,1
DA:119,1
LF:29
LH:29
BRDA:26,0,0,1
BRDA:42,1,0,8
BRDA:42,1,1,1
BRDA:43,2,0,1
BRDA:43,2,1,7
BRDA:44,3,0,0
BRDA:44,3,1,8
BRDA:45,4,0,0
BRDA:45,4,1,8
BRDA:46,5,0,8
BRDA:46,5,1,8
BRDA:47,6,0,8
BRDA:47,6,1,8
BRDA:49,7,0,8
BRDA:49,7,1,8
BRDA:58,8,0,2
BRDA:58,8,1,1
BRDA:69,9,0,1
BRDA:79,10,0,2
BRDA:79,10,1,2
BRDA:80,11,0,2
BRDA:80,11,1,1
BRDA:81,12,0,2
BRDA:81,12,1,2
BRDA:81,12,2,2
BRDA:82,13,0,2
BRDA:82,13,1,2
BRDA:82,14,0,2
BRDA:82,14,1,0
BRDA:83,15,0,2
BRDA:83,15,1,2
BRDA:83,16,0,2
BRDA:83,16,1,0
BRDA:86,17,0,1
BRDA:101,18,0,0
BRDA:101,18,1,1
BRDA:102,19,0,0
BRDA:102,19,1,1
BRDA:103,20,0,0
BRDA:103,20,1,1
BRDA:104,21,0,0
BRDA:104,21,1,1
BRF:42
BRH:34
end_of_record
TN:
SF:src/modules/outbound/dto/outbound.dto.ts
FNF:0
FNH:0
DA:1,0
DA:2,0
DA:4,0
DA:7,0
DA:11,0
DA:15,0
DA:20,0
DA:25,0
DA:30,0
DA:35,0
DA:40,0
DA:45,0
DA:50,0
DA:55,0
DA:60,0
DA:65,0
DA:68,0
LF:17
LH:0
BRF:0
BRH:0
end_of_record
TN:
SF:src/modules/policy-config/policy-config.controller.ts
FN:13,(anonymous_4)
FN:17,(anonymous_5)
FN:23,(anonymous_6)
FN:29,(anonymous_7)
FN:35,(anonymous_8)
FN:41,(anonymous_9)
FNF:6
FNH:0
FNDA:0,(anonymous_4)
FNDA:0,(anonymous_5)
FNDA:0,(anonymous_6)
FNDA:0,(anonymous_7)
FNDA:0,(anonymous_8)
FNDA:0,(anonymous_9)
DA:1,0
DA:2,0
DA:3,0
DA:4,0
DA:5,0
DA:12,0
DA:13,0
DA:17,0
DA:18,0
DA:23,0
DA:24,0
DA:29,0
DA:30,0
DA:35,0
DA:36,0
DA:41,0
DA:42,0
LF:17
LH:0
BRF:0
BRH:0
end_of_record
TN:
SF:src/modules/policy-config/policy-config.module.ts
FNF:0
FNH:0
DA:1,0
DA:2,0
DA:3,0
DA:10,0
LF:4
LH:0
BRF:0
BRH:0
end_of_record
TN:
SF:src/modules/policy-config/policy-config.service.ts
FN:7,(anonymous_2)
FN:9,(anonymous_3)
FN:23,(anonymous_4)
FN:30,(anonymous_5)
FN:39,(anonymous_6)
FN:50,(anonymous_7)
FNF:6
FNH:0
FNDA:0,(anonymous_2)
FNDA:0,(anonymous_3)
FNDA:0,(anonymous_4)
FNDA:0,(anonymous_5)
FNDA:0,(anonymous_6)
FNDA:0,(anonymous_7)
DA:1,0
DA:2,0
DA:6,0
DA:7,0
DA:10,0
DA:24,0
DA:31,0
DA:35,0
DA:36,0
DA:40,0
DA:41,0
DA:51,0
DA:52,0
LF:13
LH:0
BRDA:14,0,0,0
BRDA:14,0,1,0
BRDA:18,1,0,0
BRDA:18,1,1,0
BRDA:25,2,0,0
BRDA:25,2,1,0
BRDA:35,3,0,0
BRDA:44,4,0,0
BRDA:44,4,1,0
BRF:9
BRH:0
end_of_record
TN:
SF:src/modules/policy-config/dto/policy-config.dto.ts
FNF:0
FNH:0
DA:1,0
DA:2,0
DA:4,0
DA:7,0
DA:12,0
DA:17,0
DA:20,0
LF:7
LH:0
BRF:0
BRH:0
end_of_record
TN:
SF:src/modules/routing/routing.controller.ts
FN:13,(anonymous_4)
FN:17,(anonymous_5)
FN:23,(anonymous_6)
FN:29,(anonymous_7)
FN:35,(anonymous_8)
FN:41,(anonymous_9)
FNF:6
FNH:0
FNDA:0,(anonymous_4)
FNDA:0,(anonymous_5)
FNDA:0,(anonymous_6)
FNDA:0,(anonymous_7)
FNDA:0,(anonymous_8)
FNDA:0,(anonymous_9)
DA:1,0
DA:2,0
DA:3,0
DA:4,0
DA:5,0
DA:12,0
DA:13,0
DA:17,0
DA:18,0
DA:23,0
DA:24,0
DA:29,0
DA:30,0
DA:35,0
DA:36,0
DA:41,0
DA:42,0
LF:17
LH:0
BRF:0
BRH:0
end_of_record
TN:
SF:src/modules/routing/routing.module.ts
FNF:0
FNH:0
DA:1,0
DA:2,0
DA:3,0
DA:4,0
DA:12,0
LF:5
LH:0
BRF:0
BRH:0
end_of_record
TN:
SF:src/modules/routing/routing.service.ts
FN:9,(anonymous_2)
FN:15,(anonymous_3)
FN:46,(anonymous_4)
FN:53,(anonymous_5)
FN:59,(anonymous_6)
FN:93,(anonymous_7)
FNF:6
FNH:6
FNDA:14,(anonymous_2)
FNDA:5,(anonymous_3)
FNDA:3,(anonymous_4)
FNDA:6,(anonymous_5)
FNDA:3,(anonymous_6)
FNDA:1,(anonymous_7)
DA:1,1
DA:2,1
DA:3,1
DA:5,1
DA:8,1
DA:10,14
DA:11,14
DA:12,14
DA:17,5
DA:18,5
DA:23,5
DA:24,1
DA:31,4
DA:42,4
DA:43,4
DA:47,3
DA:54,6
DA:55,6
DA:56,5
DA:60,3
DA:63,3
DA:64,2
DA:65,2
DA:70,2
DA:71,1
DA:79,2
DA:89,2
DA:90,2
DA:94,1
DA:95,1
DA:96,1
DA:97,1
LF:32
LH:32
BRDA:17,0,0,5
BRDA:17,0,1,0
BRDA:23,1,0,1
BRDA:36,2,0,4
BRDA:36,2,1,3
BRDA:37,3,0,4
BRDA:37,3,1,0
BRDA:38,4,0,4
BRDA:38,4,1,4
BRDA:48,5,0,3
BRDA:48,5,1,1
BRDA:55,6,0,1
BRDA:63,7,0,2
BRDA:70,8,0,1
BRDA:84,9,0,1
BRDA:84,9,1,1
BRF:16
BRH:14
end_of_record
TN:
SF:src/modules/routing/dto/routing.dto.ts
FNF:0
FNH:0
DA:1,0
DA:2,0
DA:4,0
DA:7,0
DA:11,0
DA:16,0
DA:20,0
DA:25,0
DA:30,0
DA:33,0
LF:10
LH:0
BRF:0
BRH:0
end_of_record
TN:
SF:src/modules/stats/stats.controller.ts
FN:14,(anonymous_4)
FN:19,(anonymous_5)
FN:26,(anonymous_6)
FN:33,(anonymous_7)
FN:44,(anonymous_8)
FN:51,(anonymous_9)
FN:66,(anonymous_10)
FN:85,(anonymous_11)
FNF:8
FNH:0
FNDA:0,(anonymous_4)
FNDA:0,(anonymous_5)
FNDA:0,(anonymous_6)
FNDA:0,(anonymous_7)
FNDA:0,(anonymous_8)
FNDA:0,(anonymous_9)
FNDA:0,(anonymous_10)
FNDA:0,(anonymous_11)
DA:1,0
DA:2,0
DA:3,0
DA:4,0
DA:5,0
DA:6,0
DA:13,0
DA:14,0
DA:19,0
DA:20,0
DA:26,0
DA:27,0
DA:33,0
DA:34,0
DA:35,0
DA:36,0
DA:38,0
DA:44,0
DA:45,0
DA:51,0
DA:52,0
DA:53,0
DA:54,0
DA:56,0
DA:66,0
DA:73,0
DA:85,0
DA:89,0
LF:28
LH:0
BRDA:35,0,0,0
BRDA:53,1,0,0
BRDA:77,2,0,0
BRDA:77,2,1,0
BRDA:78,3,0,0
BRDA:78,3,1,0
BRF:6
BRH:0
end_of_record
TN:
SF:src/modules/stats/stats.module.ts
FNF:0
FNH:0
DA:1,0
DA:2,0
DA:3,0
DA:4,0
DA:12,0
LF:5
LH:0
BRF:0
BRH:0
end_of_record
TN:
SF:src/modules/stats/stats.service.ts
FN:16,(anonymous_2)
FN:21,(anonymous_3)
FN:40,(anonymous_4)
FN:62,(anonymous_5)
FN:93,(anonymous_6)
FN:97,(anonymous_7)
FN:112,(anonymous_8)
FN:113,(anonymous_9)
FN:124,(anonymous_10)
FN:131,(anonymous_11)
FN:153,(anonymous_12)
FN:154,(anonymous_13)
FN:166,(anonymous_14)
FN:199,(anonymous_15)
FN:257,(anonymous_16)
FN:301,(anonymous_17)
FN:311,(anonymous_18)
FNF:17
FNH:0
FNDA:0,(anonymous_2)
FNDA:0,(anonymous_3)
FNDA:0,(anonymous_4)
FNDA:0,(anonymous_5)
FNDA:0,(anonymous_6)
FNDA:0,(anonymous_7)
FNDA:0,(anonymous_8)
FNDA:0,(anonymous_9)
FNDA:0,(anonymous_10)
FNDA:0,(anonymous_11)
FNDA:0,(anonymous_12)
FNDA:0,(anonymous_13)
FNDA:0,(anonymous_14)
FNDA:0,(anonymous_15)
FNDA:0,(anonymous_16)
FNDA:0,(anonymous_17)
FNDA:0,(anonymous_18)
DA:1,0
DA:2,0
DA:3,0
DA:15,0
DA:17,0
DA:18,0
DA:22,0
DA:34,0
DA:39,0
DA:41,0
DA:45,0
DA:56,0
DA:61,0
DA:63,0
DA:67,0
DA:78,0
DA:85,0
DA:93,0
DA:98,0
DA:109,0
DA:112,0
DA:113,0
DA:125,0
DA:130,0
DA:132,0
DA:140,0
DA:153,0
DA:154,0
DA:156,0
DA:167,0
DA:172,0
DA:174,0
DA:183,0
DA:200,0
DA:219,0
DA:222,0
DA:224,0
DA:265,0
DA:266,0
DA:267,0
DA:268,0
DA:269,0
DA:270,0
DA:271,0
DA:272,0
DA:273,0
DA:277,0
DA:279,0
DA:281,0
DA:282,0
DA:284,0
DA:285,0
DA:287,0
DA:288,0
DA:291,0
DA:301,0
DA:312,0
LF:57
LH:0
BRDA:49,0,0,0
BRDA:49,0,1,0
BRDA:50,1,0,0
BRDA:50,1,1,0
BRDA:71,2,0,0
BRDA:71,2,1,0
BRDA:72,3,0,0
BRDA:72,3,1,0
BRDA:90,4,0,0
BRDA:90,4,1,0
BRDA:110,5,0,0
BRDA:110,5,1,0
BRDA:144,6,0,0
BRDA:144,6,1,0
BRDA:145,7,0,0
BRDA:145,7,1,0
BRDA:146,8,0,0
BRDA:146,8,1,0
BRDA:147,9,0,0
BRDA:147,9,1,0
BRDA:148,10,0,0
BRDA:148,10,1,0
BRDA:172,11,0,0
BRDA:187,12,0,0
BRDA:187,12,1,0
BRDA:188,13,0,0
BRDA:188,13,1,0
BRDA:189,14,0,0
BRDA:189,14,1,0
BRDA:190,15,0,0
BRDA:190,15,1,0
BRDA:191,16,0,0
BRDA:191,16,1,0
BRDA:192,17,0,0
BRDA:192,17,1,0
BRDA:219,18,0,0
BRDA:238,19,0,0
BRDA:238,19,1,0
BRDA:249,20,0,0
BRDA:249,20,1,0
BRDA:261,21,0,0
BRDA:262,22,0,0
BRDA:265,23,0,0
BRDA:265,23,1,0
BRDA:267,24,0,0
BRDA:268,25,0,0
BRDA:268,25,1,0
BRDA:270,26,0,0
BRDA:271,27,0,0
BRDA:273,28,0,0
BRDA:279,29,0,0
BRDA:279,29,1,0
BRDA:279,29,2,0
BRF:53
BRH:0
end_of_record
TN:
SF:src/modules/subscription/subscription.controller.ts
FN:12,(anonymous_4)
FN:25,(anonymous_5)
FN:51,(anonymous_6)
FN:59,(anonymous_7)
FNF:4
FNH:0
FNDA:0,(anonymous_4)
FNDA:0,(anonymous_5)
FNDA:0,(anonymous_6)
FNDA:0,(anonymous_7)
DA:1,0
DA:3,0
DA:4,0
DA:5,0
DA:6,0
DA:7,0
DA:11,0
DA:13,0
DA:14,0
DA:25,0
DA:33,0
DA:34,0
DA:35,0
DA:38,0
DA:41,0
DA:42,0
DA:43,0
DA:45,0
DA:51,0
DA:52,0
DA:60,0
DA:61,0
DA:65,0
DA:66,0
DA:67,0
DA:68,0
DA:69,0
DA:73,0
DA:74,0
DA:79,0
DA:80,0
LF:31
LH:0
BRDA:27,0,0,0
BRDA:34,1,0,0
BRDA:41,2,0,0
BRDA:41,2,1,0
BRDA:41,3,0,0
BRDA:41,3,1,0
BRDA:60,4,0,0
BRDA:60,5,0,0
BRDA:60,5,1,0
BRDA:68,6,0,0
BRDA:68,7,0,0
BRDA:68,7,1,0
BRDA:73,8,0,0
BRDA:73,8,1,0
BRDA:79,9,0,0
BRF:15
BRH:0
end_of_record
TN:
SF:src/modules/subscription/subscription.module.ts
FNF:0
FNH:0
DA:1,0
DA:2,0
DA:3,0
DA:10,0
LF:4
LH:0
BRF:0
BRH:0
end_of_record
TN:
SF:src/modules/subscription/subscription.service.ts
FN:34,(anonymous_2)
FN:36,(anonymous_3)
FN:88,(anonymous_4)
FN:115,(anonymous_5)
FN:116,(anonymous_6)
FN:122,(anonymous_7)
FN:124,(anonymous_8)
FN:134,(anonymous_9)
FN:199,(anonymous_10)
FN:205,(anonymous_11)
FN:206,(anonymous_12)
FN:207,(anonymous_13)
FN:229,(anonymous_14)
FN:291,(anonymous_15)
FN:292,(anonymous_16)
FN:296,(anonymous_17)
FN:352,(anonymous_18)
FN:353,(anonymous_19)
FN:361,(anonymous_20)
FN:362,(anonymous_21)
FN:372,(anonymous_22)
FN:398,(anonymous_23)
FN:402,(anonymous_24)
FN:403,(anonymous_25)
FN:404,(anonymous_26)
FN:420,(anonymous_27)
FN:431,(anonymous_28)
FNF:27
FNH:16
FNDA:6,(anonymous_2)
FNDA:6,(anonymous_3)
FNDA:0,(anonymous_4)
FNDA:0,(anonymous_5)
FNDA:0,(anonymous_6)
FNDA:0,(anonymous_7)
FNDA:0,(anonymous_8)
FNDA:3,(anonymous_9)
FNDA:0,(anonymous_10)
FNDA:1,(anonymous_11)
FNDA:1,(anonymous_12)
FNDA:1,(anonymous_13)
FNDA:1,(anonymous_14)
FNDA:1,(anonymous_15)
FNDA:1,(anonymous_16)
FNDA:1,(anonymous_17)
FNDA:1,(anonymous_18)
FNDA:1,(anonymous_19)
FNDA:1,(anonymous_20)
FNDA:1,(anonymous_21)
FNDA:1,(anonymous_22)
FNDA:0,(anonymous_23)
FNDA:0,(anonymous_24)
FNDA:0,(anonymous_25)
FNDA:0,(anonymous_26)
FNDA:0,(anonymous_27)
FNDA:4,(anonymous_28)
DA:1,1
DA:2,1
DA:33,1
DA:34,6
DA:37,6
DA:41,6
DA:44,5
DA:45,1
DA:49,4
DA:50,1
DA:54,3
DA:63,3
DA:65,3
DA:67,1
DA:69,1
DA:71,1
DA:73,0
DA:75,0
DA:77,0
DA:79,0
DA:81,0
DA:89,0
DA:93,0
DA:94,0
DA:97,0
DA:102,0
DA:103,0
DA:106,0
DA:107,0
DA:109,0
DA:116,0
DA:123,0
DA:124,0
DA:135,3
DA:137,3
DA:138,3
DA:139,3
DA:141,3
DA:142,3
DA:143,3
DA:145,3
DA:157,3
DA:158,0
DA:159,0
DA:160,0
DA:161,0
DA:162,0
DA:166,3
DA:167,3
DA:168,3
DA:169,3
DA:171,0
DA:172,0
DA:174,0
DA:175,0
DA:176,0
DA:177,0
DA:178,0
DA:182,3
DA:183,0
DA:184,0
DA:185,3
DA:186,0
DA:187,3
DA:188,0
DA:189,0
DA:192,3
DA:195,3
DA:202,0
DA:206,1
DA:207,1
DA:209,1
DA:226,1
DA:230,1
DA:237,1
DA:238,1
DA:239,1
DA:240,1
DA:243,1
DA:244,0
DA:245,0
DA:249,0
DA:250,0
DA:252,1
DA:253,1
DA:256,1
DA:257,0
DA:258,1
DA:259,0
DA:260,1
DA:261,0
DA:263,0
DA:264,0
DA:265,0
DA:266,0
DA:267,0
DA:268,0
DA:269,0
DA:270,0
DA:271,0
DA:273,0
DA:274,0
DA:275,0
DA:276,0
DA:277,0
DA:278,0
DA:279,0
DA:280,0
DA:281,0
DA:283,0
DA:284,0
DA:285,0
DA:288,1
DA:292,1
DA:293,1
DA:297,1
DA:298,1
DA:299,1
DA:302,1
DA:303,0
DA:304,0
DA:305,0
DA:306,0
DA:307,0
DA:308,1
DA:309,1
DA:310,1
DA:313,1
DA:316,1
DA:317,0
DA:318,0
DA:320,1
DA:321,0
DA:322,0
DA:324,1
DA:325,0
DA:326,0
DA:329,1
DA:330,0
DA:331,0
DA:337,0
DA:338,0
DA:339,0
DA:340,0
DA:341,0
DA:342,0
DA:343,0
DA:344,0
DA:345,0
DA:346,0
DA:347,0
DA:349,0
DA:353,1
DA:354,1
DA:361,1
DA:362,1
DA:369,1
DA:373,1
DA:375,1
DA:376,1
DA:377,1
DA:378,1
DA:379,1
DA:380,1
DA:381,0
DA:382,0
DA:383,0
DA:384,0
DA:385,0
DA:386,0
DA:387,0
DA:388,0
DA:389,0
DA:390,0
DA:391,0
DA:392,0
DA:395,1
DA:399,0
DA:403,0
DA:404,0
DA:405,0
DA:421,0
DA:422,0
DA:423,0
DA:424,0
DA:425,0
DA:426,0
DA:428,0
DA:432,4
DA:433,4
DA:434,4
DA:435,25
DA:436,25
DA:437,5
DA:438,5
DA:439,9
DA:440,3
DA:442,6
DA:445,20
DA:446,0
DA:448,20
DA:451,4
LF:202
LH:90
BRDA:36,0,0,0
BRDA:41,1,0,1
BRDA:44,2,0,1
BRDA:44,3,0,5
BRDA:44,3,1,1
BRDA:49,4,0,1
BRDA:49,5,0,4
BRDA:49,5,1,1
BRDA:65,6,0,1
BRDA:65,6,1,1
BRDA:65,6,2,1
BRDA:65,6,3,0
BRDA:65,6,4,0
BRDA:65,6,5,0
BRDA:65,6,6,0
BRDA:65,6,7,0
BRDA:93,7,0,0
BRDA:102,8,0,0
BRDA:107,9,0,0
BRDA:139,10,0,0
BRDA:139,11,0,3
BRDA:139,11,1,3
BRDA:141,12,0,3
BRDA:141,12,1,0
BRDA:142,13,0,3
BRDA:142,13,1,0
BRDA:143,14,0,3
BRDA:143,14,1,0
BRDA:146,15,0,3
BRDA:146,15,1,0
BRDA:148,16,0,3
BRDA:148,16,1,0
BRDA:153,17,0,3
BRDA:153,17,1,0
BRDA:157,18,0,0
BRDA:158,19,0,0
BRDA:158,19,1,0
BRDA:159,20,0,0
BRDA:159,20,1,0
BRDA:160,21,0,0
BRDA:160,21,1,0
BRDA:162,22,0,0
BRDA:162,22,1,0
BRDA:166,23,0,3
BRDA:166,23,1,0
BRDA:166,24,0,3
BRDA:166,24,1,0
BRDA:168,25,0,3
BRDA:168,25,1,0
BRDA:174,26,0,0
BRDA:174,26,1,0
BRDA:176,27,0,0
BRDA:178,28,0,0
BRDA:178,28,1,0
BRDA:182,29,0,0
BRDA:182,29,1,3
BRDA:183,30,0,0
BRDA:183,30,1,0
BRDA:185,31,0,0
BRDA:185,31,1,3
BRDA:187,32,0,0
BRDA:188,33,0,0
BRDA:188,33,1,0
BRDA:202,34,0,0
BRDA:202,34,1,0
BRDA:232,35,0,0
BRDA:232,35,1,1
BRDA:237,36,0,1
BRDA:237,36,1,0
BRDA:243,37,0,0
BRDA:243,37,1,1
BRDA:250,38,0,0
BRDA:250,38,1,0
BRDA:256,39,0,0
BRDA:256,39,1,1
BRDA:257,40,0,0
BRDA:257,40,1,0
BRDA:258,41,0,0
BRDA:258,41,1,1
BRDA:260,42,0,0
BRDA:263,43,0,0
BRDA:263,43,1,0
BRDA:270,44,0,0
BRDA:271,45,0,0
BRDA:271,45,1,0
BRDA:273,46,0,0
BRDA:273,46,1,0
BRDA:278,47,0,0
BRDA:278,47,1,0
BRDA:280,48,0,0
BRDA:283,49,0,0
BRDA:297,50,0,1
BRDA:297,50,1,0
BRDA:299,51,0,1
BRDA:299,51,1,0
BRDA:302,52,0,0
BRDA:302,52,1,1
BRDA:304,53,0,0
BRDA:305,54,0,0
BRDA:306,55,0,0
BRDA:307,56,0,0
BRDA:308,57,0,1
BRDA:310,58,0,1
BRDA:313,59,0,1
BRDA:316,60,0,0
BRDA:316,61,0,1
BRDA:316,61,1,0
BRDA:318,62,0,0
BRDA:320,63,0,0
BRDA:320,64,0,1
BRDA:320,64,1,0
BRDA:324,65,0,0
BRDA:324,66,0,1
BRDA:324,66,1,0
BRDA:326,67,0,0
BRDA:330,68,0,0
BRDA:330,68,1,0
BRDA:334,69,0,0
BRDA:334,69,1,0
BRDA:338,70,0,0
BRDA:338,70,1,0
BRDA:340,71,0,0
BRDA:341,72,0,0
BRDA:341,72,1,0
BRDA:342,73,0,0
BRDA:342,74,0,0
BRDA:342,74,1,0
BRDA:343,75,0,0
BRDA:343,76,0,0
BRDA:343,76,1,0
BRDA:345,77,0,0
BRDA:375,78,0,1
BRDA:375,78,1,0
BRDA:378,79,0,1
BRDA:379,80,0,0
BRDA:379,81,0,0
BRDA:379,81,1,0
BRDA:380,82,0,0
BRDA:381,83,0,0
BRDA:381,83,1,0
BRDA:385,84,0,0
BRDA:386,85,0,0
BRDA:387,86,0,0
BRDA:387,86,1,0
BRDA:390,87,0,0
BRDA:421,88,0,0
BRDA:421,88,1,0
BRDA:423,89,0,0
BRDA:423,89,1,0
BRDA:425,90,0,0
BRDA:431,91,0,1
BRDA:435,92,0,0
BRDA:435,93,0,25
BRDA:435,93,1,25
BRDA:436,94,0,5
BRDA:436,94,1,20
BRDA:439,95,0,3
BRDA:439,95,1,6
BRDA:445,96,0,0
BRDA:445,96,1,20
BRF:160
BRH:47
end_of_record
TN:
SF:src/modules/system-admin/system-admin.controller.ts
FN:15,(anonymous_4)
FN:21,(anonymous_5)
FN:30,(anonymous_6)
FN:38,(anonymous_7)
FN:44,(anonymous_8)
FN:50,(anonymous_9)
FN:56,(anonymous_10)
FN:62,(anonymous_11)
FN:70,(anonymous_12)
FN:76,(anonymous_13)
FN:90,(anonymous_14)
FN:96,(anonymous_15)
FN:102,(anonymous_16)
FN:110,(anonymous_17)
FN:116,(anonymous_18)
FN:128,(anonymous_19)
FN:134,(anonymous_20)
FN:140,(anonymous_21)
FN:146,(anonymous_22)
FN:152,(anonymous_23)
FN:162,(anonymous_24)
FN:168,(anonymous_25)
FN:174,(anonymous_26)
FN:180,(anonymous_27)
FN:186,(anonymous_28)
FN:194,(anonymous_29)
FN:200,(anonymous_30)
FN:206,(anonymous_31)
FN:212,(anonymous_32)
FNF:29
FNH:0
FNDA:0,(anonymous_4)
FNDA:0,(anonymous_5)
FNDA:0,(anonymous_6)
FNDA:0,(anonymous_7)
FNDA:0,(anonymous_8)
FNDA:0,(anonymous_9)
FNDA:0,(anonymous_10)
FNDA:0,(anonymous_11)
FNDA:0,(anonymous_12)
FNDA:0,(anonymous_13)
FNDA:0,(anonymous_14)
FNDA:0,(anonymous_15)
FNDA:0,(anonymous_16)
FNDA:0,(anonymous_17)
FNDA:0,(anonymous_18)
FNDA:0,(anonymous_19)
FNDA:0,(anonymous_20)
FNDA:0,(anonymous_21)
FNDA:0,(anonymous_22)
FNDA:0,(anonymous_23)
FNDA:0,(anonymous_24)
FNDA:0,(anonymous_25)
FNDA:0,(anonymous_26)
FNDA:0,(anonymous_27)
FNDA:0,(anonymous_28)
FNDA:0,(anonymous_29)
FNDA:0,(anonymous_30)
FNDA:0,(anonymous_31)
FNDA:0,(anonymous_32)
DA:1,0
DA:3,0
DA:4,0
DA:10,0
DA:11,0
DA:14,0
DA:15,0
DA:21,0
DA:22,0
DA:23,0
DA:30,0
DA:31,0
DA:38,0
DA:39,0
DA:44,0
DA:45,0
DA:50,0
DA:51,0
DA:56,0
DA:57,0
DA:62,0
DA:63,0
DA:70,0
DA:71,0
DA:76,0
DA:81,0
DA:90,0
DA:91,0
DA:96,0
DA:97,0
DA:102,0
DA:103,0
DA:110,0
DA:111,0
DA:116,0
DA:120,0
DA:128,0
DA:129,0
DA:134,0
DA:135,0
DA:140,0
DA:141,0
DA:146,0
DA:147,0
DA:152,0
DA:156,0
DA:162,0
DA:163,0
DA:168,0
DA:169,0
DA:174,0
DA:175,0
DA:180,0
DA:181,0
DA:186,0
DA:187,0
DA:194,0
DA:195,0
DA:200,0
DA:201,0
DA:206,0
DA:207,0
DA:212,0
DA:213,0
LF:64
LH:0
BRDA:22,0,0,0
BRDA:22,0,1,0
BRDA:82,1,0,0
BRDA:82,1,1,0
BRDA:83,2,0,0
BRDA:83,2,1,0
BRDA:121,3,0,0
BRDA:121,3,1,0
BRDA:122,4,0,0
BRDA:122,4,1,0
BRF:10
BRH:0
end_of_record
TN:
SF:src/modules/system-admin/system-admin.module.ts
FNF:0
FNH:0
DA:1,0
DA:2,0
DA:3,0
DA:4,0
DA:5,0
DA:19,0
LF:6
LH:0
BRDA:11,0,0,0
BRDA:11,0,1,0
BRF:2
BRH:0
end_of_record
TN:
SF:src/modules/system-admin/system-admin.service.ts
FN:15,(anonymous_11)
FN:20,(anonymous_12)
FN:59,(anonymous_13)
FN:87,(anonymous_14)
FN:102,(anonymous_15)
FN:125,(anonymous_16)
FN:153,(anonymous_17)
FN:164,(anonymous_18)
FN:173,(anonymous_19)
FN:189,(anonymous_20)
FN:203,(anonymous_21)
FN:212,(anonymous_22)
FN:227,(anonymous_23)
FN:234,(anonymous_24)
FN:250,(anonymous_25)
FN:267,(anonymous_26)
FN:280,(anonymous_27)
FN:293,(anonymous_28)
FN:298,(anonymous_29)
FN:315,(anonymous_30)
FN:325,(anonymous_31)
FN:347,(anonymous_32)
FN:356,(anonymous_33)
FN:363,(anonymous_34)
FN:371,(anonymous_35)
FN:394,(anonymous_36)
FN:402,(anonymous_37)
FN:418,(anonymous_38)
FNF:28
FNH:8
FNDA:15,(anonymous_11)
FNDA:5,(anonymous_12)
FNDA:2,(anonymous_13)
FNDA:0,(anonymous_14)
FNDA:0,(anonymous_15)
[...]
DA:37,0
DA:41,0
DA:48,0
DA:51,0
DA:60,0
DA:62,0
DA:63,0
DA:64,0
DA:67,0
DA:68,0
DA:75,0
DA:81,0
DA:89,0
DA:90,0
DA:98,0
DA:103,0
DA:107,0
DA:114,0
DA:115,0
DA:119,0
DA:120,0
DA:121,0
DA:130,0
DA:134,0
DA:135,0
DA:136,0
DA:137,0
DA:138,0
DA:139,0
DA:144,0
DA:145,0
DA:147,0
DA:149,0
DA:150,0
DA:152,0
DA:154,0
DA:156,0
LF:48
LH:0
BRDA:21,0,0,0
BRDA:21,0,1,0
BRDA:28,1,0,0
BRDA:28,1,1,0
BRDA:36,2,0,0
BRDA:44,3,0,0
BRDA:44,3,1,0
BRDA:48,4,0,0
BRDA:72,5,0,0
BRDA:72,5,1,0
BRDA:89,6,0,0
BRDA:89,6,1,0
BRDA:89,7,0,0
BRDA:89,7,1,0
BRDA:114,8,0,0
BRDA:119,9,0,0
BRDA:119,9,1,0
BRDA:120,10,0,0
BRDA:120,10,1,0
BRDA:123,11,0,0
BRDA:123,11,1,0
BRDA:128,12,0,0
BRDA:128,12,1,0
BRDA:134,13,0,0
BRDA:134,13,1,0
BRDA:134,13,2,0
BRDA:134,13,3,0
BRDA:134,13,4,0
BRDA:145,14,0,0
BRDA:145,14,1,0
BRDA:145,14,2,0
BRDA:145,14,3,0
BRDA:145,14,4,0
BRF:33
BRH:0
end_of_record
TN:
SF:src/plugins/gosea/services/relay-generate.service.ts
FN:38,(anonymous_2)
FN:43,(anonymous_3)
FN:47,(anonymous_4)
FN:183,(anonymous_5)
FN:196,(anonymous_6)
FN:214,(anonymous_7)
FN:226,(anonymous_8)
FN:234,(anonymous_9)
FN:237,(anonymous_10)
FN:241,(anonymous_11)
FN:243,(anonymous_12)
FN:269,(anonymous_13)
FNF:12
FNH:0
FNDA:0,(anonymous_2)
FNDA:0,(anonymous_3)
FNDA:0,(anonymous_4)
FNDA:0,(anonymous_5)
FNDA:0,(anonymous_6)
FNDA:0,(anonymous_7)
FNDA:0,(anonymous_8)
FNDA:0,(anonymous_9)
FNDA:0,(anonymous_10)
FNDA:0,(anonymous_11)
FNDA:0,(anonymous_12)
FNDA:0,(anonymous_13)
DA:1,0
DA:2,0
DA:3,0
DA:4,0
DA:5,0
DA:37,0
DA:39,0
DA:40,0
DA:44,0
DA:48,0
DA:52,0
DA:53,0
DA:56,0
DA:58,0
DA:61,0
DA:64,0
DA:67,0
DA:68,0
DA:70,0
DA:73,0
DA:75,0
DA:76,0
DA:77,0
DA:78,0
DA:79,0
DA:82,0
DA:86,0
DA:87,0
DA:88,0
DA:104,0
DA:108,0
DA:109,0
DA:129,0
DA:145,0
DA:161,0
DA:164,0
DA:165,0
DA:167,0
DA:184,0
DA:186,0
DA:188,0
DA:190,0
DA:192,0
DA:197,0
DA:198,0
DA:200,0
DA:202,0
DA:203,0
DA:206,0
DA:207,0
DA:210,0
DA:216,0
DA:226,0
DA:227,0
DA:234,0
DA:237,0
DA:238,0
DA:241,0
DA:243,0
DA:244,0
DA:245,0
DA:246,0
DA:247,0
DA:248,0
DA:249,0
DA:250,0
DA:252,0
DA:270,0
DA:273,0
DA:276,0
DA:279,0
DA:282,0
DA:287,0
DA:289,0
DA:291,0
LF:75
LH:0
BRDA:48,0,0,0
BRDA:52,1,0,0
BRDA:52,1,1,0
BRDA:56,2,0,0
BRDA:56,2,1,0
BRDA:61,3,0,0
BRDA:67,4,0,0
BRDA:73,5,0,0
BRDA:86,6,0,0
BRDA:93,7,0,0
BRDA:93,7,1,0
BRDA:108,8,0,0
BRDA:134,9,0,0
BRDA:134,9,1,0
BRDA:135,10,0,0
BRDA:135,10,1,0
BRDA:164,11,0,0
BRDA:164,11,1,0
BRDA:173,12,0,0
BRDA:173,12,1,0
BRDA:174,13,0,0
BRDA:174,13,1,0
BRDA:184,14,0,0
BRDA:184,14,1,0
BRDA:184,14,2,0
BRDA:184,14,3,0
BRDA:197,15,0,0
BRDA:197,15,1,0
BRDA:198,16,0,0
BRDA:198,16,1,0
BRDA:198,16,2,0
BRDA:198,16,3,0
BRDA:202,17,0,0
BRDA:202,17,1,0
BRDA:230,18,0,0
BRDA:230,18,1,0
BRDA:244,19,0,0
BRDA:244,19,1,0
BRDA:245,20,0,0
BRDA:245,20,1,0
BRDA:246,21,0,0
BRDA:246,21,1,0
BRDA:247,22,0,0
BRDA:247,22,1,0
BRDA:248,23,0,0
BRDA:248,23,1,0
BRDA:249,24,0,0
BRDA:249,24,1,0
BRDA:257,25,0,0
BRDA:257,25,1,0
BRDA:258,26,0,0
BRDA:258,26,1,0
BRDA:259,27,0,0
BRDA:259,27,1,0
BRDA:260,28,0,0
BRDA:260,28,1,0
BRDA:260,29,0,0
BRDA:260,29,1,0
BRDA:261,30,0,0
BRDA:261,30,1,0
BRDA:261,31,0,0
BRDA:261,31,1,0
BRDA:263,32,0,0
BRDA:263,32,1,0
BRDA:273,33,0,0
BRDA:276,34,0,0
BRDA:276,34,1,0
BRDA:289,35,0,0
BRF:68
BRH:0
end_of_record
TN:
SF:src/plugins/gosea/services/relay.service.ts
FN:8,(anonymous_2)
FN:10,(anonymous_3)
FN:67,(anonymous_4)
FN:76,(anonymous_5)
FN:84,(anonymous_6)
FN:89,(anonymous_7)
FN:94,(anonymous_8)
FN:106,(anonymous_9)
FN:117,(anonymous_10)
FN:122,(anonymous_11)
FNF:10
FNH:0
FNDA:0,(anonymous_2)
FNDA:0,(anonymous_3)
FNDA:0,(anonymous_4)
FNDA:0,(anonymous_5)
FNDA:0,(anonymous_6)
FNDA:0,(anonymous_7)
FNDA:0,(anonymous_8)
FNDA:0,(anonymous_9)
FNDA:0,(anonymous_10)
FNDA:0,(anonymous_11)
DA:1,0
DA:2,0
DA:4,0
DA:7,0
DA:8,0
DA:14,0
DA:15,0
DA:19,0
DA:20,0
DA:21,0
DA:22,0
DA:24,0
DA:28,0
DA:29,0
DA:32,0
DA:33,0
DA:36,0
DA:51,0
DA:52,0
DA:54,0
DA:68,0
DA:72,0
DA:73,0
DA:77,0
DA:85,0
DA:86,0
DA:90,0
DA:91,0
DA:95,0
DA:108,0
DA:112,0
DA:114,0
DA:119,0
DA:122,0
LF:34
LH:0
BRDA:14,0,0,0
BRDA:14,0,1,0
BRDA:19,1,0,0
BRDA:21,2,0,0
BRDA:21,2,1,0
BRDA:29,3,0,0
BRDA:33,4,0,0
BRDA:33,4,1,0
BRDA:52,5,0,0
BRDA:52,5,1,0
BRDA:61,6,0,0
BRDA:61,6,1,0
BRDA:63,7,0,0
BRDA:63,7,1,0
BRDA:72,8,0,0
BRDA:78,9,0,0
BRDA:78,9,1,0
BRDA:78,10,0,0
BRDA:78,10,1,0
BRDA:100,11,0,0
BRDA:100,11,1,0
BRDA:112,12,0,0
BRDA:114,13,0,0
BRDA:114,13,1,0
BRF:24
BRH:0
end_of_record
TN:
SF:src/plugins/gosea/services/single-port-multi-egress.service.ts
FN:17,(anonymous_2)
FN:22,(anonymous_3)
FN:26,(anonymous_4)
FN:31,(anonymous_5)
FN:42,(anonymous_6)
FN:102,(anonymous_7)
FN:173,(anonymous_8)
FN:191,(anonymous_9)
FN:195,(anonymous_10)
FN:198,(anonymous_11)
FN:202,(anonymous_12)
FN:207,(anonymous_13)
FN:223,(anonymous_14)
FN:233,(anonymous_15)
FNF:14
FNH:0
FNDA:0,(anonymous_2)
FNDA:0,(anonymous_3)
FNDA:0,(anonymous_4)
FNDA:0,(anonymous_5)
FNDA:0,(anonymous_6)
FNDA:0,(anonymous_7)
FNDA:0,(anonymous_8)
FNDA:0,(anonymous_9)
FNDA:0,(anonymous_10)
FNDA:0,(anonymous_11)
FNDA:0,(anonymous_12)
FNDA:0,(anonymous_13)
FNDA:0,(anonymous_14)
FNDA:0,(anonymous_15)
DA:1,0
DA:2,0
DA:3,0
DA:4,0
DA:5,0
DA:16,0
DA:18,0
DA:19,0
DA:23,0
DA:27,0
DA:28,0
DA:32,0
DA:35,0
DA:39,0
DA:42,0
DA:43,0
DA:44,0
DA:45,0
DA:50,0
DA:51,0
DA:53,0
DA:54,0
DA:55,0
DA:56,0
DA:57,0
DA:67,0
DA:68,0
DA:72,0
DA:73,0
DA:77,0
DA:78,0
DA:94,0
DA:95,0
DA:96,0
DA:97,0
DA:101,0
DA:102,0
DA:103,0
DA:117,0
DA:121,0
DA:122,0
DA:123,0
DA:126,0
DA:146,0
DA:163,0
DA:165,0
DA:174,0
DA:178,0
DA:181,0
DA:191,0
DA:192,0
DA:195,0
DA:198,0
DA:199,0
DA:202,0
DA:204,0
DA:206,0
DA:207,0
DA:208,0
DA:209,0
DA:210,0
DA:218,0
DA:221,0
DA:222,0
DA:223,0
DA:224,0
DA:225,0
DA:226,0
DA:227,0
DA:229,0
DA:233,0
DA:234,0
DA:235,0
DA:236,0
LF:74
LH:0
BRDA:39,0,0,0
BRDA:44,1,0,0
BRDA:51,2,0,0
BRDA:51,2,1,0
BRDA:67,3,0,0
BRDA:77,4,0,0
BRDA:101,5,0,0
BRDA:141,6,0,0
BRDA:141,6,1,0
BRDA:173,7,0,0
BRDA:178,8,0,0
BRDA:204,9,0,0
BRDA:204,9,1,0
BRDA:206,10,0,0
BRDA:208,11,0,0
BRDA:208,11,1,0
BRDA:209,12,0,0
BRDA:209,12,1,0
BRDA:212,13,0,0
BRDA:212,13,1,0
BRDA:214,14,0,0
BRDA:214,14,1,0
BRDA:215,15,0,0
BRDA:215,15,1,0
BRDA:221,16,0,0
BRDA:224,17,0,0
BRDA:224,17,1,0
BRDA:225,18,0,0
BRDA:225,18,1,0
BRDA:226,19,0,0
BRDA:226,19,1,0
BRDA:227,20,0,0
BRDA:227,20,1,0
BRDA:227,21,0,0
BRDA:227,21,1,0
BRDA:234,22,0,0
BRDA:234,22,1,0
BRDA:235,23,0,0
BRDA:235,23,1,0
BRDA:236,24,0,0
BRDA:236,24,1,0
BRF:41
BRH:0
end_of_record
TN:
SF:src/plugins/gosea/services/smart-relay.service.ts
FN:20,(anonymous_2)
FN:22,(anonymous_3)
FN:73,(anonymous_4)
FN:93,(anonymous_5)
FN:107,(anonymous_6)
FN:122,(anonymous_7)
FN:130,(anonymous_8)
FNF:7
FNH:0
FNDA:0,(anonymous_2)
FNDA:0,(anonymous_3)
FNDA:0,(anonymous_4)
FNDA:0,(anonymous_5)
FNDA:0,(anonymous_6)
FNDA:0,(anonymous_7)
FNDA:0,(anonymous_8)
DA:1,0
DA:2,0
DA:3,0
DA:19,0
DA:20,0
DA:28,0
DA:29,0
DA:33,0
DA:34,0
DA:35,0
DA:36,0
DA:37,0
DA:39,0
DA:42,0
DA:43,0
DA:44,0
DA:46,0
DA:50,0
DA:51,0
DA:53,0
DA:54,0
DA:55,0
DA:58,0
DA:65,0
DA:66,0
DA:74,0
DA:78,0
DA:80,0
DA:81,0
DA:86,0
DA:87,0
DA:94,0
DA:98,0
DA:100,0
DA:101,0
DA:109,0
DA:115,0
DA:116,0
DA:117,0
DA:119,0
DA:123,0
DA:126,0
DA:127,0
DA:131,0
DA:132,0
DA:133,0
DA:135,0
DA:136,0
DA:137,0
DA:138,0
DA:139,0
LF:51
LH:0
BRDA:28,0,0,0
BRDA:28,0,1,0
BRDA:33,1,0,0
BRDA:37,2,0,0
BRDA:37,2,1,0
BRDA:37,3,0,0
BRDA:37,3,1,0
BRDA:42,4,0,0
BRDA:51,5,0,0
BRDA:53,6,0,0
BRDA:53,6,1,0
BRDA:65,7,0,0
BRDA:65,7,1,0
BRDA:68,8,0,0
BRDA:68,8,1,0
BRDA:78,9,0,0
BRDA:86,10,0,0
BRDA:86,10,1,0
BRDA:89,11,0,0
BRDA:89,11,1,0
BRDA:98,12,0,0
BRDA:100,13,0,0
BRDA:100,13,1,0
BRDA:103,14,0,0
BRDA:103,14,1,0
BRDA:110,15,0,0
BRDA:110,15,1,0
BRDA:111,16,0,0
BRDA:111,16,1,0
BRDA:117,17,0,0
BRDA:126,18,0,0
BRDA:127,19,0,0
BRDA:127,19,1,0
BRDA:132,20,0,0
BRDA:132,20,1,0
BRDA:132,20,2,0
BRDA:132,20,3,0
BRDA:132,20,4,0
BRF:38
BRH:0
end_of_record
TN:
SF:src/plugins/gosea/services/socks5-generate.service.ts
FN:30,(anonymous_2)
FN:35,(anonymous_3)
FN:39,(anonymous_4)
FN:43,(anonymous_5)
FN:97,(anonymous_6)
FN:201,(anonymous_7)
FN:213,(anonymous_8)
FN:221,(anonymous_9)
FN:224,(anonymous_10)
FN:228,(anonymous_11)
FN:230,(anonymous_12)
FN:246,(anonymous_13)
FNF:12
FNH:0
FNDA:0,(anonymous_2)
FNDA:0,(anonymous_3)
FNDA:0,(anonymous_4)
FNDA:0,(anonymous_5)
FNDA:0,(anonymous_6)
FNDA:0,(anonymous_7)
FNDA:0,(anonymous_8)
FNDA:0,(anonymous_9)
FNDA:0,(anonymous_10)
FNDA:0,(anonymous_11)
FNDA:0,(anonymous_12)
FNDA:0,(anonymous_13)
DA:1,0
DA:2,0
DA:3,0
DA:4,0
DA:5,0
DA:29,0
DA:31,0
DA:32,0
DA:36,0
DA:40,0
DA:44,0
DA:48,0
DA:49,0
DA:53,0
DA:55,0
DA:58,0
DA:61,0
DA:65,0
DA:66,0
DA:68,0
DA:71,0
DA:74,0
DA:76,0
DA:79,0
DA:80,0
DA:88,0
DA:89,0
DA:95,0
DA:96,0
DA:97,0
DA:98,0
DA:99,0
DA:102,0
DA:103,0
DA:106,0
DA:110,0
DA:111,0
DA:127,0
DA:128,0
DA:132,0
DA:133,0
DA:149,0
DA:150,0
DA:151,0
DA:154,0
DA:170,0
DA:185,0
DA:196,0
DA:198,0
DA:203,0
DA:213,0
DA:214,0
DA:221,0
DA:224,0
DA:225,0
DA:228,0
DA:230,0
DA:231,0
DA:232,0
DA:233,0
DA:247,0
DA:250,0
DA:253,0
DA:256,0
DA:259,0
DA:264,0
DA:267,0
DA:269,0
LF:68
LH:0
BRDA:44,0,0,0
BRDA:44,1,0,0
BRDA:48,2,0,0
BRDA:48,2,1,0
BRDA:53,3,0,0
BRDA:53,3,1,0
BRDA:58,4,0,0
BRDA:65,5,0,0
BRDA:71,6,0,0
BRDA:74,7,0,0
BRDA:74,8,0,0
BRDA:74,8,1,0
BRDA:79,9,0,0
BRDA:88,10,0,0
BRDA:96,11,0,0
BRDA:98,12,0,0
BRDA:110,13,0,0
BRDA:127,14,0,0
BRDA:127,14,1,0
BRDA:132,15,0,0
BRDA:143,16,0,0
BRDA:143,16,1,0
BRDA:165,17,0,0
BRDA:165,17,1,0
BRDA:187,18,0,0
BRDA:187,18,1,0
BRDA:217,19,0,0
BRDA:217,19,1,0
BRDA:231,20,0,0
BRDA:231,20,1,0
BRDA:232,21,0,0
BRDA:232,21,1,0
BRDA:235,22,0,0
BRDA:235,22,1,0
BRDA:236,23,0,0
BRDA:236,23,1,0
BRDA:238,24,0,0
BRDA:238,24,1,0
BRDA:250,25,0,0
BRDA:253,26,0,0
BRDA:253,26,1,0
BRDA:267,27,0,0
BRF:42
BRH:0
end_of_record
TN:
SF:src/plugins/gosea/services/socks5-pool.service.ts
FN:7,(anonymous_2)
FN:9,(anonymous_3)
FN:11,(anonymous_4)
FN:33,(anonymous_5)
FN:50,(anonymous_6)
FN:63,(anonymous_7)
FN:81,(anonymous_8)
FN:94,(anonymous_9)
FN:114,(anonymous_10)
FN:121,(anonymous_11)
FN:131,(anonymous_12)
FN:139,(anonymous_13)
FN:146,(anonymous_14)
FNF:13
FNH:0
FNDA:0,(anonymous_2)
FNDA:0,(anonymous_3)
FNDA:0,(anonymous_4)
FNDA:0,(anonymous_5)
FNDA:0,(anonymous_6)
FNDA:0,(anonymous_7)
FNDA:0,(anonymous_8)
FNDA:0,(anonymous_9)
FNDA:0,(anonymous_10)
FNDA:0,(anonymous_11)
FNDA:0,(anonymous_12)
FNDA:0,(anonymous_13)
FNDA:0,(anonymous_14)
DA:1,0
DA:2,0
DA:6,0
DA:7,0
DA:10,0
DA:12,0
DA:30,0
DA:34,0
DA:35,0
DA:38,0
DA:50,0
DA:51,0
DA:52,0
DA:60,0
DA:61,0
DA:62,0
DA:63,0
DA:64,0
DA:71,0
DA:76,0
DA:79,0
DA:81,0
DA:95,0
DA:96,0
DA:97,0
DA:100,0
DA:102,0
DA:109,0
DA:111,0
DA:115,0
DA:121,0
DA:132,0
DA:140,0
DA:147,0
DA:148,0
DA:149,0
DA:150,0
LF:37
LH:0
BRDA:22,0,0,0
BRDA:22,0,1,0
BRDA:23,1,0,0
BRDA:23,1,1,0
BRDA:42,2,0,0
BRDA:42,2,1,0
BRDA:51,3,0,0
BRDA:68,4,0,0
BRDA:68,4,1,0
BRDA:100,5,0,0
BRDA:125,6,0,0
BRDA:125,6,1,0
BRDA:126,7,0,0
BRDA:126,7,1,0
BRDA:127,8,0,0
BRDA:127,8,1,0
BRDA:127,9,0,0
BRDA:127,9,1,0
BRDA:133,10,0,0
BRDA:133,10,1,0
BRDA:133,11,0,0
BRDA:133,11,1,0
BRDA:141,12,0,0
BRDA:141,12,1,0
BRDA:141,13,0,0
BRDA:141,13,1,0
BRDA:148,14,0,0
BRDA:149,15,0,0
BRF:28
BRH:0
end_of_record
TN:
SF:src/prisma/index.ts
FNF:0
FNH:0
DA:1,0
DA:2,0
LF:2
LH:0
BRF:0
BRH:0
end_of_record
TN:
SF:src/prisma/prisma.module.ts
FNF:0
FNH:0
DA:1,3
DA:2,3
DA:9,3
LF:3
LH:3
BRF:0
BRH:0
end_of_record
TN:
SF:src/prisma/prisma.service.ts
FN:6,(anonymous_2)
FN:12,(anonymous_3)
FN:16,(anonymous_4)
FNF:3
FNH:0
FNDA:0,(anonymous_2)
FNDA:0,(anonymous_3)
FNDA:0,(anonymous_4)
DA:1,15
DA:2,15
DA:5,15
DA:7,0
DA:13,0
DA:17,0
LF:6
LH:3
BRDA:8,0,0,0
BRDA:8,0,1,0
BRF:2
BRH:0
end_of_record
TN:
SF:src/queues/cron.scheduler.ts
FN:9,(anonymous_4)
FN:28,(anonymous_5)
FN:121,(anonymous_6)
FNF:3
FNH:0
FNDA:0,(anonymous_4)
FNDA:0,(anonymous_5)
FNDA:0,(anonymous_6)
DA:1,0
DA:2,0
DA:3,0
DA:4,0
DA:5,0
DA:8,0
DA:11,0
DA:13,0
DA:15,0
DA:17,0
DA:19,0
DA:21,0
DA:23,0
DA:25,0
DA:29,0
DA:32,0
DA:35,0
DA:44,0
DA:47,0
DA:56,0
DA:59,0
DA:68,0
DA:71,0
DA:80,0
DA:83,0
DA:92,0
DA:95,0
DA:104,0
DA:107,0
DA:116,0
DA:118,0
DA:122,0
DA:132,0
DA:133,0
DA:134,0
DA:135,0
LF:36
LH:0
BRF:0
BRH:0
end_of_record
TN:
SF:src/queues/queues.module.ts
FN:19,(anonymous_1)
FNF:1
FNH:0
FNDA:0,(anonymous_1)
DA:1,0
DA:2,0
DA:3,0
DA:4,0
DA:5,0
DA:6,0
DA:7,0
DA:8,0
DA:9,0
DA:10,0
DA:11,0
DA:12,0
DA:19,0
DA:49,0
LF:14
LH:0
BRF:0
BRH:0
end_of_record
TN:
SF:src/queues/processors/client-expiry-check.processor.ts
FN:11,(anonymous_4)
FN:19,(anonymous_5)
FNF:2
FNH:0
FNDA:0,(anonymous_4)
FNDA:0,(anonymous_5)
DA:1,0
DA:3,0
DA:4,0
DA:5,0
DA:6,0
DA:10,0
DA:13,0
DA:14,0
DA:16,0
DA:20,0
DA:22,0
DA:23,0
DA:26,0
DA:34,0
DA:35,0
DA:39,0
DA:47,0
DA:48,0
DA:51,0
DA:53,0
DA:54,0
LF:21
LH:0
BRDA:34,0,0,0
BRDA:47,1,0,0
BRF:2
BRH:0
end_of_record
TN:
SF:src/queues/processors/node-health-check.processor.ts
FN:14,(anonymous_4)
FN:22,(anonymous_5)
FNF:2
FNH:0
FNDA:0,(anonymous_4)
FNDA:0,(anonymous_5)
DA:1,0
DA:3,0
DA:4,0
DA:5,0
DA:6,0
DA:10,0
DA:12,0
DA:16,0
DA:17,0
DA:19,0
DA:23,0
DA:25,0
DA:26,0
DA:29,0
DA:37,0
DA:38,0
DA:40,0
DA:43,0
DA:44,0
LF:19
LH:0
BRDA:37,0,0,0
BRDA:37,0,1,0
BRF:2
BRH:0
end_of_record
TN:
SF:src/queues/processors/online-cleanup.processor.ts
FN:15,(anonymous_4)
FN:24,(anonymous_5)
FNF:2
FNH:0
FNDA:0,(anonymous_4)
FNDA:0,(anonymous_5)
DA:1,0
DA:3,0
DA:4,0
DA:5,0
DA:6,0
DA:7,0
DA:11,0
DA:13,0
DA:17,0
DA:18,0
DA:19,0
DA:21,0
DA:25,0
DA:27,0
DA:28,0
DA:31,0
DA:32,0
DA:34,0
DA:35,0
DA:36,0
DA:37,0
DA:40,0
DA:41,0
DA:47,0
DA:49,0
DA:50,0
LF:26
LH:0
BRDA:40,0,0,0
BRF:1
BRH:0
end_of_record
TN:
SF:src/queues/processors/timeseries-aggregation.processor.ts
FN:16,(anonymous_4)
FN:25,(anonymous_5)
FN:47,(anonymous_6)
FN:53,(anonymous_7)
FN:92,(anonymous_8)
FN:130,(anonymous_9)
FNF:6
FNH:0
FNDA:0,(anonymous_4)
FNDA:0,(anonymous_5)
FNDA:0,(anonymous_6)
FNDA:0,(anonymous_7)
FNDA:0,(anonymous_8)
FNDA:0,(anonymous_9)
DA:1,0
DA:3,0
DA:4,0
DA:5,0
DA:6,0
DA:7,0
DA:15,0
DA:18,0
DA:19,0
DA:20,0
DA:22,0
DA:26,0
DA:28,0
DA:29,0
DA:32,0
DA:35,0
DA:38,0
DA:40,0
DA:42,0
DA:43,0
DA:48,0
DA:49,0
DA:50,0
DA:54,0
DA:55,0
DA:57,0
DA:58,0
DA:59,0
DA:62,0
DA:67,0
DA:68,0
DA:70,0
DA:73,0
DA:86,0
DA:93,0
DA:94,0
DA:96,0
DA:97,0
DA:98,0
DA:100,0
DA:105,0
DA:106,0
DA:108,0
DA:111,0
DA:124,0
DA:131,0
DA:132,0
DA:134,0
DA:135,0
DA:136,0
DA:138,0
DA:143,0
DA:144,0
DA:146,0
DA:149,0
DA:153,0
DA:156,0
DA:169,0
LF:58
LH:0
BRDA:67,0,0,0
BRDA:67,0,1,0
BRDA:68,1,0,0
BRDA:68,1,1,0
BRDA:70,2,0,0
BRDA:70,3,0,0
BRDA:70,3,1,0
BRDA:105,4,0,0
BRDA:105,4,1,0
BRDA:106,5,0,0
BRDA:106,5,1,0
BRDA:108,6,0,0
BRDA:108,7,0,0
BRDA:108,7,1,0
BRDA:143,8,0,0
BRDA:143,8,1,0
BRDA:144,9,0,0
BRDA:144,9,1,0
BRDA:146,10,0,0
BRDA:146,11,0,0
BRDA:146,11,1,0
BRDA:153,12,0,0
BRF:22
BRH:0
end_of_record
TN:
SF:src/queues/processors/timeseries-cleanup.processor.ts
FN:20,(anonymous_4)
FN:28,(anonymous_5)
FNF:2
FNH:0
FNDA:0,(anonymous_4)
FNDA:0,(anonymous_5)
DA:1,0
DA:3,0
DA:4,0
DA:5,0
DA:6,0
DA:14,0
DA:16,0
DA:17,0
DA:18,0
DA:22,0
DA:23,0
DA:25,0
DA:29,0
DA:31,0
DA:32,0
DA:35,0
DA:36,0
DA:41,0
DA:42,0
DA:47,0
DA:48,0
DA:52,0
DA:58,0
DA:59,0
LF:24
LH:0
BRF:0
BRH:0
end_of_record
TN:
SF:src/queues/processors/traffic-aggregation.processor.ts
FN:12,(anonymous_4)
FN:21,(anonymous_5)
FN:44,(anonymous_6)
FN:77,(anonymous_7)
FN:79,(anonymous_8)
FNF:5
FNH:0
FNDA:0,(anonymous_4)
FNDA:0,(anonymous_5)
FNDA:0,(anonymous_6)
FNDA:0,(anonymous_7)
FNDA:0,(anonymous_8)
DA:1,0
DA:3,0
DA:4,0
DA:5,0
DA:6,0
DA:7,0
DA:11,0
DA:14,0
DA:15,0
DA:16,0
DA:18,0
DA:22,0
DA:24,0
DA:25,0
DA:27,0
DA:28,0
DA:29,0
DA:32,0
DA:33,0
DA:34,0
DA:37,0
DA:39,0
DA:40,0
DA:45,0
DA:46,0
DA:49,0
DA:53,0
DA:56,0
DA:58,0
DA:59,0
DA:60,0
DA:61,0
DA:62,0
DA:63,0
DA:64,0
DA:65,0
DA:70,0
DA:73,0
DA:77,0
DA:79,0
DA:81,0
DA:82,0
DA:86,0
DA:88,0
DA:91,0
DA:97,0
DA:98,0
DA:99,0
DA:101,0
DA:126,0
LF:50
LH:0
BRDA:27,0,0,0
BRDA:46,1,0,0
BRDA:53,2,0,0
BRDA:61,3,0,0
BRDA:62,4,0,0
BRDA:62,4,1,0
BRDA:63,5,0,0
BRDA:63,5,1,0
BRDA:64,6,0,0
BRDA:64,6,1,0
BRDA:86,7,0,0
BRDA:99,8,0,0
BRF:12
BRH:0
end_of_record
TN:
SF:src/queues/processors/traffic-reset.processor.ts
FN:17,(anonymous_4)
FN:25,(anonymous_5)
FNF:2
FNH:0
FNDA:0,(anonymous_4)
FNDA:0,(anonymous_5)
DA:1,0
DA:3,0
DA:4,0
DA:5,0
DA:6,0
DA:16,0
DA:19,0
DA:20,0
DA:22,0
DA:26,0
LF:10
LH:0
BRF:0
BRH:0
end_of_record
TN:
SF:src/redis/redis.constants.ts
FNF:0
FNH:0
DA:3,6
DA:35,6
DA:45,6
LF:3
LH:3
BRF:0
BRH:0
end_of_record
TN:
SF:src/redis/redis.module.ts
FNF:0
FNH:0
DA:1,0
DA:2,0
DA:9,0
LF:3
LH:0
BRF:0
BRH:0
end_of_record
TN:
SF:src/redis/redis.service.ts
FN:45,(anonymous_3)
FN:52,(anonymous_4)
FN:61,(anonymous_5)
FN:65,(anonymous_6)
FN:69,(anonymous_7)
FN:77,(anonymous_8)
FN:81,(anonymous_9)
FN:83,(anonymous_10)
FN:91,(anonymous_11)
FN:95,(anonymous_12)
FN:99,(anonymous_13)
FN:103,(anonymous_14)
FN:111,(anonymous_15)
FN:115,(anonymous_16)
FN:123,(anonymous_17)
FN:127,(anonymous_18)
FN:135,(anonymous_19)
FN:139,(anonymous_20)
FN:143,(anonymous_21)
FN:147,(anonymous_22)
FN:151,(anonymous_23)
FN:160,(anonymous_24)
FN:168,(anonymous_25)
FN:173,(anonymous_26)
FN:188,(anonymous_27)
FN:196,(anonymous_28)
FN:205,(anonymous_29)
FN:210,(anonymous_30)
FN:216,(anonymous_31)
FN:219,(anonymous_32)
FN:227,(anonymous_33)
FN:231,(anonymous_34)
FN:235,(anonymous_35)
FN:239,(anonymous_36)
FN:247,(anonymous_37)
FN:253,(anonymous_38)
FN:257,(anonymous_39)
FN:261,(anonymous_40)
FN:266,(anonymous_41)
FN:274,(anonymous_42)
FN:314,(anonymous_43)
FN:322,(anonymous_44)
FN:332,(anonymous_45)
FN:348,(anonymous_46)
FN:369,(anonymous_47)
FN:381,(anonymous_48)
FN:384,(anonymous_49)
FN:396,(anonymous_50)
FN:397,(anonymous_51)
FNF:49
FNH:0
FNDA:0,(anonymous_3)
FNDA:0,(anonymous_4)
FNDA:0,(anonymous_5)
FNDA:0,(anonymous_6)
FNDA:0,(anonymous_7)
FNDA:0,(anonymous_8)
FNDA:0,(anonymous_9)
FNDA:0,(anonymous_10)
FNDA:0,(anonymous_11)
FNDA:0,(anonymous_12)
FNDA:0,(anonymous_13)
FNDA:0,(anonymous_14)
FNDA:0,(anonymous_15)
FNDA:0,(anonymous_16)
FNDA:0,(anonymous_17)
FNDA:0,(anonymous_18)
FNDA:0,(anonymous_19)
FNDA:0,(anonymous_20)
FNDA:0,(anonymous_21)
FNDA:0,(anonymous_22)
FNDA:0,(anonymous_23)
FNDA:0,(anonymous_24)
FNDA:0,(anonymous_25)
FNDA:0,(anonymous_26)
FNDA:0,(anonymous_27)
FNDA:0,(anonymous_28)
FNDA:0,(anonymous_29)
FNDA:0,(anonymous_30)
FNDA:0,(anonymous_31)
FNDA:0,(anonymous_32)
FNDA:0,(anonymous_33)
FNDA:0,(anonymous_34)
FNDA:0,(anonymous_35)
FNDA:0,(anonymous_36)
FNDA:0,(anonymous_37)
FNDA:0,(anonymous_38)
FNDA:0,(anonymous_39)
FNDA:0,(anonymous_40)
FNDA:0,(anonymous_41)
FNDA:0,(anonymous_42)
FNDA:0,(anonymous_43)
FNDA:0,(anonymous_44)
FNDA:0,(anonymous_45)
FNDA:0,(anonymous_46)
FNDA:0,(anonymous_47)
FNDA:0,(anonymous_48)
FNDA:0,(anonymous_49)
FNDA:0,(anonymous_50)
FNDA:0,(anonymous_51)
DA:1,6
DA:2,6
DA:3,6
DA:4,6
DA:7,6
DA:40,6
DA:45,0
DA:46,0
DA:47,0
DA:48,0
DA:49,0
DA:53,0
DA:54,0
DA:55,0
DA:62,0
DA:66,0
DA:70,0
DA:78,0
DA:82,0
DA:83,0
DA:84,0
DA:85,0
DA:92,0
DA:96,0
DA:100,0
DA:104,0
DA:112,0
DA:116,0
DA:117,0
DA:119,0
DA:124,0
DA:128,0
DA:136,0
DA:140,0
DA:144,0
DA:148,0
DA:152,0
DA:153,0
DA:161,0
DA:169,0
DA:170,0
DA:174,0
DA:175,0
DA:176,0
DA:177,0
DA:178,0
DA:179,0
DA:181,0
DA:189,0
DA:197,0
DA:198,0
DA:206,0
DA:207,0
DA:211,0
DA:212,0
DA:213,0
DA:214,0
DA:216,0
DA:220,0
DA:228,0
DA:232,0
DA:236,0
DA:240,0
DA:248,0
DA:249,0
DA:250,0
DA:254,0
DA:258,0
DA:262,0
DA:263,0
DA:267,0
DA:278,0
DA:279,0
DA:280,0
DA:282,0
DA:284,0
DA:285,0
DA:287,0
DA:288,0
DA:291,0
DA:292,0
DA:293,0
DA:295,0
DA:296,0
DA:299,0
DA:300,0
DA:304,0
DA:305,0
DA:307,0
DA:308,0
DA:311,0
DA:315,0
DA:319,0
DA:323,0
DA:324,0
DA:325,0
DA:329,0
DA:333,0
DA:341,0
DA:355,0
DA:356,0
DA:357,0
DA:358,0
DA:360,0
DA:361,0
DA:363,0
DA:365,0
DA:366,0
DA:375,0
DA:376,0
DA:377,0
DA:378,0
DA:380,0
DA:381,0
DA:389,0
DA:390,0
DA:392,0
DA:393,0
DA:396,0
DA:397,0
DA:398,0
DA:400,0
LF:122
LH:6
BRDA:84,0,0,0
BRDA:116,1,0,0
BRDA:116,1,1,0
BRDA:170,2,0,0
BRDA:170,2,1,0
BRDA:179,3,0,0
BRDA:198,4,0,0
BRDA:198,4,1,0
BRDA:213,5,0,0
BRDA:248,6,0,0
BRDA:248,6,1,0
BRDA:262,7,0,0
BRDA:262,7,1,0
BRDA:284,8,0,0
BRDA:287,9,0,0
BRDA:291,10,0,0
BRDA:292,11,0,0
BRDA:295,12,0,0
BRDA:304,13,0,0
BRDA:307,14,0,0
BRDA:319,15,0,0
BRDA:319,15,1,0
BRDA:319,16,0,0
BRDA:319,16,1,0
BRDA:329,17,0,0
BRDA:329,17,1,0
BRDA:329,18,0,0
BRDA:329,18,1,0
BRDA:355,19,0,0
BRDA:355,19,1,0
BRDA:355,19,2,0
BRDA:375,20,0,0
BRDA:375,20,1,0
BRDA:375,20,2,0
BRDA:387,21,0,0
BRDA:392,22,0,0
BRF:36
BRH:0
end_of_record
